# Logfile created on 2026-03-28 12:24:48 +0100 by logger.rb/v1.5.3
2026-03-28 12:24:48 +0100: Memory Usage (435068K) : Starting running IHP-SG13G2 KLayout DRC runset on /foss/designs/layout/layout_POR.gds
2026-03-28 12:24:48 +0100: Memory Usage (435068K) : Ruby Version for klayout: 3.2.3
2026-03-28 12:24:48 +0100: Memory Usage (436220K) : Loading database to memory is complete.
2026-03-28 12:24:48 +0100: Memory Usage (436220K) : IHP-SG13G2 KLayout DRC runset output at: /foss/designs/drc_run_layout_POR/layout_POR_layout_POR_main.lyrdb
2026-03-28 12:24:48 +0100: Memory Usage (436348K) : Evaluate switches.
2026-03-28 12:24:48 +0100: Memory Usage (436348K) : tables selected: main
2026-03-28 12:24:48 +0100: Memory Usage (436348K) : KLayout will use 1 thread(s) in tiling mode.
2026-03-28 12:24:48 +0100: Memory Usage (436348K) : deep mode is enabled.
2026-03-28 12:24:48 +0100: Memory Usage (436348K) : FEOL enabled: true
2026-03-28 12:24:48 +0100: Memory Usage (436348K) : BEOL enabled: true
2026-03-28 12:24:48 +0100: Memory Usage (436348K) : OFFGRID enabled: true
2026-03-28 12:24:48 +0100: Memory Usage (436348K) : PIN enabled: true
2026-03-28 12:24:48 +0100: Memory Usage (436348K) : FORBIDDEN enabled: true
2026-03-28 12:24:48 +0100: Memory Usage (436348K) : RECOMMENDED enabled: true
2026-03-28 12:24:48 +0100: Memory Usage (436348K) : PreCheck DRC enabled: false
2026-03-28 12:24:48 +0100: Memory Usage (436348K) : CONNECTIVITY_RULES enabled: true.
2026-03-28 12:24:48 +0100: Memory Usage (436348K) : Read in polygons from layers.
2026-03-28 12:24:49 +0100: Memory Usage (437244K) : activ_drw has 121 polygons
2026-03-28 12:24:49 +0100: Memory Usage (437244K) : activ_pin has 0 polygons
2026-03-28 12:24:49 +0100: Memory Usage (437244K) : activ_mask has 0 polygons
2026-03-28 12:24:49 +0100: Memory Usage (437244K) : activ_filler has 0 polygons
2026-03-28 12:24:49 +0100: Memory Usage (437244K) : activ_nofill has 0 polygons
2026-03-28 12:24:49 +0100: Memory Usage (437244K) : activ_opc has 0 polygons
2026-03-28 12:24:49 +0100: Memory Usage (437244K) : activ_iopc has 0 polygons
2026-03-28 12:24:49 +0100: Memory Usage (437244K) : activ_noqrc has 0 polygons
2026-03-28 12:24:49 +0100: Memory Usage (437244K) : biwind_drw has 0 polygons
2026-03-28 12:24:49 +0100: Memory Usage (437244K) : biwind_opc has 0 polygons
2026-03-28 12:24:49 +0100: Memory Usage (437244K) : pemwind_drw has 0 polygons
2026-03-28 12:24:49 +0100: Memory Usage (437244K) : gatpoly_drw has 212 polygons
2026-03-28 12:24:49 +0100: Memory Usage (437244K) : gatpoly_pin has 12 polygons
2026-03-28 12:24:49 +0100: Memory Usage (437244K) : gatpoly_filler has 0 polygons
2026-03-28 12:24:49 +0100: Memory Usage (437244K) : gatpoly_nofill has 0 polygons
2026-03-28 12:24:49 +0100: Memory Usage (437244K) : gatpoly_opc has 0 polygons
2026-03-28 12:24:49 +0100: Memory Usage (437244K) : gatpoly_iopc has 0 polygons
2026-03-28 12:24:49 +0100: Memory Usage (437244K) : gatpoly_noqrc has 0 polygons
2026-03-28 12:24:49 +0100: Memory Usage (437372K) : cont_drw has 1038 polygons
2026-03-28 12:24:49 +0100: Memory Usage (437372K) : cont_opc has 0 polygons
2026-03-28 12:24:49 +0100: Memory Usage (437372K) : nsd_drw has 0 polygons
2026-03-28 12:24:49 +0100: Memory Usage (437372K) : nsd_block has 0 polygons
2026-03-28 12:24:49 +0100: Memory Usage (437372K) : metal1_drw has 283 polygons
2026-03-28 12:24:49 +0100: Memory Usage (437372K) : metal1_pin has 99 polygons
2026-03-28 12:24:49 +0100: Memory Usage (437372K) : metal1_mask has 0 polygons
2026-03-28 12:24:49 +0100: Memory Usage (437372K) : metal1_filler has 0 polygons
2026-03-28 12:24:49 +0100: Memory Usage (437372K) : metal1_nofill has 0 polygons
2026-03-28 12:24:49 +0100: Memory Usage (437372K) : metal1_slit has 0 polygons
2026-03-28 12:24:49 +0100: Memory Usage (437500K) : metal1_text has 1 polygons
2026-03-28 12:24:49 +0100: Memory Usage (437500K) : metal1_opc has 0 polygons
2026-03-28 12:24:49 +0100: Memory Usage (437500K) : metal1_noqrc has 0 polygons
2026-03-28 12:24:49 +0100: Memory Usage (437500K) : metal1_res has 0 polygons
2026-03-28 12:24:49 +0100: Memory Usage (437500K) : metal1_iprobe has 0 polygons
2026-03-28 12:24:49 +0100: Memory Usage (437500K) : metal1_diffprb has 0 polygons
2026-03-28 12:24:49 +0100: Memory Usage (437500K) : passiv_drw has 0 polygons
2026-03-28 12:24:49 +0100: Memory Usage (437500K) : passiv_pin has 0 polygons
2026-03-28 12:24:49 +0100: Memory Usage (437500K) : passiv_sbump has 0 polygons
2026-03-28 12:24:49 +0100: Memory Usage (437500K) : passiv_pillar has 0 polygons
2026-03-28 12:24:49 +0100: Memory Usage (437500K) : passiv_pdl has 0 polygons
2026-03-28 12:24:49 +0100: Memory Usage (437500K) : metal2_drw has 71 polygons
2026-03-28 12:24:49 +0100: Memory Usage (437500K) : metal2_pin has 3 polygons
2026-03-28 12:24:49 +0100: Memory Usage (437500K) : metal2_mask has 0 polygons
2026-03-28 12:24:49 +0100: Memory Usage (437500K) : metal2_filler has 0 polygons
2026-03-28 12:24:49 +0100: Memory Usage (437500K) : metal2_nofill has 0 polygons
2026-03-28 12:24:49 +0100: Memory Usage (437500K) : metal2_slit has 0 polygons
2026-03-28 12:24:49 +0100: Memory Usage (437500K) : metal2_text has 3 polygons
2026-03-28 12:24:49 +0100: Memory Usage (437500K) : metal2_opc has 0 polygons
2026-03-28 12:24:49 +0100: Memory Usage (437500K) : metal2_noqrc has 0 polygons
2026-03-28 12:24:49 +0100: Memory Usage (437500K) : metal2_res has 0 polygons
2026-03-28 12:24:49 +0100: Memory Usage (437500K) : metal2_iprobe has 0 polygons
2026-03-28 12:24:49 +0100: Memory Usage (437500K) : metal2_diffprb has 0 polygons
2026-03-28 12:24:49 +0100: Memory Usage (437500K) : baspoly_drw has 0 polygons
2026-03-28 12:24:49 +0100: Memory Usage (437500K) : baspoly_pin has 0 polygons
2026-03-28 12:24:49 +0100: Memory Usage (437500K) : psd_drw has 155 polygons
2026-03-28 12:24:49 +0100: Memory Usage (437500K) : nldb_drw has 0 polygons
2026-03-28 12:24:49 +0100: Memory Usage (437500K) : digibnd_drw has 0 polygons
2026-03-28 12:24:49 +0100: Memory Usage (437500K) : via1_drw has 182 polygons
2026-03-28 12:24:49 +0100: Memory Usage (437500K) : backmetal1_drw has 0 polygons
2026-03-28 12:24:49 +0100: Memory Usage (437500K) : backmetal1_pin has 0 polygons
2026-03-28 12:24:49 +0100: Memory Usage (437756K) : backmetal1_mask has 0 polygons
2026-03-28 12:24:49 +0100: Memory Usage (437756K) : backmetal1_filler has 0 polygons
2026-03-28 12:24:49 +0100: Memory Usage (437756K) : backmetal1_nofill has 0 polygons
2026-03-28 12:24:49 +0100: Memory Usage (437756K) : backmetal1_slit has 0 polygons
2026-03-28 12:24:49 +0100: Memory Usage (437756K) : backmetal1_text has 0 polygons
2026-03-28 12:24:49 +0100: Memory Usage (437756K) : backmetal1_opc has 0 polygons
2026-03-28 12:24:49 +0100: Memory Usage (437884K) : backmetal1_noqrc has 0 polygons
2026-03-28 12:24:49 +0100: Memory Usage (437884K) : backmetal1_res has 0 polygons
2026-03-28 12:24:49 +0100: Memory Usage (437884K) : backmetal1_iprobe has 0 polygons
2026-03-28 12:24:49 +0100: Memory Usage (437884K) : backmetal1_diffprb has 0 polygons
2026-03-28 12:24:49 +0100: Memory Usage (437884K) : backpassiv_drw has 0 polygons
2026-03-28 12:24:49 +0100: Memory Usage (437884K) : res_drw has 0 polygons
2026-03-28 12:24:49 +0100: Memory Usage (437884K) : sram_drw has 0 polygons
2026-03-28 12:24:49 +0100: Memory Usage (437884K) : trans_drw has 0 polygons
2026-03-28 12:24:49 +0100: Memory Usage (437884K) : ind_drw has 0 polygons
2026-03-28 12:24:49 +0100: Memory Usage (437884K) : ind_pin has 0 polygons
2026-03-28 12:24:49 +0100: Memory Usage (437884K) : ind_text has 0 polygons
2026-03-28 12:24:49 +0100: Memory Usage (437884K) : salblock_drw has 37 polygons
2026-03-28 12:24:49 +0100: Memory Usage (437884K) : via2_drw has 161 polygons
2026-03-28 12:24:50 +0100: Memory Usage (437884K) : metal3_drw has 62 polygons
2026-03-28 12:24:50 +0100: Memory Usage (437884K) : metal3_pin has 0 polygons
2026-03-28 12:24:50 +0100: Memory Usage (437884K) : metal3_mask has 0 polygons
2026-03-28 12:24:50 +0100: Memory Usage (437884K) : metal3_filler has 0 polygons
2026-03-28 12:24:50 +0100: Memory Usage (437884K) : metal3_nofill has 0 polygons
2026-03-28 12:24:50 +0100: Memory Usage (437884K) : metal3_slit has 0 polygons
2026-03-28 12:24:50 +0100: Memory Usage (437884K) : metal3_text has 0 polygons
2026-03-28 12:24:50 +0100: Memory Usage (437884K) : metal3_opc has 0 polygons
2026-03-28 12:24:50 +0100: Memory Usage (437884K) : metal3_noqrc has 0 polygons
2026-03-28 12:24:50 +0100: Memory Usage (437884K) : metal3_res has 0 polygons
2026-03-28 12:24:50 +0100: Memory Usage (437884K) : metal3_iprobe has 0 polygons
2026-03-28 12:24:50 +0100: Memory Usage (437884K) : metal3_diffprb has 0 polygons
2026-03-28 12:24:50 +0100: Memory Usage (437884K) : nwell_drw has 13 polygons
2026-03-28 12:24:50 +0100: Memory Usage (437884K) : nwell_pin has 0 polygons
2026-03-28 12:24:50 +0100: Memory Usage (437884K) : nbulay_drw has 12 polygons
2026-03-28 12:24:50 +0100: Memory Usage (437884K) : nbulay_pin has 0 polygons
2026-03-28 12:24:50 +0100: Memory Usage (437884K) : nbulay_block has 0 polygons
2026-03-28 12:24:50 +0100: Memory Usage (437884K) : emwind_drw has 0 polygons
2026-03-28 12:24:50 +0100: Memory Usage (437884K) : emwind_opc has 0 polygons
2026-03-28 12:24:50 +0100: Memory Usage (437884K) : deepco_drw has 0 polygons
2026-03-28 12:24:50 +0100: Memory Usage (437884K) : deepco_drw has 0 polygons
2026-03-28 12:24:50 +0100: Memory Usage (437884K) : mim_drw has 2 polygons
2026-03-28 12:24:50 +0100: Memory Usage (437884K) : edgeseal_drw has 0 polygons
2026-03-28 12:24:50 +0100: Memory Usage (437884K) : edgeseal_bound has 0 polygons
2026-03-28 12:24:50 +0100: Memory Usage (437884K) : substrate_drw has 44 polygons
2026-03-28 12:24:50 +0100: Memory Usage (437884K) : substrate_text has 0 polygons
2026-03-28 12:24:50 +0100: Memory Usage (437884K) : dfpad_drw has 0 polygons
2026-03-28 12:24:50 +0100: Memory Usage (437884K) : dfpad_pillar has 0 polygons
2026-03-28 12:24:50 +0100: Memory Usage (437884K) : dfpad_sbump has 0 polygons
2026-03-28 12:24:50 +0100: Memory Usage (437884K) : thickgateox_drw has 0 polygons
2026-03-28 12:24:50 +0100: Memory Usage (437884K) : pldb_drw has 0 polygons
2026-03-28 12:24:50 +0100: Memory Usage (437884K) : pwell_drw has 0 polygons
2026-03-28 12:24:50 +0100: Memory Usage (437884K) : pwell_pin has 0 polygons
2026-03-28 12:24:50 +0100: Memory Usage (437884K) : pwell_block has 0 polygons
2026-03-28 12:24:50 +0100: Memory Usage (437884K) : ic_drw has 0 polygons
2026-03-28 12:24:50 +0100: Memory Usage (437884K) : via3_drw has 24 polygons
2026-03-28 12:24:50 +0100: Memory Usage (437884K) : metal4_drw has 9 polygons
2026-03-28 12:24:50 +0100: Memory Usage (437884K) : metal4_pin has 1 polygons
2026-03-28 12:24:50 +0100: Memory Usage (437884K) : metal4_mask has 0 polygons
2026-03-28 12:24:50 +0100: Memory Usage (437884K) : metal4_filler has 0 polygons
2026-03-28 12:24:50 +0100: Memory Usage (437884K) : metal4_nofill has 0 polygons
2026-03-28 12:24:50 +0100: Memory Usage (437884K) : metal4_slit has 0 polygons
2026-03-28 12:24:50 +0100: Memory Usage (437884K) : metal4_text has 1 polygons
2026-03-28 12:24:50 +0100: Memory Usage (437884K) : metal4_opc has 0 polygons
2026-03-28 12:24:50 +0100: Memory Usage (437884K) : metal4_noqrc has 0 polygons
2026-03-28 12:24:50 +0100: Memory Usage (437884K) : metal4_res has 0 polygons
2026-03-28 12:24:50 +0100: Memory Usage (437884K) : metal4_iprobe has 0 polygons
2026-03-28 12:24:50 +0100: Memory Usage (437884K) : metal4_diffprb has 0 polygons
2026-03-28 12:24:50 +0100: Memory Usage (437884K) : heattrans_drw has 22 polygons
2026-03-28 12:24:50 +0100: Memory Usage (437884K) : heatres_drw has 37 polygons
2026-03-28 12:24:50 +0100: Memory Usage (437884K) : pempoly_drw has 0 polygons
2026-03-28 12:24:50 +0100: Memory Usage (437884K) : fbe_drw has 0 polygons
2026-03-28 12:24:50 +0100: Memory Usage (437884K) : empoly_drw has 0 polygons
2026-03-28 12:24:50 +0100: Memory Usage (437884K) : ldmos_drw has 0 polygons
2026-03-28 12:24:50 +0100: Memory Usage (437884K) : pbiwind_drw has 0 polygons
2026-03-28 12:24:50 +0100: Memory Usage (437884K) : digisub_drw has 0 polygons
2026-03-28 12:24:50 +0100: Memory Usage (437884K) : nodrc_drw has 0 polygons
2026-03-28 12:24:50 +0100: Memory Usage (437884K) : text_drw has 68 polygons
2026-03-28 12:24:50 +0100: Memory Usage (437884K) : via4_drw has 16 polygons
2026-03-28 12:24:50 +0100: Memory Usage (437884K) : metal5_drw has 7 polygons
2026-03-28 12:24:50 +0100: Memory Usage (437884K) : metal5_pin has 0 polygons
2026-03-28 12:24:50 +0100: Memory Usage (437884K) : metal5_mask has 0 polygons
2026-03-28 12:24:50 +0100: Memory Usage (437884K) : metal5_filler has 0 polygons
2026-03-28 12:24:51 +0100: Memory Usage (437884K) : metal5_nofill has 0 polygons
2026-03-28 12:24:51 +0100: Memory Usage (437884K) : metal5_slit has 0 polygons
2026-03-28 12:24:51 +0100: Memory Usage (437884K) : metal5_text has 0 polygons
2026-03-28 12:24:51 +0100: Memory Usage (437884K) : metal5_opc has 0 polygons
2026-03-28 12:24:51 +0100: Memory Usage (437884K) : metal5_noqrc has 0 polygons
2026-03-28 12:24:51 +0100: Memory Usage (437884K) : metal5_res has 0 polygons
2026-03-28 12:24:51 +0100: Memory Usage (437884K) : metal5_iprobe has 0 polygons
2026-03-28 12:24:51 +0100: Memory Usage (437884K) : metal5_diffprb has 0 polygons
2026-03-28 12:24:51 +0100: Memory Usage (437884K) : radhard_drw has 0 polygons
2026-03-28 12:24:51 +0100: Memory Usage (437884K) : memcap_drw has 0 polygons
2026-03-28 12:24:51 +0100: Memory Usage (437884K) : varicap_drw has 0 polygons
2026-03-28 12:24:51 +0100: Memory Usage (437884K) : flash_drw has 0 polygons
2026-03-28 12:24:51 +0100: Memory Usage (437884K) : intbondvia_drw has 0 polygons
2026-03-28 12:24:51 +0100: Memory Usage (437884K) : intbondmet_drw has 0 polygons
2026-03-28 12:24:51 +0100: Memory Usage (437884K) : devbondvia_drw has 0 polygons
2026-03-28 12:24:51 +0100: Memory Usage (437884K) : devbondmet_drw has 0 polygons
2026-03-28 12:24:51 +0100: Memory Usage (437884K) : devtrench_drw has 0 polygons
2026-03-28 12:24:51 +0100: Memory Usage (437884K) : redist_drw has 0 polygons
2026-03-28 12:24:51 +0100: Memory Usage (437884K) : graphbot_drw has 0 polygons
2026-03-28 12:24:51 +0100: Memory Usage (437884K) : graphtop_drw has 0 polygons
2026-03-28 12:24:51 +0100: Memory Usage (437884K) : antvia1_drw has 0 polygons
2026-03-28 12:24:51 +0100: Memory Usage (437884K) : antmetal2_drw has 0 polygons
2026-03-28 12:24:51 +0100: Memory Usage (438012K) : graphcont_drw has 0 polygons
2026-03-28 12:24:51 +0100: Memory Usage (438012K) : siwg_drw has 0 polygons
2026-03-28 12:24:51 +0100: Memory Usage (438012K) : siwg_filler has 0 polygons
2026-03-28 12:24:51 +0100: Memory Usage (438140K) : siwg_nofill has 0 polygons
2026-03-28 12:24:51 +0100: Memory Usage (438140K) : sigrating_drw has 0 polygons
2026-03-28 12:24:51 +0100: Memory Usage (438140K) : singrating_drw has 0 polygons
2026-03-28 12:24:51 +0100: Memory Usage (438140K) : graphpas_drw has 0 polygons
2026-03-28 12:24:51 +0100: Memory Usage (438268K) : emwind3_drw has 0 polygons
2026-03-28 12:24:51 +0100: Memory Usage (438268K) : emwihv3_drw has 0 polygons
2026-03-28 12:24:51 +0100: Memory Usage (438268K) : redbulay_drw has 0 polygons
2026-03-28 12:24:51 +0100: Memory Usage (438268K) : smos_drw has 0 polygons
2026-03-28 12:24:51 +0100: Memory Usage (438268K) : graphpad_drw has 0 polygons
2026-03-28 12:24:51 +0100: Memory Usage (438268K) : polimide_drw has 0 polygons
2026-03-28 12:24:51 +0100: Memory Usage (438268K) : polimide_pin has 0 polygons
2026-03-28 12:24:51 +0100: Memory Usage (438268K) : recog_drw has 0 polygons
2026-03-28 12:24:51 +0100: Memory Usage (438268K) : recog_pin has 0 polygons
2026-03-28 12:24:51 +0100: Memory Usage (438268K) : recog_esd has 0 polygons
2026-03-28 12:24:51 +0100: Memory Usage (438268K) : recog_diode has 0 polygons
2026-03-28 12:24:51 +0100: Memory Usage (438268K) : recog_tsv has 0 polygons
2026-03-28 12:24:51 +0100: Memory Usage (438268K) : recog_iprobe has 0 polygons
2026-03-28 12:24:51 +0100: Memory Usage (438268K) : recog_diffprb has 0 polygons
2026-03-28 12:24:51 +0100: Memory Usage (438268K) : recog_pillar has 0 polygons
2026-03-28 12:24:51 +0100: Memory Usage (438268K) : recog_sbump has 0 polygons
2026-03-28 12:24:51 +0100: Memory Usage (438268K) : recog_otp has 0 polygons
2026-03-28 12:24:51 +0100: Memory Usage (438268K) : recog_pdiode has 0 polygons
2026-03-28 12:24:51 +0100: Memory Usage (438268K) : recog_mom has 0 polygons
2026-03-28 12:24:51 +0100: Memory Usage (438268K) : recog_pcm has 0 polygons
2026-03-28 12:24:51 +0100: Memory Usage (438268K) : colopen_drw has 0 polygons
2026-03-28 12:24:51 +0100: Memory Usage (438268K) : graphmetal1_drw has 0 polygons
2026-03-28 12:24:51 +0100: Memory Usage (438268K) : graphmetal1_filler has 0 polygons
2026-03-28 12:24:51 +0100: Memory Usage (438268K) : graphmetal1_nofill has 0 polygons
2026-03-28 12:24:51 +0100: Memory Usage (438268K) : graphmetal1_slit has 0 polygons
2026-03-28 12:24:51 +0100: Memory Usage (438268K) : graphmetal1_opc has 0 polygons
2026-03-28 12:24:51 +0100: Memory Usage (438268K) : graphmet1l_drw has 0 polygons
2026-03-28 12:24:51 +0100: Memory Usage (438268K) : graphmet1l_filler has 0 polygons
2026-03-28 12:24:51 +0100: Memory Usage (438268K) : graphmet1l_nofill has 0 polygons
2026-03-28 12:24:51 +0100: Memory Usage (438268K) : graphmet1l_slit has 0 polygons
2026-03-28 12:24:51 +0100: Memory Usage (438268K) : graphmet1l_opc has 0 polygons
2026-03-28 12:24:51 +0100: Memory Usage (438268K) : extblock_drw has 111 polygons
2026-03-28 12:24:51 +0100: Memory Usage (438268K) : nldd_drw has 0 polygons
2026-03-28 12:24:51 +0100: Memory Usage (438268K) : pldd_drw has 0 polygons
2026-03-28 12:24:51 +0100: Memory Usage (438268K) : next_drw has 0 polygons
2026-03-28 12:24:51 +0100: Memory Usage (438268K) : pext_drw has 0 polygons
2026-03-28 12:24:51 +0100: Memory Usage (438268K) : nexthv_drw has 0 polygons
2026-03-28 12:24:51 +0100: Memory Usage (438268K) : pexthv_drw has 0 polygons
2026-03-28 12:24:51 +0100: Memory Usage (438268K) : graphgate_drw has 0 polygons
2026-03-28 12:24:51 +0100: Memory Usage (438268K) : sinwg_drw has 0 polygons
2026-03-28 12:24:51 +0100: Memory Usage (438268K) : sinwg_filler has 0 polygons
2026-03-28 12:24:51 +0100: Memory Usage (438268K) : sinwg_nofill has 0 polygons
2026-03-28 12:24:51 +0100: Memory Usage (438268K) : mempad_drw has 0 polygons
2026-03-28 12:24:51 +0100: Memory Usage (438268K) : topvia1_drw has 3 polygons
2026-03-28 12:24:51 +0100: Memory Usage (438268K) : topmetal1_drw has 6 polygons
2026-03-28 12:24:51 +0100: Memory Usage (438268K) : topmetal1_pin has 0 polygons
2026-03-28 12:24:51 +0100: Memory Usage (438268K) : topmetal1_mask has 0 polygons
2026-03-28 12:24:51 +0100: Memory Usage (438268K) : topmetal1_filler has 0 polygons
2026-03-28 12:24:51 +0100: Memory Usage (438268K) : topmetal1_nofill has 0 polygons
2026-03-28 12:24:51 +0100: Memory Usage (438268K) : topmetal1_slit has 0 polygons
2026-03-28 12:24:51 +0100: Memory Usage (438268K) : topmetal1_text has 0 polygons
2026-03-28 12:24:51 +0100: Memory Usage (438268K) : topmetal1_noqrc has 0 polygons
2026-03-28 12:24:51 +0100: Memory Usage (438268K) : topmetal1_res has 0 polygons
2026-03-28 12:24:51 +0100: Memory Usage (438268K) : topmetal1_iprobe has 0 polygons
2026-03-28 12:24:51 +0100: Memory Usage (438268K) : topmetal1_diffprb has 0 polygons
2026-03-28 12:24:51 +0100: Memory Usage (438268K) : inldpwl_drw has 0 polygons
2026-03-28 12:24:51 +0100: Memory Usage (438268K) : polyres_drw has 37 polygons
2026-03-28 12:24:51 +0100: Memory Usage (438268K) : polyres_pin has 0 polygons
2026-03-28 12:24:51 +0100: Memory Usage (438268K) : vmim_drw has 1530 polygons
2026-03-28 12:24:51 +0100: Memory Usage (438396K) : nbulaycut_drw has 0 polygons
2026-03-28 12:24:51 +0100: Memory Usage (438396K) : antmetal1_drw has 0 polygons
2026-03-28 12:24:51 +0100: Memory Usage (438396K) : topvia2_drw has 2 polygons
2026-03-28 12:24:52 +0100: Memory Usage (438396K) : topmetal2_drw has 3 polygons
2026-03-28 12:24:52 +0100: Memory Usage (438396K) : topmetal2_pin has 0 polygons
2026-03-28 12:24:52 +0100: Memory Usage (438396K) : topmetal2_mask has 0 polygons
2026-03-28 12:24:52 +0100: Memory Usage (438396K) : topmetal2_filler has 0 polygons
2026-03-28 12:24:52 +0100: Memory Usage (438396K) : topmetal2_nofill has 0 polygons
2026-03-28 12:24:52 +0100: Memory Usage (438396K) : topmetal2_slit has 0 polygons
2026-03-28 12:24:52 +0100: Memory Usage (438396K) : topmetal2_text has 0 polygons
2026-03-28 12:24:52 +0100: Memory Usage (438396K) : topmetal2_noqrc has 0 polygons
2026-03-28 12:24:52 +0100: Memory Usage (438396K) : topmetal2_res has 0 polygons
2026-03-28 12:24:52 +0100: Memory Usage (438396K) : topmetal2_iprobe has 0 polygons
2026-03-28 12:24:52 +0100: Memory Usage (438396K) : topmetal2_diffprb has 0 polygons
2026-03-28 12:24:52 +0100: Memory Usage (438396K) : snsring_drw has 0 polygons
2026-03-28 12:24:52 +0100: Memory Usage (438396K) : sensor_drw has 0 polygons
2026-03-28 12:24:52 +0100: Memory Usage (438396K) : snsarms_drw has 0 polygons
2026-03-28 12:24:52 +0100: Memory Usage (438396K) : snscmosvia_drw has 0 polygons
2026-03-28 12:24:52 +0100: Memory Usage (438396K) : colwind_drw has 0 polygons
2026-03-28 12:24:52 +0100: Memory Usage (438396K) : flm_drw has 0 polygons
2026-03-28 12:24:52 +0100: Memory Usage (438396K) : hafniumox_drw has 0 polygons
2026-03-28 12:24:52 +0100: Memory Usage (438396K) : memvia_drw has 0 polygons
2026-03-28 12:24:52 +0100: Memory Usage (438396K) : thinfilmres_drw has 0 polygons
2026-03-28 12:24:52 +0100: Memory Usage (438396K) : rfmem_drw has 0 polygons
2026-03-28 12:24:52 +0100: Memory Usage (438396K) : norcx_drw has 0 polygons
2026-03-28 12:24:52 +0100: Memory Usage (438396K) : norcx_m2m3 has 0 polygons
2026-03-28 12:24:52 +0100: Memory Usage (438396K) : norcx_m2m4 has 0 polygons
2026-03-28 12:24:52 +0100: Memory Usage (438396K) : norcx_m2m5 has 0 polygons
2026-03-28 12:24:52 +0100: Memory Usage (438396K) : norcx_m2tm1 has 0 polygons
2026-03-28 12:24:52 +0100: Memory Usage (438396K) : norcx_m2tm2 has 0 polygons
2026-03-28 12:24:52 +0100: Memory Usage (438396K) : norcx_m3m4 has 0 polygons
2026-03-28 12:24:52 +0100: Memory Usage (438396K) : norcx_m3m5 has 0 polygons
2026-03-28 12:24:52 +0100: Memory Usage (438396K) : norcx_m3tm1 has 0 polygons
2026-03-28 12:24:52 +0100: Memory Usage (438396K) : norcx_m3tm2 has 0 polygons
2026-03-28 12:24:52 +0100: Memory Usage (438396K) : norcx_m4m5 has 0 polygons
2026-03-28 12:24:52 +0100: Memory Usage (438396K) : norcx_m4tm1 has 0 polygons
2026-03-28 12:24:52 +0100: Memory Usage (438396K) : norcx_m4tm2 has 0 polygons
2026-03-28 12:24:52 +0100: Memory Usage (438396K) : norcx_m5tm1 has 0 polygons
2026-03-28 12:24:52 +0100: Memory Usage (438396K) : norcx_m5tm2 has 0 polygons
2026-03-28 12:24:52 +0100: Memory Usage (438396K) : norcx_tm1tm2 has 0 polygons
2026-03-28 12:24:52 +0100: Memory Usage (438396K) : norcx_m1sub has 0 polygons
2026-03-28 12:24:52 +0100: Memory Usage (438396K) : norcx_m2sub has 0 polygons
2026-03-28 12:24:52 +0100: Memory Usage (438396K) : norcx_m3sub has 0 polygons
2026-03-28 12:24:52 +0100: Memory Usage (438396K) : norcx_m4sub has 0 polygons
2026-03-28 12:24:52 +0100: Memory Usage (438396K) : norcx_m5sub has 0 polygons
2026-03-28 12:24:52 +0100: Memory Usage (438396K) : norcx_tm1sub has 0 polygons
2026-03-28 12:24:52 +0100: Memory Usage (438396K) : norcx_tm2sub has 0 polygons
2026-03-28 12:24:52 +0100: Memory Usage (438396K) : snsbotvia_drw has 0 polygons
2026-03-28 12:24:52 +0100: Memory Usage (438396K) : snstopvia_drw has 0 polygons
2026-03-28 12:24:52 +0100: Memory Usage (438396K) : deepvia_drw has 0 polygons
2026-03-28 12:24:52 +0100: Memory Usage (438396K) : fgetch_drw has 0 polygons
2026-03-28 12:24:52 +0100: Memory Usage (438396K) : ctrgat_drw has 0 polygons
2026-03-28 12:24:52 +0100: Memory Usage (438396K) : fgimp_drw has 0 polygons
2026-03-28 12:24:52 +0100: Memory Usage (438396K) : emwihv_drw has 0 polygons
2026-03-28 12:24:52 +0100: Memory Usage (438396K) : lbe_drw has 0 polygons
2026-03-28 12:24:52 +0100: Memory Usage (438396K) : alcustop_drw has 0 polygons
2026-03-28 12:24:52 +0100: Memory Usage (438396K) : nometfiller_drw has 0 polygons
2026-03-28 12:24:52 +0100: Memory Usage (438396K) : prboundary_drw has 0 polygons
2026-03-28 12:24:52 +0100: Memory Usage (438396K) : exchange0_drw has 0 polygons
2026-03-28 12:24:52 +0100: Memory Usage (438396K) : exchange0_pin has 0 polygons
2026-03-28 12:24:52 +0100: Memory Usage (438396K) : exchange0_text has 0 polygons
2026-03-28 12:24:52 +0100: Memory Usage (438396K) : exchange1_drw has 0 polygons
2026-03-28 12:24:52 +0100: Memory Usage (438524K) : exchange1_pin has 0 polygons
2026-03-28 12:24:52 +0100: Memory Usage (438524K) : exchange1_text has 0 polygons
2026-03-28 12:24:52 +0100: Memory Usage (438524K) : exchange2_drw has 0 polygons
2026-03-28 12:24:52 +0100: Memory Usage (438524K) : exchange2_pin has 0 polygons
2026-03-28 12:24:52 +0100: Memory Usage (438652K) : exchange2_text has 0 polygons
2026-03-28 12:24:52 +0100: Memory Usage (438652K) : exchange3_drw has 0 polygons
2026-03-28 12:24:52 +0100: Memory Usage (438780K) : exchange3_pin has 0 polygons
2026-03-28 12:24:52 +0100: Memory Usage (438780K) : exchange3_text has 0 polygons
2026-03-28 12:24:52 +0100: Memory Usage (438780K) : exchange4_drw has 0 polygons
2026-03-28 12:24:52 +0100: Memory Usage (438780K) : exchange4_pin has 0 polygons
2026-03-28 12:24:52 +0100: Memory Usage (438780K) : exchange4_text has 0 polygons
2026-03-28 12:24:52 +0100: Memory Usage (438780K) : isonwell_drw has 0 polygons
2026-03-28 12:24:52 +0100: Memory Usage (438780K) : Total no. of polygons in the design is 4388
2026-03-28 12:24:52 +0100: Memory Usage (438780K) : Loaded TECH DRC rules values from /foss/pdks/ihp-sg13g2/libs.tech/klayout/python/sg13g2_pycell_lib/sg13g2_tech_mod.json
2026-03-28 12:24:52 +0100: Memory Usage (438780K) : Loaded default DRC rules values from /foss/pdks/ihp-sg13g2/libs.tech/klayout/tech/drc/rule_decks/sg13g2_tech_default.json
2026-03-28 12:24:52 +0100: Memory Usage (438780K) : The following rules values were missing in tech json and default values were used:
2026-03-28 12:24:52 +0100: Memory Usage (438780K) :   - Cnt_c_digibnd
2026-03-28 12:24:53 +0100: Memory Usage (439804K) : Total area of the design is 7359.45615 um^2.
2026-03-28 12:24:53 +0100: Memory Usage (439804K) : The design dimensions are 85.59 µm * 85.985 µm.
2026-03-28 12:24:53 +0100: Memory Usage (439804K) : Starting general IHP-SG13G2 derivations.
2026-03-28 12:24:53 +0100: Memory Usage (439804K) : Starting Pwell derivations
2026-03-28 12:24:54 +0100: Memory Usage (441596K) : Starting n-Activ derivations
2026-03-28 12:24:55 +0100: Memory Usage (442236K) : Starting p-Activ derivations
2026-03-28 12:24:55 +0100: Memory Usage (442236K) : Starting ptap derivations
2026-03-28 12:24:55 +0100: Memory Usage (442236K) : Starting ntap derivations
2026-03-28 12:24:55 +0100: Memory Usage (442236K) : Starting pact FET derivations
2026-03-28 12:24:55 +0100: Memory Usage (442236K) : Starting nact FET derivations
2026-03-28 12:24:55 +0100: Memory Usage (442236K) : Starting Gate derivations
2026-03-28 12:24:55 +0100: Memory Usage (442236K) : Starting cont/contbar general derivations
2026-03-28 12:24:55 +0100: Memory Usage (442364K) : Starting pad general derivations
2026-03-28 12:24:55 +0100: Memory Usage (442364K) : Starting IHP-SG13G2 DRC connectivity related derivations.
2026-03-28 12:24:56 +0100: Memory Usage (442876K) : Starting IHP-SG13G2 DRC connectivity setup
2026-03-28 12:24:56 +0100: Memory Usage (443132K) : Starting IHP-SG13G2 DRC rules.
2026-03-28 12:24:56 +0100: Memory Usage (443132K) : Running all FEOL rules
2026-03-28 12:24:56 +0100: Memory Usage (443132K) : Running all BEOL rules
2026-03-28 12:24:56 +0100: Memory Usage (443132K) : Running all PIN rules
2026-03-28 12:24:56 +0100: Memory Usage (443132K) : Running all FORBIDDEN rules
2026-03-28 12:24:56 +0100: Memory Usage (443132K) : Starting 5.1 NWell table
2026-03-28 12:24:56 +0100: Memory Usage (443132K) : Executing rule NW.b
2026-03-28 12:24:56 +0100: Memory Usage (443772K) : Executing rule NW.b1
2026-03-28 12:24:56 +0100: Memory Usage (443900K) : Starting 5.2 PWell:block
2026-03-28 12:24:56 +0100: Memory Usage (443900K) : Executing rule PWB.e
2026-03-28 12:24:56 +0100: Memory Usage (443900K) : Executing rule PWB.e1
2026-03-28 12:24:56 +0100: Memory Usage (443900K) : Executing rule PWB.f
2026-03-28 12:24:56 +0100: Memory Usage (443900K) : Executing rule PWB.f1
2026-03-28 12:24:56 +0100: Memory Usage (443900K) : Starting 5.3 nBuLay table
2026-03-28 12:24:57 +0100: Memory Usage (443900K) : Executing rule NBL.b
2026-03-28 12:24:57 +0100: Memory Usage (444028K) : Executing rule NBL.c
2026-03-28 12:24:57 +0100: Memory Usage (444028K) : Executing rule NBL.d
2026-03-28 12:24:57 +0100: Memory Usage (444028K) : Executing rule NBL.e
2026-03-28 12:24:57 +0100: Memory Usage (444028K) : Executing rule NBL.f
2026-03-28 12:24:57 +0100: Memory Usage (444028K) : Starting 5.5. Activ table
2026-03-28 12:24:57 +0100: Memory Usage (444028K) : Executing rule Act.a
2026-03-28 12:24:57 +0100: Memory Usage (444028K) : Executing rule Act.b
2026-03-28 12:24:57 +0100: Memory Usage (444028K) : Starting 5.6 Activ:filler table
2026-03-28 12:24:57 +0100: Memory Usage (444028K) : Executing rule AFil.c1
2026-03-28 12:24:57 +0100: Memory Usage (444028K) : Executing rule AFil.c
2026-03-28 12:24:57 +0100: Memory Usage (444028K) : Executing rule AFil.d
2026-03-28 12:24:57 +0100: Memory Usage (444028K) : Executing rule AFil.e
2026-03-28 12:24:57 +0100: Memory Usage (444028K) : Executing rule AFil.j
2026-03-28 12:24:57 +0100: Memory Usage (444028K) : Starting 5.7. ThickGateOx table
2026-03-28 12:24:57 +0100: Memory Usage (444028K) : Executing rule TGO.f
2026-03-28 12:24:57 +0100: Memory Usage (444028K) : Starting 5.8. GatPoly table
2026-03-28 12:24:57 +0100: Memory Usage (444028K) : Executing rule Gat.a
2026-03-28 12:24:57 +0100: Memory Usage (444028K) : Executing rule Gat.b
2026-03-28 12:24:57 +0100: Memory Usage (444156K) : Executing rule Gat.d
2026-03-28 12:24:57 +0100: Memory Usage (444156K) : Executing rule Gat.a1
2026-03-28 12:24:58 +0100: Memory Usage (444540K) : Executing rule Gat.a2
2026-03-28 12:24:58 +0100: Memory Usage (444540K) : Executing rule Gat.g
2026-03-28 12:24:58 +0100: Memory Usage (444540K) : Starting 5.9 GatPoly:filler
2026-03-28 12:24:58 +0100: Memory Usage (444540K) : Executing rule GFil.d
2026-03-28 12:24:58 +0100: Memory Usage (444540K) : Executing rule GFil.e
2026-03-28 12:24:58 +0100: Memory Usage (444540K) : Executing rule GFil.i
2026-03-28 12:24:58 +0100: Memory Usage (444540K) : Starting 5.10 pSD table
2026-03-28 12:24:58 +0100: Memory Usage (444540K) : Executing rule pSD.c1
2026-03-28 12:24:58 +0100: Memory Usage (444540K) : Starting 5.14. Cont table
2026-03-28 12:24:58 +0100: Memory Usage (444540K) : Executing rule Cnt.a
2026-03-28 12:24:58 +0100: Memory Usage (444540K) : Executing rule Cnt.b
2026-03-28 12:24:58 +0100: Memory Usage (444540K) : Executing rule Cnt.c
2026-03-28 12:24:59 +0100: Memory Usage (444540K) : Executing rule Cnt.c
2026-03-28 12:24:59 +0100: Memory Usage (444540K) : Executing rule Cnt.d
2026-03-28 12:24:59 +0100: Memory Usage (444540K) : Executing rule Cnt.e
2026-03-28 12:24:59 +0100: Memory Usage (444540K) : Executing rule Cnt.g1
2026-03-28 12:24:59 +0100: Memory Usage (444540K) : Executing rule Cnt.g2
2026-03-28 12:24:59 +0100: Memory Usage (444540K) : Starting 5.15. ContBar table
2026-03-28 12:24:59 +0100: Memory Usage (444540K) : Executing rule CntB.b1
2026-03-28 12:24:59 +0100: Memory Usage (444540K) : Executing rule CntB.h1
2026-03-28 12:24:59 +0100: Memory Usage (444540K) : Starting 6.1.3 NPN Substrate-Tie table
2026-03-28 12:24:59 +0100: Memory Usage (444540K) : Executing rule npn13G2.bR 
2026-03-28 12:24:59 +0100: Memory Usage (444540K) : Executing rule npn13G2L.cR 
2026-03-28 12:24:59 +0100: Memory Usage (444540K) : Executing rule npn13G2V.cR 
2026-03-28 12:24:59 +0100: Memory Usage (444540K) : Starting 6.7 Schottky diode table
2026-03-28 12:24:59 +0100: Memory Usage (444540K) : Executing rule Sdiod.d
2026-03-28 12:24:59 +0100: Memory Usage (444540K) : Executing rule Sdiod.e
2026-03-28 12:24:59 +0100: Memory Usage (444540K) : Starting 7.2 Latch-up table
2026-03-28 12:24:59 +0100: Memory Usage (444540K) : Executing rule LU.b
2026-03-28 12:25:00 +0100: Memory Usage (444540K) : Starting 5.16. Metal1 table
2026-03-28 12:25:00 +0100: Memory Usage (444540K) : Executing rule M1.a
2026-03-28 12:25:00 +0100: Memory Usage (444540K) : Executing rule M1.b
2026-03-28 12:25:00 +0100: Memory Usage (444540K) : Executing rule M1.e
2026-03-28 12:25:00 +0100: Memory Usage (444540K) : Executing rule M1.f
2026-03-28 12:25:00 +0100: Memory Usage (444540K) : Executing rule M1.g
2026-03-28 12:25:00 +0100: Memory Usage (444540K) : Executing rule M1.i
2026-03-28 12:25:00 +0100: Memory Usage (444540K) : Starting 5.17 Metaln table
2026-03-28 12:25:00 +0100: Memory Usage (444540K) : Executing rule M2.a
2026-03-28 12:25:00 +0100: Memory Usage (444540K) : Executing rule M2.b
2026-03-28 12:25:00 +0100: Memory Usage (444540K) : Executing rule M2.e
2026-03-28 12:25:00 +0100: Memory Usage (444540K) : Executing rule M2.f
2026-03-28 12:25:00 +0100: Memory Usage (444540K) : Executing rule M2.g
2026-03-28 12:25:00 +0100: Memory Usage (444540K) : Executing rule M2.i
2026-03-28 12:25:00 +0100: Memory Usage (444540K) : Executing rule M3.a
2026-03-28 12:25:00 +0100: Memory Usage (444540K) : Executing rule M3.b
2026-03-28 12:25:00 +0100: Memory Usage (444540K) : Executing rule M3.e
2026-03-28 12:25:00 +0100: Memory Usage (444540K) : Executing rule M3.f
2026-03-28 12:25:00 +0100: Memory Usage (444540K) : Executing rule M3.g
2026-03-28 12:25:00 +0100: Memory Usage (444540K) : Executing rule M3.i
2026-03-28 12:25:01 +0100: Memory Usage (444540K) : Executing rule M4.a
2026-03-28 12:25:01 +0100: Memory Usage (444540K) : Executing rule M4.b
2026-03-28 12:25:01 +0100: Memory Usage (444540K) : Executing rule M4.e
2026-03-28 12:25:01 +0100: Memory Usage (444540K) : Executing rule M4.f
2026-03-28 12:25:01 +0100: Memory Usage (444540K) : Executing rule M4.g
2026-03-28 12:25:01 +0100: Memory Usage (444540K) : Executing rule M4.i
2026-03-28 12:25:01 +0100: Memory Usage (444668K) : Executing rule M5.a
2026-03-28 12:25:01 +0100: Memory Usage (444796K) : Executing rule M5.b
2026-03-28 12:25:01 +0100: Memory Usage (444924K) : Executing rule M5.e
2026-03-28 12:25:01 +0100: Memory Usage (444924K) : Executing rule M5.f
2026-03-28 12:25:01 +0100: Memory Usage (444924K) : Executing rule M5.g
2026-03-28 12:25:01 +0100: Memory Usage (444924K) : Executing rule M5.i
2026-03-28 12:25:01 +0100: Memory Usage (444924K) : Starting 5.18 Metaln:filler table
2026-03-28 12:25:01 +0100: Memory Usage (444924K) : Executing rule M1Fil.c
2026-03-28 12:25:01 +0100: Memory Usage (444924K) : Executing rule M1Fil.a2
2026-03-28 12:25:01 +0100: Memory Usage (444924K) : Executing rule M2Fil.c
2026-03-28 12:25:01 +0100: Memory Usage (444924K) : Executing rule M2Fil.a2
2026-03-28 12:25:01 +0100: Memory Usage (444924K) : Executing rule M3Fil.c
2026-03-28 12:25:01 +0100: Memory Usage (444924K) : Executing rule M3Fil.a2
2026-03-28 12:25:01 +0100: Memory Usage (444924K) : Executing rule M4Fil.c
2026-03-28 12:25:01 +0100: Memory Usage (444924K) : Executing rule M4Fil.a2
2026-03-28 12:25:01 +0100: Memory Usage (444924K) : Executing rule M5Fil.c
2026-03-28 12:25:01 +0100: Memory Usage (444924K) : Executing rule M5Fil.a2
2026-03-28 12:25:01 +0100: Memory Usage (444924K) : Starting 5.19. Via1 table
2026-03-28 12:25:01 +0100: Memory Usage (444924K) : Starting 5.19. Via1 table derivations
2026-03-28 12:25:01 +0100: Memory Usage (444924K) : Executing rule V1.a
2026-03-28 12:25:01 +0100: Memory Usage (444924K) : Executing rule V1.b
2026-03-28 12:25:01 +0100: Memory Usage (444924K) : Executing rule V1.c
2026-03-28 12:25:01 +0100: Memory Usage (444924K) : Starting 5.20. Vian table
2026-03-28 12:25:01 +0100: Memory Usage (444924K) : Executing rule V2.a
2026-03-28 12:25:01 +0100: Memory Usage (445052K) : Executing rule V2.b
2026-03-28 12:25:01 +0100: Memory Usage (445052K) : Executing rule V2.c
2026-03-28 12:25:01 +0100: Memory Usage (445052K) : Executing rule V3.a
2026-03-28 12:25:02 +0100: Memory Usage (445052K) : Executing rule V3.b
2026-03-28 12:25:02 +0100: Memory Usage (445052K) : Executing rule V3.c
2026-03-28 12:25:02 +0100: Memory Usage (445052K) : Executing rule V4.a
2026-03-28 12:25:02 +0100: Memory Usage (445052K) : Executing rule V4.b
2026-03-28 12:25:02 +0100: Memory Usage (445052K) : Executing rule V4.c
2026-03-28 12:25:02 +0100: Memory Usage (445052K) : Starting 5.21. TopVia1 table
2026-03-28 12:25:02 +0100: Memory Usage (445052K) : Executing rule TV1.a
2026-03-28 12:25:02 +0100: Memory Usage (445052K) : Executing rule TV1.b
2026-03-28 12:25:02 +0100: Memory Usage (445052K) : Executing rule TV1.c
2026-03-28 12:25:02 +0100: Memory Usage (445052K) : Executing rule TV1.d
2026-03-28 12:25:02 +0100: Memory Usage (445052K) : Starting 5.22. TopMetal1 table
2026-03-28 12:25:02 +0100: Memory Usage (445052K) : Executing rule TM1.a
2026-03-28 12:25:02 +0100: Memory Usage (445052K) : Executing rule TM1.b
2026-03-28 12:25:02 +0100: Memory Usage (445052K) : Starting 5.23 TopMetal1:filler table
2026-03-28 12:25:02 +0100: Memory Usage (445052K) : Executing rule TM1Fil.c
2026-03-28 12:25:02 +0100: Memory Usage (445052K) : Executing rule TM1Fil.a1
2026-03-28 12:25:02 +0100: Memory Usage (445052K) : Starting 5.24. TopVia2 table
2026-03-28 12:25:02 +0100: Memory Usage (445052K) : Executing rule TV2.a
2026-03-28 12:25:02 +0100: Memory Usage (445052K) : Executing rule TV2.b
2026-03-28 12:25:02 +0100: Memory Usage (445052K) : Executing rule TV2.c
2026-03-28 12:25:02 +0100: Memory Usage (445052K) : Executing rule TV2.d
2026-03-28 12:25:02 +0100: Memory Usage (445052K) : Starting 5.25. TopMetal2 table
2026-03-28 12:25:02 +0100: Memory Usage (445052K) : Executing rule TM2.a
2026-03-28 12:25:02 +0100: Memory Usage (445052K) : Executing rule TM2.b
2026-03-28 12:25:02 +0100: Memory Usage (445052K) : Executing rule TM2.bR
2026-03-28 12:25:02 +0100: Memory Usage (445052K) : Starting 5.26 TopMetal2:filler table
2026-03-28 12:25:02 +0100: Memory Usage (445052K) : Executing rule TM2Fil.c
2026-03-28 12:25:02 +0100: Memory Usage (445052K) : Executing rule TM2Fil.a1
2026-03-28 12:25:02 +0100: Memory Usage (445052K) : Starting 5.27. Passiv table
2026-03-28 12:25:02 +0100: Memory Usage (445052K) : Executing rule Pas.a
2026-03-28 12:25:02 +0100: Memory Usage (445052K) : Executing rule Pas.b
2026-03-28 12:25:02 +0100: Memory Usage (445052K) : Executing rule Pas.c
2026-03-28 12:25:02 +0100: Memory Usage (445052K) : Starting 6.9.2 Copper Pillar table
2026-03-28 12:25:02 +0100: Memory Usage (445052K) : Executing rule Padc.a
2026-03-28 12:25:02 +0100: Memory Usage (445052K) : Executing rule Padc.b
2026-03-28 12:25:02 +0100: Memory Usage (445052K) : Executing rule Padc.c
2026-03-28 12:25:02 +0100: Memory Usage (445052K) : Executing rule Padb.f
2026-03-28 12:25:02 +0100: Memory Usage (445052K) : Starting 6.9 Pad table
2026-03-28 12:25:02 +0100: Memory Usage (445052K) : Executing rule Pad.m
2026-03-28 12:25:02 +0100: Memory Usage (445052K) : Executing rule Pad.fR_M1
2026-03-28 12:25:02 +0100: Memory Usage (445052K) : Executing rule Pad.fR_M2
2026-03-28 12:25:02 +0100: Memory Usage (445052K) : Executing rule Pad.fR_M3
2026-03-28 12:25:03 +0100: Memory Usage (445180K) : Executing rule Pad.fR_M4
2026-03-28 12:25:03 +0100: Memory Usage (445436K) : Executing rule Pad.fR_M5
2026-03-28 12:25:03 +0100: Memory Usage (445436K) : Executing rule Pad.fR_TM1
2026-03-28 12:25:03 +0100: Memory Usage (445436K) : Executing rule Pad.fR_TM2
2026-03-28 12:25:03 +0100: Memory Usage (445436K) : Executing rule Pad.i
2026-03-28 12:25:03 +0100: Memory Usage (445436K) : Starting 6.9.1 Solder Bump
2026-03-28 12:25:03 +0100: Memory Usage (445436K) : Executing rule Padb.a
2026-03-28 12:25:03 +0100: Memory Usage (445436K) : Executing rule Padb.b
2026-03-28 12:25:03 +0100: Memory Usage (445436K) : Executing rule Padb.c
2026-03-28 12:25:03 +0100: Memory Usage (445436K) : Executing rule Padb.f
2026-03-28 12:25:03 +0100: Memory Usage (445436K) : Executing rule Padb.d
2026-03-28 12:25:03 +0100: Memory Usage (445436K) : Starting 6.10 Sealring table
2026-03-28 12:25:03 +0100: Memory Usage (445436K) : Executing rule Seal.l
2026-03-28 12:25:03 +0100: Memory Usage (445436K) : Executing rule Seal.n
2026-03-28 12:25:03 +0100: Memory Usage (445436K) : Executing rule seal.b_metal1
2026-03-28 12:25:03 +0100: Memory Usage (445436K) : Executing rule seal.b_metal2
2026-03-28 12:25:03 +0100: Memory Usage (445692K) : Executing rule seal.b_metal3
2026-03-28 12:25:03 +0100: Memory Usage (445820K) : Executing rule seal.b_metal4
2026-03-28 12:25:03 +0100: Memory Usage (445948K) : Executing rule seal.b_metal5
2026-03-28 12:25:03 +0100: Memory Usage (446204K) : Executing rule seal.b_topmetal1
2026-03-28 12:25:03 +0100: Memory Usage (446204K) : Executing rule seal.b_topmetal2
2026-03-28 12:25:03 +0100: Memory Usage (446204K) : Executing rule seal.b_activ
2026-03-28 12:25:03 +0100: Memory Usage (446204K) : Executing rule seal.b_psd
2026-03-28 12:25:03 +0100: Memory Usage (446204K) : Executing rule Seal.k
2026-03-28 12:25:03 +0100: Memory Usage (446204K) : Executing rule Seal.m
2026-03-28 12:25:03 +0100: Memory Usage (446204K) : Starting 6.11 MIM table
2026-03-28 12:25:03 +0100: Memory Usage (446204K) : Executing rule MIM.c
2026-03-28 12:25:03 +0100: Memory Usage (446204K) : Executing rule MIM.d
2026-03-28 12:25:03 +0100: Memory Usage (446204K) : Executing rule MIM.gR
2026-03-28 12:25:03 +0100: Memory Usage (446204K) : Starting 7.3 Metal Slits table
2026-03-28 12:25:03 +0100: Memory Usage (446204K) : Executing rule Slt.e1_M1
2026-03-28 12:25:03 +0100: Memory Usage (446204K) : Executing rule Slt.e1_M2
2026-03-28 12:25:03 +0100: Memory Usage (446204K) : Executing rule Slt.e1_M3
2026-03-28 12:25:03 +0100: Memory Usage (446204K) : Executing rule Slt.e1_M4
2026-03-28 12:25:03 +0100: Memory Usage (446204K) : Executing rule Slt.e1_M5
2026-03-28 12:25:03 +0100: Memory Usage (446204K) : Executing rule Slt.e1_TM1
2026-03-28 12:25:03 +0100: Memory Usage (446204K) : Executing rule Slt.e1_TM2
2026-03-28 12:25:03 +0100: Memory Usage (446204K) : Starting 9.1. LBE table
2026-03-28 12:25:04 +0100: Memory Usage (446204K) : Executing rule LBE.a
2026-03-28 12:25:04 +0100: Memory Usage (446204K) : Executing rule LBE.b
2026-03-28 12:25:04 +0100: Memory Usage (446204K) : Executing rule LBE.b1
2026-03-28 12:25:04 +0100: Memory Usage (446204K) : Executing rule LBE.c
2026-03-28 12:25:04 +0100: Memory Usage (446204K) : Executing rule LBE.d
2026-03-28 12:25:04 +0100: Memory Usage (446204K) : Executing rule LBE.h
2026-03-28 12:25:04 +0100: Memory Usage (446204K) : Starting 7.4. PIN table
2026-03-28 12:25:04 +0100: Memory Usage (446204K) : Executing rule Pin.a
2026-03-28 12:25:04 +0100: Memory Usage (446204K) : Executing rule Pin.b
2026-03-28 12:25:04 +0100: Memory Usage (446204K) : Executing rule Pin.e
2026-03-28 12:25:04 +0100: Memory Usage (446204K) : Executing rule Pin.f_M2
2026-03-28 12:25:04 +0100: Memory Usage (446204K) : Executing rule Pin.f_M3
2026-03-28 12:25:04 +0100: Memory Usage (446204K) : Executing rule Pin.f_M4
2026-03-28 12:25:04 +0100: Memory Usage (446204K) : Executing rule Pin.f_M5
2026-03-28 12:25:04 +0100: Memory Usage (446204K) : Executing rule Pin.g
2026-03-28 12:25:04 +0100: Memory Usage (446204K) : Executing rule Pin.h
2026-03-28 12:25:04 +0100: Memory Usage (446204K) : Starting 3.2. FORBIDDEN table
2026-03-28 12:25:04 +0100: Memory Usage (446204K) : Executing rule forbidden.biwind
2026-03-28 12:25:04 +0100: Memory Usage (446204K) : Executing rule forbidden.pemwind
2026-03-28 12:25:04 +0100: Memory Usage (446204K) : Executing rule forbidden.baspoly
2026-03-28 12:25:04 +0100: Memory Usage (446204K) : Executing rule forbidden.deepco
2026-03-28 12:25:04 +0100: Memory Usage (446204K) : Executing rule forbidden.pempoly
2026-03-28 12:25:04 +0100: Memory Usage (446204K) : Executing rule forbidden.empoly
2026-03-28 12:25:04 +0100: Memory Usage (446204K) : Executing rule forbidden.ldmos
2026-03-28 12:25:04 +0100: Memory Usage (446204K) : Executing rule forbidden.pbiwind
2026-03-28 12:25:04 +0100: Memory Usage (446204K) : Executing rule forbidden.nodrc
2026-03-28 12:25:04 +0100: Memory Usage (446204K) : Executing rule forbidden.flash
2026-03-28 12:25:04 +0100: Memory Usage (446204K) : Executing rule forbidden.colwind
2026-03-28 12:25:04 +0100: Memory Usage (446204K) : KLayout DRC run for tables 'main' completed in 16.33 seconds
