# Logfile created on 2026-03-10 01:23:24 +0100 by logger.rb/v1.5.3
2026-03-10 01:23:24 +0100: Memory Usage (436012K) : Starting running IHP-SG13G2 KLayout DRC runset on /foss/designs/Layout2026/Clock_Extractor_2026.gds
2026-03-10 01:23:24 +0100: Memory Usage (436012K) : Ruby Version for klayout: 3.2.3
2026-03-10 01:23:24 +0100: Memory Usage (437164K) : Loading database to memory is complete.
2026-03-10 01:23:24 +0100: Memory Usage (437164K) : IHP-SG13G2 KLayout DRC runset output at: /foss/designs/drc_run_inverter_hv/Clock_Extractor_2026_inverter_hv_main.lyrdb
2026-03-10 01:23:24 +0100: Memory Usage (437164K) : Evaluate switches.
2026-03-10 01:23:24 +0100: Memory Usage (437164K) : tables selected: main
2026-03-10 01:23:24 +0100: Memory Usage (437164K) : KLayout will use 1 thread(s) in tiling mode.
2026-03-10 01:23:24 +0100: Memory Usage (437164K) : deep mode is enabled.
2026-03-10 01:23:24 +0100: Memory Usage (437164K) : FEOL enabled: true
2026-03-10 01:23:24 +0100: Memory Usage (437292K) : BEOL enabled: true
2026-03-10 01:23:24 +0100: Memory Usage (437292K) : OFFGRID enabled: true
2026-03-10 01:23:24 +0100: Memory Usage (437292K) : PIN enabled: true
2026-03-10 01:23:24 +0100: Memory Usage (437292K) : FORBIDDEN enabled: true
2026-03-10 01:23:24 +0100: Memory Usage (437292K) : RECOMMENDED enabled: true
2026-03-10 01:23:24 +0100: Memory Usage (437292K) : PreCheck DRC enabled: false
2026-03-10 01:23:24 +0100: Memory Usage (437292K) : CONNECTIVITY_RULES enabled: true.
2026-03-10 01:23:24 +0100: Memory Usage (437292K) : Read in polygons from layers.
2026-03-10 01:23:24 +0100: Memory Usage (438572K) : activ_drw has 20 polygons
2026-03-10 01:23:24 +0100: Memory Usage (438572K) : activ_pin has 0 polygons
2026-03-10 01:23:24 +0100: Memory Usage (438572K) : activ_mask has 0 polygons
2026-03-10 01:23:24 +0100: Memory Usage (438572K) : activ_filler has 0 polygons
2026-03-10 01:23:24 +0100: Memory Usage (438572K) : activ_nofill has 0 polygons
2026-03-10 01:23:24 +0100: Memory Usage (438572K) : activ_opc has 0 polygons
2026-03-10 01:23:24 +0100: Memory Usage (438572K) : activ_iopc has 0 polygons
2026-03-10 01:23:24 +0100: Memory Usage (438572K) : activ_noqrc has 0 polygons
2026-03-10 01:23:24 +0100: Memory Usage (438572K) : biwind_drw has 0 polygons
2026-03-10 01:23:24 +0100: Memory Usage (438572K) : biwind_opc has 0 polygons
2026-03-10 01:23:24 +0100: Memory Usage (438572K) : pemwind_drw has 0 polygons
2026-03-10 01:23:24 +0100: Memory Usage (438572K) : gatpoly_drw has 8 polygons
2026-03-10 01:23:24 +0100: Memory Usage (438572K) : gatpoly_pin has 2 polygons
2026-03-10 01:23:24 +0100: Memory Usage (438572K) : gatpoly_filler has 0 polygons
2026-03-10 01:23:24 +0100: Memory Usage (438572K) : gatpoly_nofill has 0 polygons
2026-03-10 01:23:24 +0100: Memory Usage (438572K) : gatpoly_opc has 0 polygons
2026-03-10 01:23:24 +0100: Memory Usage (438572K) : gatpoly_iopc has 0 polygons
2026-03-10 01:23:24 +0100: Memory Usage (438572K) : gatpoly_noqrc has 0 polygons
2026-03-10 01:23:24 +0100: Memory Usage (438572K) : cont_drw has 104 polygons
2026-03-10 01:23:24 +0100: Memory Usage (438572K) : cont_opc has 0 polygons
2026-03-10 01:23:24 +0100: Memory Usage (438572K) : nsd_drw has 0 polygons
2026-03-10 01:23:24 +0100: Memory Usage (438572K) : nsd_block has 0 polygons
2026-03-10 01:23:24 +0100: Memory Usage (438572K) : metal1_drw has 20 polygons
2026-03-10 01:23:24 +0100: Memory Usage (438572K) : metal1_pin has 4 polygons
2026-03-10 01:23:24 +0100: Memory Usage (438572K) : metal1_mask has 0 polygons
2026-03-10 01:23:24 +0100: Memory Usage (438828K) : metal1_filler has 0 polygons
2026-03-10 01:23:24 +0100: Memory Usage (438828K) : metal1_nofill has 0 polygons
2026-03-10 01:23:24 +0100: Memory Usage (438828K) : metal1_slit has 0 polygons
2026-03-10 01:23:24 +0100: Memory Usage (438956K) : metal1_text has 0 polygons
2026-03-10 01:23:24 +0100: Memory Usage (439084K) : metal1_opc has 0 polygons
2026-03-10 01:23:24 +0100: Memory Usage (439084K) : metal1_noqrc has 0 polygons
2026-03-10 01:23:24 +0100: Memory Usage (439084K) : metal1_res has 0 polygons
2026-03-10 01:23:24 +0100: Memory Usage (439212K) : metal1_iprobe has 0 polygons
2026-03-10 01:23:24 +0100: Memory Usage (439212K) : metal1_diffprb has 0 polygons
2026-03-10 01:23:24 +0100: Memory Usage (439340K) : passiv_drw has 0 polygons
2026-03-10 01:23:24 +0100: Memory Usage (439340K) : passiv_pin has 0 polygons
2026-03-10 01:23:24 +0100: Memory Usage (439468K) : passiv_sbump has 0 polygons
2026-03-10 01:23:24 +0100: Memory Usage (439468K) : passiv_pillar has 0 polygons
2026-03-10 01:23:24 +0100: Memory Usage (439468K) : passiv_pdl has 0 polygons
2026-03-10 01:23:24 +0100: Memory Usage (439596K) : metal2_drw has 7 polygons
2026-03-10 01:23:24 +0100: Memory Usage (439596K) : metal2_pin has 0 polygons
2026-03-10 01:23:24 +0100: Memory Usage (439724K) : metal2_mask has 0 polygons
2026-03-10 01:23:24 +0100: Memory Usage (439724K) : metal2_filler has 0 polygons
2026-03-10 01:23:24 +0100: Memory Usage (439852K) : metal2_nofill has 0 polygons
2026-03-10 01:23:24 +0100: Memory Usage (439852K) : metal2_slit has 0 polygons
2026-03-10 01:23:24 +0100: Memory Usage (439852K) : metal2_text has 0 polygons
2026-03-10 01:23:24 +0100: Memory Usage (439980K) : metal2_opc has 0 polygons
2026-03-10 01:23:24 +0100: Memory Usage (439980K) : metal2_noqrc has 0 polygons
2026-03-10 01:23:24 +0100: Memory Usage (440108K) : metal2_res has 0 polygons
2026-03-10 01:23:24 +0100: Memory Usage (440236K) : metal2_iprobe has 0 polygons
2026-03-10 01:23:24 +0100: Memory Usage (440236K) : metal2_diffprb has 0 polygons
2026-03-10 01:23:24 +0100: Memory Usage (440236K) : baspoly_drw has 0 polygons
2026-03-10 01:23:24 +0100: Memory Usage (440364K) : baspoly_pin has 0 polygons
2026-03-10 01:23:24 +0100: Memory Usage (440364K) : psd_drw has 8 polygons
2026-03-10 01:23:24 +0100: Memory Usage (440492K) : nldb_drw has 0 polygons
2026-03-10 01:23:24 +0100: Memory Usage (440492K) : digibnd_drw has 0 polygons
2026-03-10 01:23:24 +0100: Memory Usage (440620K) : via1_drw has 6 polygons
2026-03-10 01:23:24 +0100: Memory Usage (440620K) : backmetal1_drw has 0 polygons
2026-03-10 01:23:24 +0100: Memory Usage (440620K) : backmetal1_pin has 0 polygons
2026-03-10 01:23:24 +0100: Memory Usage (440748K) : backmetal1_mask has 0 polygons
2026-03-10 01:23:24 +0100: Memory Usage (440748K) : backmetal1_filler has 0 polygons
2026-03-10 01:23:24 +0100: Memory Usage (440876K) : backmetal1_nofill has 0 polygons
2026-03-10 01:23:24 +0100: Memory Usage (440876K) : backmetal1_slit has 0 polygons
2026-03-10 01:23:24 +0100: Memory Usage (441004K) : backmetal1_text has 0 polygons
2026-03-10 01:23:24 +0100: Memory Usage (441004K) : backmetal1_opc has 0 polygons
2026-03-10 01:23:24 +0100: Memory Usage (441004K) : backmetal1_noqrc has 0 polygons
2026-03-10 01:23:24 +0100: Memory Usage (441132K) : backmetal1_res has 0 polygons
2026-03-10 01:23:24 +0100: Memory Usage (441132K) : backmetal1_iprobe has 0 polygons
2026-03-10 01:23:24 +0100: Memory Usage (441260K) : backmetal1_diffprb has 0 polygons
2026-03-10 01:23:24 +0100: Memory Usage (441260K) : backpassiv_drw has 0 polygons
2026-03-10 01:23:24 +0100: Memory Usage (441260K) : res_drw has 0 polygons
2026-03-10 01:23:24 +0100: Memory Usage (441388K) : sram_drw has 0 polygons
2026-03-10 01:23:24 +0100: Memory Usage (441388K) : trans_drw has 0 polygons
2026-03-10 01:23:24 +0100: Memory Usage (441516K) : ind_drw has 0 polygons
2026-03-10 01:23:24 +0100: Memory Usage (441644K) : ind_pin has 0 polygons
2026-03-10 01:23:24 +0100: Memory Usage (441644K) : ind_text has 0 polygons
2026-03-10 01:23:24 +0100: Memory Usage (441772K) : salblock_drw has 0 polygons
2026-03-10 01:23:24 +0100: Memory Usage (441772K) : via2_drw has 0 polygons
2026-03-10 01:23:24 +0100: Memory Usage (441900K) : metal3_drw has 0 polygons
2026-03-10 01:23:24 +0100: Memory Usage (441900K) : metal3_pin has 0 polygons
2026-03-10 01:23:24 +0100: Memory Usage (442028K) : metal3_mask has 0 polygons
2026-03-10 01:23:24 +0100: Memory Usage (442028K) : metal3_filler has 0 polygons
2026-03-10 01:23:24 +0100: Memory Usage (442156K) : metal3_nofill has 0 polygons
2026-03-10 01:23:24 +0100: Memory Usage (442156K) : metal3_slit has 0 polygons
2026-03-10 01:23:24 +0100: Memory Usage (442284K) : metal3_text has 0 polygons
2026-03-10 01:23:24 +0100: Memory Usage (442284K) : metal3_opc has 0 polygons
2026-03-10 01:23:24 +0100: Memory Usage (442284K) : metal3_noqrc has 0 polygons
2026-03-10 01:23:24 +0100: Memory Usage (442412K) : metal3_res has 0 polygons
2026-03-10 01:23:24 +0100: Memory Usage (442412K) : metal3_iprobe has 0 polygons
2026-03-10 01:23:24 +0100: Memory Usage (442540K) : metal3_diffprb has 0 polygons
2026-03-10 01:23:24 +0100: Memory Usage (442540K) : nwell_drw has 2 polygons
2026-03-10 01:23:24 +0100: Memory Usage (442668K) : nwell_pin has 0 polygons
2026-03-10 01:23:24 +0100: Memory Usage (442668K) : nbulay_drw has 4 polygons
2026-03-10 01:23:24 +0100: Memory Usage (442796K) : nbulay_pin has 0 polygons
2026-03-10 01:23:24 +0100: Memory Usage (442796K) : nbulay_block has 0 polygons
2026-03-10 01:23:24 +0100: Memory Usage (442924K) : emwind_drw has 0 polygons
2026-03-10 01:23:24 +0100: Memory Usage (443052K) : emwind_opc has 0 polygons
2026-03-10 01:23:24 +0100: Memory Usage (443052K) : deepco_drw has 0 polygons
2026-03-10 01:23:24 +0100: Memory Usage (443180K) : deepco_drw has 0 polygons
2026-03-10 01:23:24 +0100: Memory Usage (443180K) : mim_drw has 0 polygons
2026-03-10 01:23:24 +0100: Memory Usage (443308K) : edgeseal_drw has 0 polygons
2026-03-10 01:23:24 +0100: Memory Usage (443308K) : edgeseal_bound has 0 polygons
2026-03-10 01:23:24 +0100: Memory Usage (443436K) : substrate_drw has 8 polygons
2026-03-10 01:23:24 +0100: Memory Usage (443436K) : substrate_text has 0 polygons
2026-03-10 01:23:24 +0100: Memory Usage (443564K) : dfpad_drw has 0 polygons
2026-03-10 01:23:24 +0100: Memory Usage (443564K) : dfpad_pillar has 0 polygons
2026-03-10 01:23:24 +0100: Memory Usage (443564K) : dfpad_sbump has 0 polygons
2026-03-10 01:23:24 +0100: Memory Usage (443692K) : thickgateox_drw has 2 polygons
2026-03-10 01:23:24 +0100: Memory Usage (443692K) : pldb_drw has 0 polygons
2026-03-10 01:23:24 +0100: Memory Usage (443820K) : pwell_drw has 0 polygons
2026-03-10 01:23:24 +0100: Memory Usage (443820K) : pwell_pin has 0 polygons
2026-03-10 01:23:24 +0100: Memory Usage (443948K) : pwell_block has 0 polygons
2026-03-10 01:23:24 +0100: Memory Usage (443948K) : ic_drw has 0 polygons
2026-03-10 01:23:24 +0100: Memory Usage (443948K) : via3_drw has 0 polygons
2026-03-10 01:23:24 +0100: Memory Usage (444076K) : metal4_drw has 0 polygons
2026-03-10 01:23:24 +0100: Memory Usage (444204K) : metal4_pin has 0 polygons
2026-03-10 01:23:24 +0100: Memory Usage (444204K) : metal4_mask has 0 polygons
2026-03-10 01:23:24 +0100: Memory Usage (444332K) : metal4_filler has 0 polygons
2026-03-10 01:23:24 +0100: Memory Usage (444332K) : metal4_nofill has 0 polygons
2026-03-10 01:23:24 +0100: Memory Usage (444460K) : metal4_slit has 0 polygons
2026-03-10 01:23:24 +0100: Memory Usage (444460K) : metal4_text has 0 polygons
2026-03-10 01:23:24 +0100: Memory Usage (444460K) : metal4_opc has 0 polygons
2026-03-10 01:23:24 +0100: Memory Usage (444588K) : metal4_noqrc has 0 polygons
2026-03-10 01:23:24 +0100: Memory Usage (444588K) : metal4_res has 0 polygons
2026-03-10 01:23:24 +0100: Memory Usage (444716K) : metal4_iprobe has 0 polygons
2026-03-10 01:23:24 +0100: Memory Usage (444716K) : metal4_diffprb has 0 polygons
2026-03-10 01:23:24 +0100: Memory Usage (444844K) : heattrans_drw has 2 polygons
2026-03-10 01:23:24 +0100: Memory Usage (444844K) : heatres_drw has 0 polygons
2026-03-10 01:23:24 +0100: Memory Usage (444972K) : pempoly_drw has 0 polygons
2026-03-10 01:23:24 +0100: Memory Usage (444972K) : fbe_drw has 0 polygons
2026-03-10 01:23:24 +0100: Memory Usage (445100K) : empoly_drw has 0 polygons
2026-03-10 01:23:24 +0100: Memory Usage (445100K) : ldmos_drw has 0 polygons
2026-03-10 01:23:24 +0100: Memory Usage (445228K) : pbiwind_drw has 0 polygons
2026-03-10 01:23:24 +0100: Memory Usage (445356K) : digisub_drw has 0 polygons
2026-03-10 01:23:24 +0100: Memory Usage (445356K) : nodrc_drw has 0 polygons
2026-03-10 01:23:24 +0100: Memory Usage (445484K) : text_drw has 4 polygons
2026-03-10 01:23:24 +0100: Memory Usage (445612K) : via4_drw has 0 polygons
2026-03-10 01:23:24 +0100: Memory Usage (445612K) : metal5_drw has 0 polygons
2026-03-10 01:23:24 +0100: Memory Usage (445740K) : metal5_pin has 0 polygons
2026-03-10 01:23:24 +0100: Memory Usage (445740K) : metal5_mask has 0 polygons
2026-03-10 01:23:24 +0100: Memory Usage (445868K) : metal5_filler has 0 polygons
2026-03-10 01:23:24 +0100: Memory Usage (445868K) : metal5_nofill has 0 polygons
2026-03-10 01:23:24 +0100: Memory Usage (445868K) : metal5_slit has 0 polygons
2026-03-10 01:23:24 +0100: Memory Usage (445996K) : metal5_text has 0 polygons
2026-03-10 01:23:24 +0100: Memory Usage (445996K) : metal5_opc has 0 polygons
2026-03-10 01:23:24 +0100: Memory Usage (446124K) : metal5_noqrc has 0 polygons
2026-03-10 01:23:24 +0100: Memory Usage (446124K) : metal5_res has 0 polygons
2026-03-10 01:23:24 +0100: Memory Usage (446124K) : metal5_iprobe has 0 polygons
2026-03-10 01:23:24 +0100: Memory Usage (446252K) : metal5_diffprb has 0 polygons
2026-03-10 01:23:24 +0100: Memory Usage (446252K) : radhard_drw has 0 polygons
2026-03-10 01:23:24 +0100: Memory Usage (446380K) : memcap_drw has 0 polygons
2026-03-10 01:23:24 +0100: Memory Usage (446508K) : varicap_drw has 0 polygons
2026-03-10 01:23:24 +0100: Memory Usage (446636K) : flash_drw has 0 polygons
2026-03-10 01:23:24 +0100: Memory Usage (446636K) : intbondvia_drw has 0 polygons
2026-03-10 01:23:24 +0100: Memory Usage (446636K) : intbondmet_drw has 0 polygons
2026-03-10 01:23:24 +0100: Memory Usage (446764K) : devbondvia_drw has 0 polygons
2026-03-10 01:23:24 +0100: Memory Usage (446764K) : devbondmet_drw has 0 polygons
2026-03-10 01:23:24 +0100: Memory Usage (446892K) : devtrench_drw has 0 polygons
2026-03-10 01:23:24 +0100: Memory Usage (446892K) : redist_drw has 0 polygons
2026-03-10 01:23:24 +0100: Memory Usage (447020K) : graphbot_drw has 0 polygons
2026-03-10 01:23:24 +0100: Memory Usage (447020K) : graphtop_drw has 0 polygons
2026-03-10 01:23:24 +0100: Memory Usage (447020K) : antvia1_drw has 0 polygons
2026-03-10 01:23:24 +0100: Memory Usage (447148K) : antmetal2_drw has 0 polygons
2026-03-10 01:23:24 +0100: Memory Usage (447148K) : graphcont_drw has 0 polygons
2026-03-10 01:23:24 +0100: Memory Usage (447276K) : siwg_drw has 0 polygons
2026-03-10 01:23:24 +0100: Memory Usage (447276K) : siwg_filler has 0 polygons
2026-03-10 01:23:24 +0100: Memory Usage (447404K) : siwg_nofill has 0 polygons
2026-03-10 01:23:24 +0100: Memory Usage (447532K) : sigrating_drw has 0 polygons
2026-03-10 01:23:24 +0100: Memory Usage (447532K) : singrating_drw has 0 polygons
2026-03-10 01:23:24 +0100: Memory Usage (447532K) : graphpas_drw has 0 polygons
2026-03-10 01:23:24 +0100: Memory Usage (447660K) : emwind3_drw has 0 polygons
2026-03-10 01:23:24 +0100: Memory Usage (447660K) : emwihv3_drw has 0 polygons
2026-03-10 01:23:24 +0100: Memory Usage (447788K) : redbulay_drw has 0 polygons
2026-03-10 01:23:24 +0100: Memory Usage (447788K) : smos_drw has 0 polygons
2026-03-10 01:23:24 +0100: Memory Usage (447916K) : graphpad_drw has 0 polygons
2026-03-10 01:23:24 +0100: Memory Usage (447916K) : polimide_drw has 0 polygons
2026-03-10 01:23:24 +0100: Memory Usage (447916K) : polimide_pin has 0 polygons
2026-03-10 01:23:24 +0100: Memory Usage (448044K) : recog_drw has 0 polygons
2026-03-10 01:23:24 +0100: Memory Usage (448172K) : recog_pin has 0 polygons
2026-03-10 01:23:24 +0100: Memory Usage (448172K) : recog_esd has 0 polygons
2026-03-10 01:23:24 +0100: Memory Usage (448300K) : recog_diode has 0 polygons
2026-03-10 01:23:24 +0100: Memory Usage (448300K) : recog_tsv has 0 polygons
2026-03-10 01:23:24 +0100: Memory Usage (448300K) : recog_iprobe has 0 polygons
2026-03-10 01:23:24 +0100: Memory Usage (448428K) : recog_diffprb has 0 polygons
2026-03-10 01:23:24 +0100: Memory Usage (448428K) : recog_pillar has 0 polygons
2026-03-10 01:23:24 +0100: Memory Usage (448556K) : recog_sbump has 0 polygons
2026-03-10 01:23:24 +0100: Memory Usage (448684K) : recog_otp has 0 polygons
2026-03-10 01:23:24 +0100: Memory Usage (448684K) : recog_pdiode has 0 polygons
2026-03-10 01:23:24 +0100: Memory Usage (448684K) : recog_mom has 0 polygons
2026-03-10 01:23:24 +0100: Memory Usage (448684K) : recog_pcm has 0 polygons
2026-03-10 01:23:24 +0100: Memory Usage (448812K) : colopen_drw has 0 polygons
2026-03-10 01:23:24 +0100: Memory Usage (448812K) : graphmetal1_drw has 0 polygons
2026-03-10 01:23:24 +0100: Memory Usage (448812K) : graphmetal1_filler has 0 polygons
2026-03-10 01:23:24 +0100: Memory Usage (448812K) : graphmetal1_nofill has 0 polygons
2026-03-10 01:23:24 +0100: Memory Usage (448940K) : graphmetal1_slit has 0 polygons
2026-03-10 01:23:24 +0100: Memory Usage (448940K) : graphmetal1_opc has 0 polygons
2026-03-10 01:23:24 +0100: Memory Usage (448940K) : graphmet1l_drw has 0 polygons
2026-03-10 01:23:24 +0100: Memory Usage (449068K) : graphmet1l_filler has 0 polygons
2026-03-10 01:23:24 +0100: Memory Usage (449068K) : graphmet1l_nofill has 0 polygons
2026-03-10 01:23:24 +0100: Memory Usage (449068K) : graphmet1l_slit has 0 polygons
2026-03-10 01:23:24 +0100: Memory Usage (449196K) : graphmet1l_opc has 0 polygons
2026-03-10 01:23:24 +0100: Memory Usage (449196K) : extblock_drw has 0 polygons
2026-03-10 01:23:24 +0100: Memory Usage (449196K) : nldd_drw has 0 polygons
2026-03-10 01:23:24 +0100: Memory Usage (449196K) : pldd_drw has 0 polygons
2026-03-10 01:23:24 +0100: Memory Usage (449324K) : next_drw has 0 polygons
2026-03-10 01:23:24 +0100: Memory Usage (449324K) : pext_drw has 0 polygons
2026-03-10 01:23:24 +0100: Memory Usage (449452K) : nexthv_drw has 0 polygons
2026-03-10 01:23:24 +0100: Memory Usage (449452K) : pexthv_drw has 0 polygons
2026-03-10 01:23:24 +0100: Memory Usage (449580K) : graphgate_drw has 0 polygons
2026-03-10 01:23:24 +0100: Memory Usage (449580K) : sinwg_drw has 0 polygons
2026-03-10 01:23:24 +0100: Memory Usage (449580K) : sinwg_filler has 0 polygons
2026-03-10 01:23:24 +0100: Memory Usage (449708K) : sinwg_nofill has 0 polygons
2026-03-10 01:23:24 +0100: Memory Usage (449708K) : mempad_drw has 0 polygons
2026-03-10 01:23:24 +0100: Memory Usage (449836K) : topvia1_drw has 0 polygons
2026-03-10 01:23:24 +0100: Memory Usage (449836K) : topmetal1_drw has 0 polygons
2026-03-10 01:23:24 +0100: Memory Usage (449964K) : topmetal1_pin has 0 polygons
2026-03-10 01:23:24 +0100: Memory Usage (449964K) : topmetal1_mask has 0 polygons
2026-03-10 01:23:24 +0100: Memory Usage (449964K) : topmetal1_filler has 0 polygons
2026-03-10 01:23:24 +0100: Memory Usage (450092K) : topmetal1_nofill has 0 polygons
2026-03-10 01:23:24 +0100: Memory Usage (450092K) : topmetal1_slit has 0 polygons
2026-03-10 01:23:24 +0100: Memory Usage (450092K) : topmetal1_text has 0 polygons
2026-03-10 01:23:24 +0100: Memory Usage (450220K) : topmetal1_noqrc has 0 polygons
2026-03-10 01:23:24 +0100: Memory Usage (450220K) : topmetal1_res has 0 polygons
2026-03-10 01:23:24 +0100: Memory Usage (450220K) : topmetal1_iprobe has 0 polygons
2026-03-10 01:23:24 +0100: Memory Usage (450220K) : topmetal1_diffprb has 0 polygons
2026-03-10 01:23:24 +0100: Memory Usage (450348K) : inldpwl_drw has 0 polygons
2026-03-10 01:23:24 +0100: Memory Usage (450348K) : polyres_drw has 0 polygons
2026-03-10 01:23:24 +0100: Memory Usage (450348K) : polyres_pin has 0 polygons
2026-03-10 01:23:24 +0100: Memory Usage (450476K) : vmim_drw has 0 polygons
2026-03-10 01:23:24 +0100: Memory Usage (450476K) : nbulaycut_drw has 0 polygons
2026-03-10 01:23:24 +0100: Memory Usage (450604K) : antmetal1_drw has 0 polygons
2026-03-10 01:23:24 +0100: Memory Usage (450604K) : topvia2_drw has 0 polygons
2026-03-10 01:23:24 +0100: Memory Usage (450604K) : topmetal2_drw has 0 polygons
2026-03-10 01:23:24 +0100: Memory Usage (450732K) : topmetal2_pin has 0 polygons
2026-03-10 01:23:24 +0100: Memory Usage (450732K) : topmetal2_mask has 0 polygons
2026-03-10 01:23:24 +0100: Memory Usage (450860K) : topmetal2_filler has 0 polygons
2026-03-10 01:23:24 +0100: Memory Usage (450860K) : topmetal2_nofill has 0 polygons
2026-03-10 01:23:24 +0100: Memory Usage (450860K) : topmetal2_slit has 0 polygons
2026-03-10 01:23:24 +0100: Memory Usage (450988K) : topmetal2_text has 0 polygons
2026-03-10 01:23:24 +0100: Memory Usage (450988K) : topmetal2_noqrc has 0 polygons
2026-03-10 01:23:24 +0100: Memory Usage (451116K) : topmetal2_res has 0 polygons
2026-03-10 01:23:24 +0100: Memory Usage (451116K) : topmetal2_iprobe has 0 polygons
2026-03-10 01:23:24 +0100: Memory Usage (451244K) : topmetal2_diffprb has 0 polygons
2026-03-10 01:23:24 +0100: Memory Usage (451244K) : snsring_drw has 0 polygons
2026-03-10 01:23:24 +0100: Memory Usage (451244K) : sensor_drw has 0 polygons
2026-03-10 01:23:24 +0100: Memory Usage (451372K) : snsarms_drw has 0 polygons
2026-03-10 01:23:24 +0100: Memory Usage (451372K) : snscmosvia_drw has 0 polygons
2026-03-10 01:23:24 +0100: Memory Usage (451500K) : colwind_drw has 0 polygons
2026-03-10 01:23:24 +0100: Memory Usage (451500K) : flm_drw has 0 polygons
2026-03-10 01:23:24 +0100: Memory Usage (451500K) : hafniumox_drw has 0 polygons
2026-03-10 01:23:24 +0100: Memory Usage (451628K) : memvia_drw has 0 polygons
2026-03-10 01:23:24 +0100: Memory Usage (451628K) : thinfilmres_drw has 0 polygons
2026-03-10 01:23:24 +0100: Memory Usage (451756K) : rfmem_drw has 0 polygons
2026-03-10 01:23:24 +0100: Memory Usage (451756K) : norcx_drw has 0 polygons
2026-03-10 01:23:24 +0100: Memory Usage (451884K) : norcx_m2m3 has 0 polygons
2026-03-10 01:23:24 +0100: Memory Usage (451884K) : norcx_m2m4 has 0 polygons
2026-03-10 01:23:24 +0100: Memory Usage (451884K) : norcx_m2m5 has 0 polygons
2026-03-10 01:23:24 +0100: Memory Usage (452012K) : norcx_m2tm1 has 0 polygons
2026-03-10 01:23:24 +0100: Memory Usage (452140K) : norcx_m2tm2 has 0 polygons
2026-03-10 01:23:24 +0100: Memory Usage (452140K) : norcx_m3m4 has 0 polygons
2026-03-10 01:23:24 +0100: Memory Usage (452140K) : norcx_m3m5 has 0 polygons
2026-03-10 01:23:24 +0100: Memory Usage (452268K) : norcx_m3tm1 has 0 polygons
2026-03-10 01:23:24 +0100: Memory Usage (452268K) : norcx_m3tm2 has 0 polygons
2026-03-10 01:23:24 +0100: Memory Usage (452396K) : norcx_m4m5 has 0 polygons
2026-03-10 01:23:24 +0100: Memory Usage (452396K) : norcx_m4tm1 has 0 polygons
2026-03-10 01:23:24 +0100: Memory Usage (452396K) : norcx_m4tm2 has 0 polygons
2026-03-10 01:23:24 +0100: Memory Usage (452396K) : norcx_m5tm1 has 0 polygons
2026-03-10 01:23:24 +0100: Memory Usage (452396K) : norcx_m5tm2 has 0 polygons
2026-03-10 01:23:24 +0100: Memory Usage (452396K) : norcx_tm1tm2 has 0 polygons
2026-03-10 01:23:24 +0100: Memory Usage (452524K) : norcx_m1sub has 0 polygons
2026-03-10 01:23:24 +0100: Memory Usage (452524K) : norcx_m2sub has 0 polygons
2026-03-10 01:23:24 +0100: Memory Usage (452524K) : norcx_m3sub has 0 polygons
2026-03-10 01:23:24 +0100: Memory Usage (452652K) : norcx_m4sub has 0 polygons
2026-03-10 01:23:24 +0100: Memory Usage (452652K) : norcx_m5sub has 0 polygons
2026-03-10 01:23:24 +0100: Memory Usage (452652K) : norcx_tm1sub has 0 polygons
2026-03-10 01:23:24 +0100: Memory Usage (452780K) : norcx_tm2sub has 0 polygons
2026-03-10 01:23:24 +0100: Memory Usage (452780K) : snsbotvia_drw has 0 polygons
2026-03-10 01:23:24 +0100: Memory Usage (452780K) : snstopvia_drw has 0 polygons
2026-03-10 01:23:24 +0100: Memory Usage (452780K) : deepvia_drw has 0 polygons
2026-03-10 01:23:24 +0100: Memory Usage (452908K) : fgetch_drw has 0 polygons
2026-03-10 01:23:24 +0100: Memory Usage (452908K) : ctrgat_drw has 0 polygons
2026-03-10 01:23:24 +0100: Memory Usage (452908K) : fgimp_drw has 0 polygons
2026-03-10 01:23:24 +0100: Memory Usage (453036K) : emwihv_drw has 0 polygons
2026-03-10 01:23:24 +0100: Memory Usage (453036K) : lbe_drw has 0 polygons
2026-03-10 01:23:24 +0100: Memory Usage (453036K) : alcustop_drw has 0 polygons
2026-03-10 01:23:24 +0100: Memory Usage (453164K) : nometfiller_drw has 0 polygons
2026-03-10 01:23:24 +0100: Memory Usage (453164K) : prboundary_drw has 0 polygons
2026-03-10 01:23:24 +0100: Memory Usage (453164K) : exchange0_drw has 0 polygons
2026-03-10 01:23:24 +0100: Memory Usage (453164K) : exchange0_pin has 0 polygons
2026-03-10 01:23:24 +0100: Memory Usage (453292K) : exchange0_text has 0 polygons
2026-03-10 01:23:24 +0100: Memory Usage (453292K) : exchange1_drw has 0 polygons
2026-03-10 01:23:24 +0100: Memory Usage (453292K) : exchange1_pin has 0 polygons
2026-03-10 01:23:24 +0100: Memory Usage (453420K) : exchange1_text has 0 polygons
2026-03-10 01:23:24 +0100: Memory Usage (453420K) : exchange2_drw has 0 polygons
2026-03-10 01:23:24 +0100: Memory Usage (453420K) : exchange2_pin has 0 polygons
2026-03-10 01:23:24 +0100: Memory Usage (453420K) : exchange2_text has 0 polygons
2026-03-10 01:23:24 +0100: Memory Usage (453548K) : exchange3_drw has 0 polygons
2026-03-10 01:23:24 +0100: Memory Usage (453548K) : exchange3_pin has 0 polygons
2026-03-10 01:23:24 +0100: Memory Usage (453548K) : exchange3_text has 0 polygons
2026-03-10 01:23:24 +0100: Memory Usage (453676K) : exchange4_drw has 0 polygons
2026-03-10 01:23:24 +0100: Memory Usage (453676K) : exchange4_pin has 0 polygons
2026-03-10 01:23:24 +0100: Memory Usage (453804K) : exchange4_text has 0 polygons
2026-03-10 01:23:24 +0100: Memory Usage (453804K) : isonwell_drw has 0 polygons
2026-03-10 01:23:24 +0100: Memory Usage (453804K) : Total no. of polygons in the design is 201
2026-03-10 01:23:24 +0100: Memory Usage (453804K) : Loaded TECH DRC rules values from /foss/pdks/ihp-sg13g2/libs.tech/klayout/python/sg13g2_pycell_lib/sg13g2_tech_mod.json
2026-03-10 01:23:24 +0100: Memory Usage (453804K) : Loaded default DRC rules values from /foss/pdks/ihp-sg13g2/libs.tech/klayout/tech/drc/rule_decks/sg13g2_tech_default.json
2026-03-10 01:23:24 +0100: Memory Usage (453804K) : The following rules values were missing in tech json and default values were used:
2026-03-10 01:23:24 +0100: Memory Usage (453804K) :   - Cnt_c_digibnd
2026-03-10 01:23:24 +0100: Memory Usage (455084K) : Total area of the design is 71.6358 um^2.
2026-03-10 01:23:24 +0100: Memory Usage (455084K) : The design dimensions are 5.370000000000001 µm * 13.34 µm.
2026-03-10 01:23:24 +0100: Memory Usage (455084K) : Starting general IHP-SG13G2 derivations.
2026-03-10 01:23:24 +0100: Memory Usage (455084K) : Starting Pwell derivations
2026-03-10 01:23:24 +0100: Memory Usage (457132K) : Starting n-Activ derivations
2026-03-10 01:23:24 +0100: Memory Usage (457260K) : Starting p-Activ derivations
2026-03-10 01:23:24 +0100: Memory Usage (457388K) : Starting ptap derivations
2026-03-10 01:23:24 +0100: Memory Usage (457388K) : Starting ntap derivations
2026-03-10 01:23:24 +0100: Memory Usage (457516K) : Starting pact FET derivations
2026-03-10 01:23:24 +0100: Memory Usage (457516K) : Starting nact FET derivations
2026-03-10 01:23:24 +0100: Memory Usage (457516K) : Starting Gate derivations
2026-03-10 01:23:24 +0100: Memory Usage (457644K) : Starting cont/contbar general derivations
2026-03-10 01:23:24 +0100: Memory Usage (457900K) : Starting pad general derivations
2026-03-10 01:23:24 +0100: Memory Usage (458156K) : Starting IHP-SG13G2 DRC connectivity related derivations.
2026-03-10 01:23:24 +0100: Memory Usage (459180K) : Starting IHP-SG13G2 DRC connectivity setup
2026-03-10 01:23:24 +0100: Memory Usage (459564K) : Starting IHP-SG13G2 DRC rules.
2026-03-10 01:23:24 +0100: Memory Usage (459564K) : Running all FEOL rules
2026-03-10 01:23:24 +0100: Memory Usage (459564K) : Running all BEOL rules
2026-03-10 01:23:24 +0100: Memory Usage (459564K) : Running all PIN rules
2026-03-10 01:23:24 +0100: Memory Usage (459564K) : Running all FORBIDDEN rules
2026-03-10 01:23:24 +0100: Memory Usage (459564K) : Starting 5.1 NWell table
2026-03-10 01:23:24 +0100: Memory Usage (459564K) : Executing rule NW.b
2026-03-10 01:23:24 +0100: Memory Usage (460332K) : Executing rule NW.b1
2026-03-10 01:23:24 +0100: Memory Usage (460588K) : Starting 5.2 PWell:block
2026-03-10 01:23:24 +0100: Memory Usage (460588K) : Executing rule PWB.e
2026-03-10 01:23:24 +0100: Memory Usage (460716K) : Executing rule PWB.e1
2026-03-10 01:23:24 +0100: Memory Usage (460844K) : Executing rule PWB.f
2026-03-10 01:23:24 +0100: Memory Usage (460972K) : Executing rule PWB.f1
2026-03-10 01:23:24 +0100: Memory Usage (461484K) : Starting 5.3 nBuLay table
2026-03-10 01:23:24 +0100: Memory Usage (461740K) : Executing rule NBL.b
2026-03-10 01:23:24 +0100: Memory Usage (461868K) : Executing rule NBL.c
2026-03-10 01:23:24 +0100: Memory Usage (461868K) : Executing rule NBL.d
2026-03-10 01:23:24 +0100: Memory Usage (461868K) : Executing rule NBL.e
2026-03-10 01:23:24 +0100: Memory Usage (461868K) : Executing rule NBL.f
2026-03-10 01:23:24 +0100: Memory Usage (461868K) : Starting 5.5. Activ table
2026-03-10 01:23:24 +0100: Memory Usage (461868K) : Executing rule Act.a
2026-03-10 01:23:24 +0100: Memory Usage (461868K) : Executing rule Act.b
2026-03-10 01:23:24 +0100: Memory Usage (461868K) : Starting 5.6 Activ:filler table
2026-03-10 01:23:24 +0100: Memory Usage (461868K) : Executing rule AFil.c1
2026-03-10 01:23:24 +0100: Memory Usage (461868K) : Executing rule AFil.c
2026-03-10 01:23:24 +0100: Memory Usage (461868K) : Executing rule AFil.d
2026-03-10 01:23:24 +0100: Memory Usage (461868K) : Executing rule AFil.e
2026-03-10 01:23:24 +0100: Memory Usage (461868K) : Executing rule AFil.j
2026-03-10 01:23:24 +0100: Memory Usage (461868K) : Starting 5.7. ThickGateOx table
2026-03-10 01:23:24 +0100: Memory Usage (461868K) : Executing rule TGO.f
2026-03-10 01:23:24 +0100: Memory Usage (461868K) : Starting 5.8. GatPoly table
2026-03-10 01:23:24 +0100: Memory Usage (461868K) : Executing rule Gat.a
2026-03-10 01:23:24 +0100: Memory Usage (461868K) : Executing rule Gat.b
2026-03-10 01:23:24 +0100: Memory Usage (461996K) : Executing rule Gat.d
2026-03-10 01:23:24 +0100: Memory Usage (461996K) : Executing rule Gat.a1
2026-03-10 01:23:24 +0100: Memory Usage (462124K) : Executing rule Gat.a2
2026-03-10 01:23:24 +0100: Memory Usage (462124K) : Executing rule Gat.g
2026-03-10 01:23:24 +0100: Memory Usage (462124K) : Starting 5.9 GatPoly:filler
2026-03-10 01:23:24 +0100: Memory Usage (462124K) : Executing rule GFil.d
2026-03-10 01:23:24 +0100: Memory Usage (462124K) : Executing rule GFil.e
2026-03-10 01:23:24 +0100: Memory Usage (462124K) : Executing rule GFil.i
2026-03-10 01:23:24 +0100: Memory Usage (462124K) : Starting 5.10 pSD table
2026-03-10 01:23:24 +0100: Memory Usage (462124K) : Executing rule pSD.c1
2026-03-10 01:23:24 +0100: Memory Usage (462124K) : Starting 5.14. Cont table
2026-03-10 01:23:24 +0100: Memory Usage (462124K) : Executing rule Cnt.a
2026-03-10 01:23:24 +0100: Memory Usage (462124K) : Executing rule Cnt.b
2026-03-10 01:23:24 +0100: Memory Usage (462380K) : Executing rule Cnt.c
2026-03-10 01:23:24 +0100: Memory Usage (462380K) : Executing rule Cnt.c
2026-03-10 01:23:24 +0100: Memory Usage (462380K) : Executing rule Cnt.d
2026-03-10 01:23:24 +0100: Memory Usage (462380K) : Executing rule Cnt.e
2026-03-10 01:23:24 +0100: Memory Usage (462380K) : Executing rule Cnt.g1
2026-03-10 01:23:24 +0100: Memory Usage (462380K) : Executing rule Cnt.g2
2026-03-10 01:23:24 +0100: Memory Usage (462380K) : Starting 5.15. ContBar table
2026-03-10 01:23:24 +0100: Memory Usage (462380K) : Executing rule CntB.b1
2026-03-10 01:23:24 +0100: Memory Usage (462380K) : Executing rule CntB.h1
2026-03-10 01:23:24 +0100: Memory Usage (462380K) : Starting 6.1.3 NPN Substrate-Tie table
2026-03-10 01:23:24 +0100: Memory Usage (462380K) : Executing rule npn13G2.bR 
2026-03-10 01:23:24 +0100: Memory Usage (462380K) : Executing rule npn13G2L.cR 
2026-03-10 01:23:24 +0100: Memory Usage (462380K) : Executing rule npn13G2V.cR 
2026-03-10 01:23:24 +0100: Memory Usage (462380K) : Starting 6.7 Schottky diode table
2026-03-10 01:23:24 +0100: Memory Usage (462380K) : Executing rule Sdiod.d
2026-03-10 01:23:24 +0100: Memory Usage (462380K) : Executing rule Sdiod.e
2026-03-10 01:23:24 +0100: Memory Usage (462380K) : Starting 7.2 Latch-up table
2026-03-10 01:23:24 +0100: Memory Usage (462380K) : Executing rule LU.b
2026-03-10 01:23:24 +0100: Memory Usage (462380K) : Starting 5.16. Metal1 table
2026-03-10 01:23:24 +0100: Memory Usage (462380K) : Executing rule M1.a
2026-03-10 01:23:24 +0100: Memory Usage (462380K) : Executing rule M1.b
2026-03-10 01:23:24 +0100: Memory Usage (462380K) : Executing rule M1.e
2026-03-10 01:23:24 +0100: Memory Usage (462380K) : Executing rule M1.f
2026-03-10 01:23:24 +0100: Memory Usage (462380K) : Executing rule M1.g
2026-03-10 01:23:24 +0100: Memory Usage (462380K) : Executing rule M1.i
2026-03-10 01:23:24 +0100: Memory Usage (462380K) : Starting 5.17 Metaln table
2026-03-10 01:23:24 +0100: Memory Usage (462380K) : Executing rule M2.a
2026-03-10 01:23:24 +0100: Memory Usage (462508K) : Executing rule M2.b
2026-03-10 01:23:24 +0100: Memory Usage (462636K) : Executing rule M2.e
2026-03-10 01:23:24 +0100: Memory Usage (462892K) : Executing rule M2.f
2026-03-10 01:23:24 +0100: Memory Usage (463020K) : Executing rule M2.g
2026-03-10 01:23:24 +0100: Memory Usage (463404K) : Executing rule M2.i
2026-03-10 01:23:24 +0100: Memory Usage (463660K) : Executing rule M3.a
2026-03-10 01:23:24 +0100: Memory Usage (463788K) : Executing rule M3.b
2026-03-10 01:23:24 +0100: Memory Usage (463916K) : Executing rule M3.e
2026-03-10 01:23:24 +0100: Memory Usage (464172K) : Executing rule M3.f
2026-03-10 01:23:24 +0100: Memory Usage (464428K) : Executing rule M3.g
2026-03-10 01:23:24 +0100: Memory Usage (464812K) : Executing rule M3.i
2026-03-10 01:23:24 +0100: Memory Usage (465068K) : Executing rule M4.a
2026-03-10 01:23:24 +0100: Memory Usage (465196K) : Executing rule M4.b
2026-03-10 01:23:24 +0100: Memory Usage (465324K) : Executing rule M4.e
2026-03-10 01:23:24 +0100: Memory Usage (465580K) : Executing rule M4.f
2026-03-10 01:23:24 +0100: Memory Usage (465836K) : Executing rule M4.g
2026-03-10 01:23:24 +0100: Memory Usage (466220K) : Executing rule M4.i
2026-03-10 01:23:24 +0100: Memory Usage (466604K) : Executing rule M5.a
2026-03-10 01:23:24 +0100: Memory Usage (466732K) : Executing rule M5.b
2026-03-10 01:23:24 +0100: Memory Usage (466860K) : Executing rule M5.e
2026-03-10 01:23:24 +0100: Memory Usage (467116K) : Executing rule M5.f
2026-03-10 01:23:24 +0100: Memory Usage (467500K) : Executing rule M5.g
2026-03-10 01:23:24 +0100: Memory Usage (467756K) : Executing rule M5.i
2026-03-10 01:23:24 +0100: Memory Usage (468140K) : Starting 5.18 Metaln:filler table
2026-03-10 01:23:24 +0100: Memory Usage (468140K) : Executing rule M1Fil.c
2026-03-10 01:23:24 +0100: Memory Usage (468268K) : Executing rule M1Fil.a2
2026-03-10 01:23:24 +0100: Memory Usage (468396K) : Executing rule M2Fil.c
2026-03-10 01:23:24 +0100: Memory Usage (468652K) : Executing rule M2Fil.a2
2026-03-10 01:23:24 +0100: Memory Usage (468780K) : Executing rule M3Fil.c
2026-03-10 01:23:24 +0100: Memory Usage (468908K) : Executing rule M3Fil.a2
2026-03-10 01:23:24 +0100: Memory Usage (469036K) : Executing rule M4Fil.c
2026-03-10 01:23:24 +0100: Memory Usage (469164K) : Executing rule M4Fil.a2
2026-03-10 01:23:24 +0100: Memory Usage (469292K) : Executing rule M5Fil.c
2026-03-10 01:23:24 +0100: Memory Usage (469420K) : Executing rule M5Fil.a2
2026-03-10 01:23:24 +0100: Memory Usage (469548K) : Starting 5.19. Via1 table
2026-03-10 01:23:24 +0100: Memory Usage (469548K) : Starting 5.19. Via1 table derivations
2026-03-10 01:23:24 +0100: Memory Usage (469676K) : Executing rule V1.a
2026-03-10 01:23:24 +0100: Memory Usage (469804K) : Executing rule V1.b
2026-03-10 01:23:24 +0100: Memory Usage (469932K) : Executing rule V1.c
2026-03-10 01:23:24 +0100: Memory Usage (470188K) : Starting 5.20. Vian table
2026-03-10 01:23:24 +0100: Memory Usage (470188K) : Executing rule V2.a
2026-03-10 01:23:24 +0100: Memory Usage (470572K) : Executing rule V2.b
2026-03-10 01:23:24 +0100: Memory Usage (470700K) : Executing rule V2.c
2026-03-10 01:23:24 +0100: Memory Usage (470828K) : Executing rule V3.a
2026-03-10 01:23:24 +0100: Memory Usage (470828K) : Executing rule V3.b
2026-03-10 01:23:24 +0100: Memory Usage (470828K) : Executing rule V3.c
2026-03-10 01:23:24 +0100: Memory Usage (470828K) : Executing rule V4.a
2026-03-10 01:23:24 +0100: Memory Usage (470828K) : Executing rule V4.b
2026-03-10 01:23:24 +0100: Memory Usage (470828K) : Executing rule V4.c
2026-03-10 01:23:24 +0100: Memory Usage (470828K) : Starting 5.21. TopVia1 table
2026-03-10 01:23:24 +0100: Memory Usage (470828K) : Executing rule TV1.a
2026-03-10 01:23:24 +0100: Memory Usage (470828K) : Executing rule TV1.b
2026-03-10 01:23:24 +0100: Memory Usage (470828K) : Executing rule TV1.c
2026-03-10 01:23:24 +0100: Memory Usage (470828K) : Executing rule TV1.d
2026-03-10 01:23:24 +0100: Memory Usage (470828K) : Starting 5.22. TopMetal1 table
2026-03-10 01:23:24 +0100: Memory Usage (470828K) : Executing rule TM1.a
2026-03-10 01:23:24 +0100: Memory Usage (470828K) : Executing rule TM1.b
2026-03-10 01:23:24 +0100: Memory Usage (470828K) : Starting 5.23 TopMetal1:filler table
2026-03-10 01:23:24 +0100: Memory Usage (470828K) : Executing rule TM1Fil.c
2026-03-10 01:23:24 +0100: Memory Usage (470828K) : Executing rule TM1Fil.a1
2026-03-10 01:23:24 +0100: Memory Usage (470828K) : Starting 5.24. TopVia2 table
2026-03-10 01:23:24 +0100: Memory Usage (470828K) : Executing rule TV2.a
2026-03-10 01:23:24 +0100: Memory Usage (470828K) : Executing rule TV2.b
2026-03-10 01:23:24 +0100: Memory Usage (470828K) : Executing rule TV2.c
2026-03-10 01:23:24 +0100: Memory Usage (470828K) : Executing rule TV2.d
2026-03-10 01:23:24 +0100: Memory Usage (470828K) : Starting 5.25. TopMetal2 table
2026-03-10 01:23:24 +0100: Memory Usage (470828K) : Executing rule TM2.a
2026-03-10 01:23:24 +0100: Memory Usage (470828K) : Executing rule TM2.b
2026-03-10 01:23:24 +0100: Memory Usage (470828K) : Executing rule TM2.bR
2026-03-10 01:23:24 +0100: Memory Usage (470828K) : Starting 5.26 TopMetal2:filler table
2026-03-10 01:23:24 +0100: Memory Usage (470828K) : Executing rule TM2Fil.c
2026-03-10 01:23:24 +0100: Memory Usage (470828K) : Executing rule TM2Fil.a1
2026-03-10 01:23:24 +0100: Memory Usage (470828K) : Starting 5.27. Passiv table
2026-03-10 01:23:24 +0100: Memory Usage (470828K) : Executing rule Pas.a
2026-03-10 01:23:24 +0100: Memory Usage (470828K) : Executing rule Pas.b
2026-03-10 01:23:24 +0100: Memory Usage (470828K) : Executing rule Pas.c
2026-03-10 01:23:24 +0100: Memory Usage (470828K) : Starting 6.9.2 Copper Pillar table
2026-03-10 01:23:24 +0100: Memory Usage (470828K) : Executing rule Padc.a
2026-03-10 01:23:24 +0100: Memory Usage (470828K) : Executing rule Padc.b
2026-03-10 01:23:24 +0100: Memory Usage (470828K) : Executing rule Padc.c
2026-03-10 01:23:24 +0100: Memory Usage (470828K) : Executing rule Padb.f
2026-03-10 01:23:24 +0100: Memory Usage (470828K) : Starting 6.9 Pad table
2026-03-10 01:23:24 +0100: Memory Usage (470828K) : Executing rule Pad.m
2026-03-10 01:23:24 +0100: Memory Usage (470828K) : Executing rule Pad.fR_M1
2026-03-10 01:23:24 +0100: Memory Usage (470828K) : Executing rule Pad.fR_M2
2026-03-10 01:23:24 +0100: Memory Usage (470828K) : Executing rule Pad.fR_M3
2026-03-10 01:23:24 +0100: Memory Usage (470828K) : Executing rule Pad.fR_M4
2026-03-10 01:23:24 +0100: Memory Usage (470828K) : Executing rule Pad.fR_M5
2026-03-10 01:23:24 +0100: Memory Usage (470828K) : Executing rule Pad.fR_TM1
2026-03-10 01:23:24 +0100: Memory Usage (470828K) : Executing rule Pad.fR_TM2
2026-03-10 01:23:24 +0100: Memory Usage (470828K) : Executing rule Pad.i
2026-03-10 01:23:24 +0100: Memory Usage (470828K) : Starting 6.9.1 Solder Bump
2026-03-10 01:23:24 +0100: Memory Usage (470828K) : Executing rule Padb.a
2026-03-10 01:23:24 +0100: Memory Usage (470828K) : Executing rule Padb.b
2026-03-10 01:23:24 +0100: Memory Usage (470828K) : Executing rule Padb.c
2026-03-10 01:23:24 +0100: Memory Usage (470828K) : Executing rule Padb.f
2026-03-10 01:23:24 +0100: Memory Usage (470828K) : Executing rule Padb.d
2026-03-10 01:23:24 +0100: Memory Usage (470828K) : Starting 6.10 Sealring table
2026-03-10 01:23:24 +0100: Memory Usage (470828K) : Executing rule Seal.l
2026-03-10 01:23:24 +0100: Memory Usage (470828K) : Executing rule Seal.n
2026-03-10 01:23:24 +0100: Memory Usage (470828K) : Executing rule seal.b_metal1
2026-03-10 01:23:24 +0100: Memory Usage (470828K) : Executing rule seal.b_metal2
2026-03-10 01:23:24 +0100: Memory Usage (470828K) : Executing rule seal.b_metal3
2026-03-10 01:23:24 +0100: Memory Usage (470828K) : Executing rule seal.b_metal4
2026-03-10 01:23:24 +0100: Memory Usage (470828K) : Executing rule seal.b_metal5
2026-03-10 01:23:24 +0100: Memory Usage (470828K) : Executing rule seal.b_topmetal1
2026-03-10 01:23:24 +0100: Memory Usage (470828K) : Executing rule seal.b_topmetal2
2026-03-10 01:23:24 +0100: Memory Usage (470828K) : Executing rule seal.b_activ
2026-03-10 01:23:24 +0100: Memory Usage (470828K) : Executing rule seal.b_psd
2026-03-10 01:23:24 +0100: Memory Usage (470828K) : Executing rule Seal.k
2026-03-10 01:23:24 +0100: Memory Usage (470828K) : Executing rule Seal.m
2026-03-10 01:23:24 +0100: Memory Usage (470828K) : Starting 6.11 MIM table
2026-03-10 01:23:24 +0100: Memory Usage (470828K) : Executing rule MIM.c
2026-03-10 01:23:24 +0100: Memory Usage (470828K) : Executing rule MIM.d
2026-03-10 01:23:24 +0100: Memory Usage (470828K) : Executing rule MIM.gR
2026-03-10 01:23:24 +0100: Memory Usage (470828K) : Starting 7.3 Metal Slits table
2026-03-10 01:23:24 +0100: Memory Usage (470828K) : Executing rule Slt.e1_M1
2026-03-10 01:23:24 +0100: Memory Usage (470828K) : Executing rule Slt.e1_M2
2026-03-10 01:23:24 +0100: Memory Usage (470828K) : Executing rule Slt.e1_M3
2026-03-10 01:23:24 +0100: Memory Usage (470828K) : Executing rule Slt.e1_M4
2026-03-10 01:23:24 +0100: Memory Usage (470828K) : Executing rule Slt.e1_M5
2026-03-10 01:23:24 +0100: Memory Usage (470828K) : Executing rule Slt.e1_TM1
2026-03-10 01:23:24 +0100: Memory Usage (470828K) : Executing rule Slt.e1_TM2
2026-03-10 01:23:24 +0100: Memory Usage (470828K) : Starting 9.1. LBE table
2026-03-10 01:23:24 +0100: Memory Usage (470828K) : Executing rule LBE.a
2026-03-10 01:23:24 +0100: Memory Usage (470828K) : Executing rule LBE.b
2026-03-10 01:23:24 +0100: Memory Usage (470828K) : Executing rule LBE.b1
2026-03-10 01:23:24 +0100: Memory Usage (470828K) : Executing rule LBE.c
2026-03-10 01:23:24 +0100: Memory Usage (470828K) : Executing rule LBE.d
2026-03-10 01:23:24 +0100: Memory Usage (470828K) : Executing rule LBE.h
2026-03-10 01:23:24 +0100: Memory Usage (470828K) : Starting 7.4. PIN table
2026-03-10 01:23:24 +0100: Memory Usage (470828K) : Executing rule Pin.a
2026-03-10 01:23:24 +0100: Memory Usage (470828K) : Executing rule Pin.b
2026-03-10 01:23:24 +0100: Memory Usage (470828K) : Executing rule Pin.e
2026-03-10 01:23:24 +0100: Memory Usage (470828K) : Executing rule Pin.f_M2
2026-03-10 01:23:24 +0100: Memory Usage (470828K) : Executing rule Pin.f_M3
2026-03-10 01:23:24 +0100: Memory Usage (470828K) : Executing rule Pin.f_M4
2026-03-10 01:23:24 +0100: Memory Usage (470828K) : Executing rule Pin.f_M5
2026-03-10 01:23:24 +0100: Memory Usage (470828K) : Executing rule Pin.g
2026-03-10 01:23:24 +0100: Memory Usage (470828K) : Executing rule Pin.h
2026-03-10 01:23:24 +0100: Memory Usage (470828K) : Starting 3.2. FORBIDDEN table
2026-03-10 01:23:24 +0100: Memory Usage (470828K) : Executing rule forbidden.biwind
2026-03-10 01:23:24 +0100: Memory Usage (470828K) : Executing rule forbidden.pemwind
2026-03-10 01:23:24 +0100: Memory Usage (470828K) : Executing rule forbidden.baspoly
2026-03-10 01:23:24 +0100: Memory Usage (470828K) : Executing rule forbidden.deepco
2026-03-10 01:23:24 +0100: Memory Usage (470828K) : Executing rule forbidden.pempoly
2026-03-10 01:23:24 +0100: Memory Usage (470828K) : Executing rule forbidden.empoly
2026-03-10 01:23:24 +0100: Memory Usage (470828K) : Executing rule forbidden.ldmos
2026-03-10 01:23:24 +0100: Memory Usage (470828K) : Executing rule forbidden.pbiwind
2026-03-10 01:23:24 +0100: Memory Usage (470828K) : Executing rule forbidden.nodrc
2026-03-10 01:23:24 +0100: Memory Usage (470828K) : Executing rule forbidden.flash
2026-03-10 01:23:24 +0100: Memory Usage (470828K) : Executing rule forbidden.colwind
2026-03-10 01:23:24 +0100: Memory Usage (470828K) : KLayout DRC run for tables 'main' completed in 0.66 seconds
