# Logfile created on 2026-03-09 17:06:09 +0100 by logger.rb/v1.5.3
2026-03-09 17:06:09 +0100: Memory Usage (437500K) : Starting running IHP-SG13G2 KLayout DRC runset on /foss/designs/Layout2026/Clock_Extractor_2026.gds
2026-03-09 17:06:09 +0100: Memory Usage (437500K) : Ruby Version for klayout: 3.2.3
2026-03-09 17:06:09 +0100: Memory Usage (438396K) : Loading database to memory is complete.
2026-03-09 17:06:09 +0100: Memory Usage (438396K) : IHP-SG13G2 KLayout DRC runset output at: /foss/designs/drc_run_via_stack$4/Clock_Extractor_2026_via_stack$4_main.lyrdb
2026-03-09 17:06:09 +0100: Memory Usage (438524K) : Evaluate switches.
2026-03-09 17:06:09 +0100: Memory Usage (438524K) : tables selected: main
2026-03-09 17:06:09 +0100: Memory Usage (438524K) : KLayout will use 1 thread(s) in tiling mode.
2026-03-09 17:06:09 +0100: Memory Usage (438524K) : deep mode is enabled.
2026-03-09 17:06:09 +0100: Memory Usage (438524K) : FEOL enabled: true
2026-03-09 17:06:09 +0100: Memory Usage (438524K) : BEOL enabled: true
2026-03-09 17:06:09 +0100: Memory Usage (438524K) : OFFGRID enabled: true
2026-03-09 17:06:09 +0100: Memory Usage (438524K) : PIN enabled: true
2026-03-09 17:06:09 +0100: Memory Usage (438524K) : FORBIDDEN enabled: true
2026-03-09 17:06:09 +0100: Memory Usage (438524K) : RECOMMENDED enabled: true
2026-03-09 17:06:09 +0100: Memory Usage (438524K) : PreCheck DRC enabled: false
2026-03-09 17:06:09 +0100: Memory Usage (438524K) : CONNECTIVITY_RULES enabled: true.
2026-03-09 17:06:09 +0100: Memory Usage (438524K) : Read in polygons from layers.
2026-03-09 17:06:09 +0100: Memory Usage (439036K) : activ_drw has 0 polygons
2026-03-09 17:06:09 +0100: Memory Usage (439036K) : activ_pin has 0 polygons
2026-03-09 17:06:09 +0100: Memory Usage (439036K) : activ_mask has 0 polygons
2026-03-09 17:06:09 +0100: Memory Usage (439036K) : activ_filler has 0 polygons
2026-03-09 17:06:09 +0100: Memory Usage (439036K) : activ_nofill has 0 polygons
2026-03-09 17:06:09 +0100: Memory Usage (439036K) : activ_opc has 0 polygons
2026-03-09 17:06:09 +0100: Memory Usage (439036K) : activ_iopc has 0 polygons
2026-03-09 17:06:09 +0100: Memory Usage (439036K) : activ_noqrc has 0 polygons
2026-03-09 17:06:09 +0100: Memory Usage (439036K) : biwind_drw has 0 polygons
2026-03-09 17:06:09 +0100: Memory Usage (439036K) : biwind_opc has 0 polygons
2026-03-09 17:06:09 +0100: Memory Usage (439036K) : pemwind_drw has 0 polygons
2026-03-09 17:06:09 +0100: Memory Usage (439036K) : gatpoly_drw has 0 polygons
2026-03-09 17:06:09 +0100: Memory Usage (439036K) : gatpoly_pin has 0 polygons
2026-03-09 17:06:09 +0100: Memory Usage (439036K) : gatpoly_filler has 0 polygons
2026-03-09 17:06:09 +0100: Memory Usage (439036K) : gatpoly_nofill has 0 polygons
2026-03-09 17:06:09 +0100: Memory Usage (439036K) : gatpoly_opc has 0 polygons
2026-03-09 17:06:09 +0100: Memory Usage (439036K) : gatpoly_iopc has 0 polygons
2026-03-09 17:06:09 +0100: Memory Usage (439036K) : gatpoly_noqrc has 0 polygons
2026-03-09 17:06:09 +0100: Memory Usage (439036K) : cont_drw has 0 polygons
2026-03-09 17:06:09 +0100: Memory Usage (439036K) : cont_opc has 0 polygons
2026-03-09 17:06:09 +0100: Memory Usage (439036K) : nsd_drw has 0 polygons
2026-03-09 17:06:09 +0100: Memory Usage (439036K) : nsd_block has 0 polygons
2026-03-09 17:06:09 +0100: Memory Usage (439036K) : metal1_drw has 0 polygons
2026-03-09 17:06:09 +0100: Memory Usage (439036K) : metal1_pin has 0 polygons
2026-03-09 17:06:09 +0100: Memory Usage (439164K) : metal1_mask has 0 polygons
2026-03-09 17:06:09 +0100: Memory Usage (439292K) : metal1_filler has 0 polygons
2026-03-09 17:06:09 +0100: Memory Usage (439420K) : metal1_nofill has 0 polygons
2026-03-09 17:06:09 +0100: Memory Usage (439420K) : metal1_slit has 0 polygons
2026-03-09 17:06:09 +0100: Memory Usage (439548K) : metal1_text has 0 polygons
2026-03-09 17:06:09 +0100: Memory Usage (439548K) : metal1_opc has 0 polygons
2026-03-09 17:06:09 +0100: Memory Usage (439548K) : metal1_noqrc has 0 polygons
2026-03-09 17:06:09 +0100: Memory Usage (439676K) : metal1_res has 0 polygons
2026-03-09 17:06:09 +0100: Memory Usage (439676K) : metal1_iprobe has 0 polygons
2026-03-09 17:06:09 +0100: Memory Usage (439804K) : metal1_diffprb has 0 polygons
2026-03-09 17:06:09 +0100: Memory Usage (439804K) : passiv_drw has 0 polygons
2026-03-09 17:06:09 +0100: Memory Usage (439804K) : passiv_pin has 0 polygons
2026-03-09 17:06:09 +0100: Memory Usage (439932K) : passiv_sbump has 0 polygons
2026-03-09 17:06:09 +0100: Memory Usage (439932K) : passiv_pillar has 0 polygons
2026-03-09 17:06:09 +0100: Memory Usage (440060K) : passiv_pdl has 0 polygons
2026-03-09 17:06:09 +0100: Memory Usage (440316K) : metal2_drw has 1 polygons
2026-03-09 17:06:09 +0100: Memory Usage (440444K) : metal2_pin has 0 polygons
2026-03-09 17:06:09 +0100: Memory Usage (440444K) : metal2_mask has 0 polygons
2026-03-09 17:06:09 +0100: Memory Usage (440444K) : metal2_filler has 0 polygons
2026-03-09 17:06:09 +0100: Memory Usage (440572K) : metal2_nofill has 0 polygons
2026-03-09 17:06:09 +0100: Memory Usage (440572K) : metal2_slit has 0 polygons
2026-03-09 17:06:09 +0100: Memory Usage (440700K) : metal2_text has 0 polygons
2026-03-09 17:06:09 +0100: Memory Usage (440700K) : metal2_opc has 0 polygons
2026-03-09 17:06:09 +0100: Memory Usage (440700K) : metal2_noqrc has 0 polygons
2026-03-09 17:06:09 +0100: Memory Usage (440828K) : metal2_res has 0 polygons
2026-03-09 17:06:09 +0100: Memory Usage (440956K) : metal2_iprobe has 0 polygons
2026-03-09 17:06:09 +0100: Memory Usage (440956K) : metal2_diffprb has 0 polygons
2026-03-09 17:06:09 +0100: Memory Usage (441084K) : baspoly_drw has 0 polygons
2026-03-09 17:06:09 +0100: Memory Usage (441084K) : baspoly_pin has 0 polygons
2026-03-09 17:06:09 +0100: Memory Usage (441212K) : psd_drw has 0 polygons
2026-03-09 17:06:09 +0100: Memory Usage (441212K) : nldb_drw has 0 polygons
2026-03-09 17:06:09 +0100: Memory Usage (441212K) : digibnd_drw has 0 polygons
2026-03-09 17:06:09 +0100: Memory Usage (441340K) : via1_drw has 0 polygons
2026-03-09 17:06:09 +0100: Memory Usage (441340K) : backmetal1_drw has 0 polygons
2026-03-09 17:06:09 +0100: Memory Usage (441468K) : backmetal1_pin has 0 polygons
2026-03-09 17:06:09 +0100: Memory Usage (441468K) : backmetal1_mask has 0 polygons
2026-03-09 17:06:09 +0100: Memory Usage (441596K) : backmetal1_filler has 0 polygons
2026-03-09 17:06:09 +0100: Memory Usage (441596K) : backmetal1_nofill has 0 polygons
2026-03-09 17:06:09 +0100: Memory Usage (441596K) : backmetal1_slit has 0 polygons
2026-03-09 17:06:09 +0100: Memory Usage (441724K) : backmetal1_text has 0 polygons
2026-03-09 17:06:09 +0100: Memory Usage (441724K) : backmetal1_opc has 0 polygons
2026-03-09 17:06:09 +0100: Memory Usage (441852K) : backmetal1_noqrc has 0 polygons
2026-03-09 17:06:09 +0100: Memory Usage (441852K) : backmetal1_res has 0 polygons
2026-03-09 17:06:09 +0100: Memory Usage (441980K) : backmetal1_iprobe has 0 polygons
2026-03-09 17:06:09 +0100: Memory Usage (441980K) : backmetal1_diffprb has 0 polygons
2026-03-09 17:06:09 +0100: Memory Usage (441980K) : backpassiv_drw has 0 polygons
2026-03-09 17:06:09 +0100: Memory Usage (442108K) : res_drw has 0 polygons
2026-03-09 17:06:09 +0100: Memory Usage (442108K) : sram_drw has 0 polygons
2026-03-09 17:06:09 +0100: Memory Usage (442236K) : trans_drw has 0 polygons
2026-03-09 17:06:09 +0100: Memory Usage (442236K) : ind_drw has 0 polygons
2026-03-09 17:06:09 +0100: Memory Usage (442364K) : ind_pin has 0 polygons
2026-03-09 17:06:09 +0100: Memory Usage (442492K) : ind_text has 0 polygons
2026-03-09 17:06:09 +0100: Memory Usage (442492K) : salblock_drw has 0 polygons
2026-03-09 17:06:09 +0100: Memory Usage (442492K) : via2_drw has 1 polygons
2026-03-09 17:06:09 +0100: Memory Usage (442620K) : metal3_drw has 1 polygons
2026-03-09 17:06:09 +0100: Memory Usage (442748K) : metal3_pin has 0 polygons
2026-03-09 17:06:09 +0100: Memory Usage (442748K) : metal3_mask has 0 polygons
2026-03-09 17:06:09 +0100: Memory Usage (442876K) : metal3_filler has 0 polygons
2026-03-09 17:06:09 +0100: Memory Usage (442876K) : metal3_nofill has 0 polygons
2026-03-09 17:06:09 +0100: Memory Usage (442876K) : metal3_slit has 0 polygons
2026-03-09 17:06:09 +0100: Memory Usage (443004K) : metal3_text has 0 polygons
2026-03-09 17:06:09 +0100: Memory Usage (443004K) : metal3_opc has 0 polygons
2026-03-09 17:06:09 +0100: Memory Usage (443132K) : metal3_noqrc has 0 polygons
2026-03-09 17:06:09 +0100: Memory Usage (443132K) : metal3_res has 0 polygons
2026-03-09 17:06:09 +0100: Memory Usage (443260K) : metal3_iprobe has 0 polygons
2026-03-09 17:06:09 +0100: Memory Usage (443260K) : metal3_diffprb has 0 polygons
2026-03-09 17:06:09 +0100: Memory Usage (443260K) : nwell_drw has 0 polygons
2026-03-09 17:06:09 +0100: Memory Usage (443388K) : nwell_pin has 0 polygons
2026-03-09 17:06:09 +0100: Memory Usage (443516K) : nbulay_drw has 0 polygons
2026-03-09 17:06:09 +0100: Memory Usage (443516K) : nbulay_pin has 0 polygons
2026-03-09 17:06:09 +0100: Memory Usage (443644K) : nbulay_block has 0 polygons
2026-03-09 17:06:09 +0100: Memory Usage (443644K) : emwind_drw has 0 polygons
2026-03-09 17:06:09 +0100: Memory Usage (443772K) : emwind_opc has 0 polygons
2026-03-09 17:06:09 +0100: Memory Usage (443772K) : deepco_drw has 0 polygons
2026-03-09 17:06:09 +0100: Memory Usage (443900K) : deepco_drw has 0 polygons
2026-03-09 17:06:09 +0100: Memory Usage (443900K) : mim_drw has 0 polygons
2026-03-09 17:06:09 +0100: Memory Usage (444028K) : edgeseal_drw has 0 polygons
2026-03-09 17:06:09 +0100: Memory Usage (444156K) : edgeseal_bound has 0 polygons
2026-03-09 17:06:09 +0100: Memory Usage (444156K) : substrate_drw has 0 polygons
2026-03-09 17:06:09 +0100: Memory Usage (444156K) : substrate_text has 0 polygons
2026-03-09 17:06:09 +0100: Memory Usage (444284K) : dfpad_drw has 0 polygons
2026-03-09 17:06:09 +0100: Memory Usage (444284K) : dfpad_pillar has 0 polygons
2026-03-09 17:06:09 +0100: Memory Usage (444412K) : dfpad_sbump has 0 polygons
2026-03-09 17:06:09 +0100: Memory Usage (444412K) : thickgateox_drw has 0 polygons
2026-03-09 17:06:09 +0100: Memory Usage (444540K) : pldb_drw has 0 polygons
2026-03-09 17:06:09 +0100: Memory Usage (444540K) : pwell_drw has 0 polygons
2026-03-09 17:06:09 +0100: Memory Usage (444540K) : pwell_pin has 0 polygons
2026-03-09 17:06:09 +0100: Memory Usage (444668K) : pwell_block has 0 polygons
2026-03-09 17:06:09 +0100: Memory Usage (444668K) : ic_drw has 0 polygons
2026-03-09 17:06:09 +0100: Memory Usage (444796K) : via3_drw has 0 polygons
2026-03-09 17:06:09 +0100: Memory Usage (444924K) : metal4_drw has 0 polygons
2026-03-09 17:06:09 +0100: Memory Usage (444924K) : metal4_pin has 0 polygons
2026-03-09 17:06:09 +0100: Memory Usage (444924K) : metal4_mask has 0 polygons
2026-03-09 17:06:09 +0100: Memory Usage (445052K) : metal4_filler has 0 polygons
2026-03-09 17:06:09 +0100: Memory Usage (445052K) : metal4_nofill has 0 polygons
2026-03-09 17:06:09 +0100: Memory Usage (445180K) : metal4_slit has 0 polygons
2026-03-09 17:06:09 +0100: Memory Usage (445180K) : metal4_text has 0 polygons
2026-03-09 17:06:10 +0100: Memory Usage (445308K) : metal4_opc has 0 polygons
2026-03-09 17:06:10 +0100: Memory Usage (445308K) : metal4_noqrc has 0 polygons
2026-03-09 17:06:10 +0100: Memory Usage (445308K) : metal4_res has 0 polygons
2026-03-09 17:06:10 +0100: Memory Usage (445436K) : metal4_iprobe has 0 polygons
2026-03-09 17:06:10 +0100: Memory Usage (445436K) : metal4_diffprb has 0 polygons
2026-03-09 17:06:10 +0100: Memory Usage (445564K) : heattrans_drw has 0 polygons
2026-03-09 17:06:10 +0100: Memory Usage (445692K) : heatres_drw has 0 polygons
2026-03-09 17:06:10 +0100: Memory Usage (445692K) : pempoly_drw has 0 polygons
2026-03-09 17:06:10 +0100: Memory Usage (445820K) : fbe_drw has 0 polygons
2026-03-09 17:06:10 +0100: Memory Usage (445820K) : empoly_drw has 0 polygons
2026-03-09 17:06:10 +0100: Memory Usage (445820K) : ldmos_drw has 0 polygons
2026-03-09 17:06:10 +0100: Memory Usage (445948K) : pbiwind_drw has 0 polygons
2026-03-09 17:06:10 +0100: Memory Usage (446076K) : digisub_drw has 0 polygons
2026-03-09 17:06:10 +0100: Memory Usage (446076K) : nodrc_drw has 0 polygons
2026-03-09 17:06:10 +0100: Memory Usage (446204K) : text_drw has 0 polygons
2026-03-09 17:06:10 +0100: Memory Usage (446204K) : via4_drw has 0 polygons
2026-03-09 17:06:10 +0100: Memory Usage (446332K) : metal5_drw has 0 polygons
2026-03-09 17:06:10 +0100: Memory Usage (446332K) : metal5_pin has 0 polygons
2026-03-09 17:06:10 +0100: Memory Usage (446332K) : metal5_mask has 0 polygons
2026-03-09 17:06:10 +0100: Memory Usage (446460K) : metal5_filler has 0 polygons
2026-03-09 17:06:10 +0100: Memory Usage (446460K) : metal5_nofill has 0 polygons
2026-03-09 17:06:10 +0100: Memory Usage (446588K) : metal5_slit has 0 polygons
2026-03-09 17:06:10 +0100: Memory Usage (446588K) : metal5_text has 0 polygons
2026-03-09 17:06:10 +0100: Memory Usage (446588K) : metal5_opc has 0 polygons
2026-03-09 17:06:10 +0100: Memory Usage (446716K) : metal5_noqrc has 0 polygons
2026-03-09 17:06:10 +0100: Memory Usage (446716K) : metal5_res has 0 polygons
2026-03-09 17:06:10 +0100: Memory Usage (446844K) : metal5_iprobe has 0 polygons
2026-03-09 17:06:10 +0100: Memory Usage (446844K) : metal5_diffprb has 0 polygons
2026-03-09 17:06:10 +0100: Memory Usage (446972K) : radhard_drw has 0 polygons
2026-03-09 17:06:10 +0100: Memory Usage (447100K) : memcap_drw has 0 polygons
2026-03-09 17:06:10 +0100: Memory Usage (447100K) : varicap_drw has 0 polygons
2026-03-09 17:06:10 +0100: Memory Usage (447228K) : flash_drw has 0 polygons
2026-03-09 17:06:10 +0100: Memory Usage (447228K) : intbondvia_drw has 0 polygons
2026-03-09 17:06:10 +0100: Memory Usage (447356K) : intbondmet_drw has 0 polygons
2026-03-09 17:06:10 +0100: Memory Usage (447356K) : devbondvia_drw has 0 polygons
2026-03-09 17:06:10 +0100: Memory Usage (447484K) : devbondmet_drw has 0 polygons
2026-03-09 17:06:10 +0100: Memory Usage (447484K) : devtrench_drw has 0 polygons
2026-03-09 17:06:10 +0100: Memory Usage (447484K) : redist_drw has 0 polygons
2026-03-09 17:06:10 +0100: Memory Usage (447612K) : graphbot_drw has 0 polygons
2026-03-09 17:06:10 +0100: Memory Usage (447612K) : graphtop_drw has 0 polygons
2026-03-09 17:06:10 +0100: Memory Usage (447740K) : antvia1_drw has 0 polygons
2026-03-09 17:06:10 +0100: Memory Usage (447740K) : antmetal2_drw has 0 polygons
2026-03-09 17:06:10 +0100: Memory Usage (447868K) : graphcont_drw has 0 polygons
2026-03-09 17:06:10 +0100: Memory Usage (447868K) : siwg_drw has 0 polygons
2026-03-09 17:06:10 +0100: Memory Usage (447868K) : siwg_filler has 0 polygons
2026-03-09 17:06:10 +0100: Memory Usage (447996K) : siwg_nofill has 0 polygons
2026-03-09 17:06:10 +0100: Memory Usage (448124K) : sigrating_drw has 0 polygons
2026-03-09 17:06:10 +0100: Memory Usage (448124K) : singrating_drw has 0 polygons
2026-03-09 17:06:10 +0100: Memory Usage (448252K) : graphpas_drw has 0 polygons
2026-03-09 17:06:10 +0100: Memory Usage (448252K) : emwind3_drw has 0 polygons
2026-03-09 17:06:10 +0100: Memory Usage (448252K) : emwihv3_drw has 0 polygons
2026-03-09 17:06:10 +0100: Memory Usage (448380K) : redbulay_drw has 0 polygons
2026-03-09 17:06:10 +0100: Memory Usage (448380K) : smos_drw has 0 polygons
2026-03-09 17:06:10 +0100: Memory Usage (448508K) : graphpad_drw has 0 polygons
2026-03-09 17:06:10 +0100: Memory Usage (448508K) : polimide_drw has 0 polygons
2026-03-09 17:06:10 +0100: Memory Usage (448636K) : polimide_pin has 0 polygons
2026-03-09 17:06:10 +0100: Memory Usage (448636K) : recog_drw has 0 polygons
2026-03-09 17:06:10 +0100: Memory Usage (448764K) : recog_pin has 0 polygons
2026-03-09 17:06:10 +0100: Memory Usage (448764K) : recog_esd has 0 polygons
2026-03-09 17:06:10 +0100: Memory Usage (448892K) : recog_diode has 0 polygons
2026-03-09 17:06:10 +0100: Memory Usage (448892K) : recog_tsv has 0 polygons
2026-03-09 17:06:10 +0100: Memory Usage (449020K) : recog_iprobe has 0 polygons
2026-03-09 17:06:10 +0100: Memory Usage (449020K) : recog_diffprb has 0 polygons
2026-03-09 17:06:10 +0100: Memory Usage (449148K) : recog_pillar has 0 polygons
2026-03-09 17:06:10 +0100: Memory Usage (449148K) : recog_sbump has 0 polygons
2026-03-09 17:06:10 +0100: Memory Usage (449276K) : recog_otp has 0 polygons
2026-03-09 17:06:10 +0100: Memory Usage (449276K) : recog_pdiode has 0 polygons
2026-03-09 17:06:10 +0100: Memory Usage (449276K) : recog_mom has 0 polygons
2026-03-09 17:06:10 +0100: Memory Usage (449404K) : recog_pcm has 0 polygons
2026-03-09 17:06:10 +0100: Memory Usage (449404K) : colopen_drw has 0 polygons
2026-03-09 17:06:10 +0100: Memory Usage (449404K) : graphmetal1_drw has 0 polygons
2026-03-09 17:06:10 +0100: Memory Usage (449532K) : graphmetal1_filler has 0 polygons
2026-03-09 17:06:10 +0100: Memory Usage (449532K) : graphmetal1_nofill has 0 polygons
2026-03-09 17:06:10 +0100: Memory Usage (449532K) : graphmetal1_slit has 0 polygons
2026-03-09 17:06:10 +0100: Memory Usage (449532K) : graphmetal1_opc has 0 polygons
2026-03-09 17:06:10 +0100: Memory Usage (449660K) : graphmet1l_drw has 0 polygons
2026-03-09 17:06:10 +0100: Memory Usage (449660K) : graphmet1l_filler has 0 polygons
2026-03-09 17:06:10 +0100: Memory Usage (449660K) : graphmet1l_nofill has 0 polygons
2026-03-09 17:06:10 +0100: Memory Usage (449788K) : graphmet1l_slit has 0 polygons
2026-03-09 17:06:10 +0100: Memory Usage (449788K) : graphmet1l_opc has 0 polygons
2026-03-09 17:06:10 +0100: Memory Usage (449788K) : extblock_drw has 0 polygons
2026-03-09 17:06:10 +0100: Memory Usage (449916K) : nldd_drw has 0 polygons
2026-03-09 17:06:10 +0100: Memory Usage (449916K) : pldd_drw has 0 polygons
2026-03-09 17:06:10 +0100: Memory Usage (449916K) : next_drw has 0 polygons
2026-03-09 17:06:10 +0100: Memory Usage (450044K) : pext_drw has 0 polygons
2026-03-09 17:06:10 +0100: Memory Usage (450044K) : nexthv_drw has 0 polygons
2026-03-09 17:06:10 +0100: Memory Usage (450044K) : pexthv_drw has 0 polygons
2026-03-09 17:06:10 +0100: Memory Usage (450172K) : graphgate_drw has 0 polygons
2026-03-09 17:06:10 +0100: Memory Usage (450172K) : sinwg_drw has 0 polygons
2026-03-09 17:06:10 +0100: Memory Usage (450300K) : sinwg_filler has 0 polygons
2026-03-09 17:06:10 +0100: Memory Usage (450300K) : sinwg_nofill has 0 polygons
2026-03-09 17:06:10 +0100: Memory Usage (450428K) : mempad_drw has 0 polygons
2026-03-09 17:06:10 +0100: Memory Usage (450428K) : topvia1_drw has 0 polygons
2026-03-09 17:06:10 +0100: Memory Usage (450428K) : topmetal1_drw has 0 polygons
2026-03-09 17:06:10 +0100: Memory Usage (450556K) : topmetal1_pin has 0 polygons
2026-03-09 17:06:10 +0100: Memory Usage (450556K) : topmetal1_mask has 0 polygons
2026-03-09 17:06:10 +0100: Memory Usage (450684K) : topmetal1_filler has 0 polygons
2026-03-09 17:06:10 +0100: Memory Usage (450684K) : topmetal1_nofill has 0 polygons
2026-03-09 17:06:10 +0100: Memory Usage (450812K) : topmetal1_slit has 0 polygons
2026-03-09 17:06:10 +0100: Memory Usage (450812K) : topmetal1_text has 0 polygons
2026-03-09 17:06:10 +0100: Memory Usage (450812K) : topmetal1_noqrc has 0 polygons
2026-03-09 17:06:10 +0100: Memory Usage (450812K) : topmetal1_res has 0 polygons
2026-03-09 17:06:10 +0100: Memory Usage (450812K) : topmetal1_iprobe has 0 polygons
2026-03-09 17:06:10 +0100: Memory Usage (450940K) : topmetal1_diffprb has 0 polygons
2026-03-09 17:06:10 +0100: Memory Usage (450940K) : inldpwl_drw has 0 polygons
2026-03-09 17:06:10 +0100: Memory Usage (450940K) : polyres_drw has 0 polygons
2026-03-09 17:06:10 +0100: Memory Usage (451068K) : polyres_pin has 0 polygons
2026-03-09 17:06:10 +0100: Memory Usage (451068K) : vmim_drw has 0 polygons
2026-03-09 17:06:10 +0100: Memory Usage (451196K) : nbulaycut_drw has 0 polygons
2026-03-09 17:06:10 +0100: Memory Usage (451196K) : antmetal1_drw has 0 polygons
2026-03-09 17:06:10 +0100: Memory Usage (451196K) : topvia2_drw has 0 polygons
2026-03-09 17:06:10 +0100: Memory Usage (451324K) : topmetal2_drw has 0 polygons
2026-03-09 17:06:10 +0100: Memory Usage (451324K) : topmetal2_pin has 0 polygons
2026-03-09 17:06:10 +0100: Memory Usage (451324K) : topmetal2_mask has 0 polygons
2026-03-09 17:06:10 +0100: Memory Usage (451452K) : topmetal2_filler has 0 polygons
2026-03-09 17:06:10 +0100: Memory Usage (451452K) : topmetal2_nofill has 0 polygons
2026-03-09 17:06:10 +0100: Memory Usage (451580K) : topmetal2_slit has 0 polygons
2026-03-09 17:06:10 +0100: Memory Usage (451580K) : topmetal2_text has 0 polygons
2026-03-09 17:06:10 +0100: Memory Usage (451708K) : topmetal2_noqrc has 0 polygons
2026-03-09 17:06:10 +0100: Memory Usage (451708K) : topmetal2_res has 0 polygons
2026-03-09 17:06:10 +0100: Memory Usage (451708K) : topmetal2_iprobe has 0 polygons
2026-03-09 17:06:10 +0100: Memory Usage (451836K) : topmetal2_diffprb has 0 polygons
2026-03-09 17:06:10 +0100: Memory Usage (451836K) : snsring_drw has 0 polygons
2026-03-09 17:06:10 +0100: Memory Usage (451964K) : sensor_drw has 0 polygons
2026-03-09 17:06:10 +0100: Memory Usage (451964K) : snsarms_drw has 0 polygons
2026-03-09 17:06:10 +0100: Memory Usage (451964K) : snscmosvia_drw has 0 polygons
2026-03-09 17:06:10 +0100: Memory Usage (452092K) : colwind_drw has 0 polygons
2026-03-09 17:06:10 +0100: Memory Usage (452092K) : flm_drw has 0 polygons
2026-03-09 17:06:10 +0100: Memory Usage (452220K) : hafniumox_drw has 0 polygons
2026-03-09 17:06:10 +0100: Memory Usage (452220K) : memvia_drw has 0 polygons
2026-03-09 17:06:10 +0100: Memory Usage (452348K) : thinfilmres_drw has 0 polygons
2026-03-09 17:06:10 +0100: Memory Usage (452348K) : rfmem_drw has 0 polygons
2026-03-09 17:06:10 +0100: Memory Usage (452348K) : norcx_drw has 0 polygons
2026-03-09 17:06:10 +0100: Memory Usage (452476K) : norcx_m2m3 has 0 polygons
2026-03-09 17:06:10 +0100: Memory Usage (452476K) : norcx_m2m4 has 0 polygons
2026-03-09 17:06:10 +0100: Memory Usage (452604K) : norcx_m2m5 has 0 polygons
2026-03-09 17:06:10 +0100: Memory Usage (452604K) : norcx_m2tm1 has 0 polygons
2026-03-09 17:06:10 +0100: Memory Usage (452732K) : norcx_m2tm2 has 0 polygons
2026-03-09 17:06:10 +0100: Memory Usage (452732K) : norcx_m3m4 has 0 polygons
2026-03-09 17:06:10 +0100: Memory Usage (452860K) : norcx_m3m5 has 0 polygons
2026-03-09 17:06:10 +0100: Memory Usage (452860K) : norcx_m3tm1 has 0 polygons
2026-03-09 17:06:10 +0100: Memory Usage (452860K) : norcx_m3tm2 has 0 polygons
2026-03-09 17:06:10 +0100: Memory Usage (452988K) : norcx_m4m5 has 0 polygons
2026-03-09 17:06:10 +0100: Memory Usage (452988K) : norcx_m4tm1 has 0 polygons
2026-03-09 17:06:10 +0100: Memory Usage (453116K) : norcx_m4tm2 has 0 polygons
2026-03-09 17:06:10 +0100: Memory Usage (453116K) : norcx_m5tm1 has 0 polygons
2026-03-09 17:06:10 +0100: Memory Usage (453116K) : norcx_m5tm2 has 0 polygons
2026-03-09 17:06:10 +0100: Memory Usage (453116K) : norcx_tm1tm2 has 0 polygons
2026-03-09 17:06:10 +0100: Memory Usage (453116K) : norcx_m1sub has 0 polygons
2026-03-09 17:06:10 +0100: Memory Usage (453244K) : norcx_m2sub has 0 polygons
2026-03-09 17:06:10 +0100: Memory Usage (453244K) : norcx_m3sub has 0 polygons
2026-03-09 17:06:10 +0100: Memory Usage (453244K) : norcx_m4sub has 0 polygons
2026-03-09 17:06:10 +0100: Memory Usage (453372K) : norcx_m5sub has 0 polygons
2026-03-09 17:06:10 +0100: Memory Usage (453372K) : norcx_tm1sub has 0 polygons
2026-03-09 17:06:10 +0100: Memory Usage (453372K) : norcx_tm2sub has 0 polygons
2026-03-09 17:06:10 +0100: Memory Usage (453372K) : snsbotvia_drw has 0 polygons
2026-03-09 17:06:10 +0100: Memory Usage (453500K) : snstopvia_drw has 0 polygons
2026-03-09 17:06:10 +0100: Memory Usage (453500K) : deepvia_drw has 0 polygons
2026-03-09 17:06:10 +0100: Memory Usage (453500K) : fgetch_drw has 0 polygons
2026-03-09 17:06:10 +0100: Memory Usage (453628K) : ctrgat_drw has 0 polygons
2026-03-09 17:06:10 +0100: Memory Usage (453628K) : fgimp_drw has 0 polygons
2026-03-09 17:06:10 +0100: Memory Usage (453628K) : emwihv_drw has 0 polygons
2026-03-09 17:06:10 +0100: Memory Usage (453756K) : lbe_drw has 0 polygons
2026-03-09 17:06:10 +0100: Memory Usage (453756K) : alcustop_drw has 0 polygons
2026-03-09 17:06:10 +0100: Memory Usage (453756K) : nometfiller_drw has 0 polygons
2026-03-09 17:06:10 +0100: Memory Usage (453756K) : prboundary_drw has 0 polygons
2026-03-09 17:06:10 +0100: Memory Usage (453884K) : exchange0_drw has 0 polygons
2026-03-09 17:06:10 +0100: Memory Usage (453884K) : exchange0_pin has 0 polygons
2026-03-09 17:06:10 +0100: Memory Usage (453884K) : exchange0_text has 0 polygons
2026-03-09 17:06:10 +0100: Memory Usage (454012K) : exchange1_drw has 0 polygons
2026-03-09 17:06:10 +0100: Memory Usage (454012K) : exchange1_pin has 0 polygons
2026-03-09 17:06:10 +0100: Memory Usage (454012K) : exchange1_text has 0 polygons
2026-03-09 17:06:10 +0100: Memory Usage (454140K) : exchange2_drw has 0 polygons
2026-03-09 17:06:10 +0100: Memory Usage (454140K) : exchange2_pin has 0 polygons
2026-03-09 17:06:10 +0100: Memory Usage (454140K) : exchange2_text has 0 polygons
2026-03-09 17:06:10 +0100: Memory Usage (454140K) : exchange3_drw has 0 polygons
2026-03-09 17:06:10 +0100: Memory Usage (454268K) : exchange3_pin has 0 polygons
2026-03-09 17:06:10 +0100: Memory Usage (454268K) : exchange3_text has 0 polygons
2026-03-09 17:06:10 +0100: Memory Usage (454268K) : exchange4_drw has 0 polygons
2026-03-09 17:06:10 +0100: Memory Usage (454396K) : exchange4_pin has 0 polygons
2026-03-09 17:06:10 +0100: Memory Usage (454396K) : exchange4_text has 0 polygons
2026-03-09 17:06:10 +0100: Memory Usage (454396K) : isonwell_drw has 0 polygons
2026-03-09 17:06:10 +0100: Memory Usage (454396K) : Total no. of polygons in the design is 3
2026-03-09 17:06:10 +0100: Memory Usage (454396K) : Loaded TECH DRC rules values from /foss/pdks/ihp-sg13g2/libs.tech/klayout/python/sg13g2_pycell_lib/sg13g2_tech_mod.json
2026-03-09 17:06:10 +0100: Memory Usage (454396K) : Loaded default DRC rules values from /foss/pdks/ihp-sg13g2/libs.tech/klayout/tech/drc/rule_decks/sg13g2_tech_default.json
2026-03-09 17:06:10 +0100: Memory Usage (454396K) : The following rules values were missing in tech json and default values were used:
2026-03-09 17:06:10 +0100: Memory Usage (454396K) :   - Cnt_c_digibnd
2026-03-09 17:06:10 +0100: Memory Usage (455804K) : Total area of the design is 0.058 um^2.
2026-03-09 17:06:10 +0100: Memory Usage (455804K) : The design dimensions are 0.29 µm * 0.2 µm.
2026-03-09 17:06:10 +0100: Memory Usage (455804K) : Starting general IHP-SG13G2 derivations.
2026-03-09 17:06:10 +0100: Memory Usage (455804K) : Starting Pwell derivations
2026-03-09 17:06:10 +0100: Memory Usage (456188K) : Starting n-Activ derivations
2026-03-09 17:06:10 +0100: Memory Usage (456316K) : Starting p-Activ derivations
2026-03-09 17:06:10 +0100: Memory Usage (456316K) : Starting ptap derivations
2026-03-09 17:06:10 +0100: Memory Usage (456316K) : Starting ntap derivations
2026-03-09 17:06:10 +0100: Memory Usage (456444K) : Starting pact FET derivations
2026-03-09 17:06:10 +0100: Memory Usage (456444K) : Starting nact FET derivations
2026-03-09 17:06:10 +0100: Memory Usage (456572K) : Starting Gate derivations
2026-03-09 17:06:10 +0100: Memory Usage (456700K) : Starting cont/contbar general derivations
2026-03-09 17:06:10 +0100: Memory Usage (456828K) : Starting pad general derivations
2026-03-09 17:06:10 +0100: Memory Usage (457084K) : Starting IHP-SG13G2 DRC connectivity related derivations.
2026-03-09 17:06:10 +0100: Memory Usage (458108K) : Starting IHP-SG13G2 DRC connectivity setup
2026-03-09 17:06:10 +0100: Memory Usage (458620K) : Starting IHP-SG13G2 DRC rules.
2026-03-09 17:06:10 +0100: Memory Usage (458620K) : Running all FEOL rules
2026-03-09 17:06:10 +0100: Memory Usage (458620K) : Running all BEOL rules
2026-03-09 17:06:10 +0100: Memory Usage (458620K) : Running all PIN rules
2026-03-09 17:06:10 +0100: Memory Usage (458620K) : Running all FORBIDDEN rules
2026-03-09 17:06:10 +0100: Memory Usage (458620K) : Starting 5.1 NWell table
2026-03-09 17:06:10 +0100: Memory Usage (458620K) : Executing rule NW.b
2026-03-09 17:06:10 +0100: Memory Usage (459004K) : Executing rule NW.b1
2026-03-09 17:06:10 +0100: Memory Usage (459132K) : Starting 5.2 PWell:block
2026-03-09 17:06:10 +0100: Memory Usage (459132K) : Executing rule PWB.e
2026-03-09 17:06:10 +0100: Memory Usage (459388K) : Executing rule PWB.e1
2026-03-09 17:06:10 +0100: Memory Usage (459516K) : Executing rule PWB.f
2026-03-09 17:06:10 +0100: Memory Usage (459644K) : Executing rule PWB.f1
2026-03-09 17:06:10 +0100: Memory Usage (460156K) : Starting 5.3 nBuLay table
2026-03-09 17:06:10 +0100: Memory Usage (460284K) : Executing rule NBL.b
2026-03-09 17:06:10 +0100: Memory Usage (460412K) : Executing rule NBL.c
2026-03-09 17:06:10 +0100: Memory Usage (460412K) : Executing rule NBL.d
2026-03-09 17:06:10 +0100: Memory Usage (460412K) : Executing rule NBL.e
2026-03-09 17:06:10 +0100: Memory Usage (460412K) : Executing rule NBL.f
2026-03-09 17:06:10 +0100: Memory Usage (460412K) : Starting 5.5. Activ table
2026-03-09 17:06:10 +0100: Memory Usage (460412K) : Executing rule Act.a
2026-03-09 17:06:10 +0100: Memory Usage (460412K) : Executing rule Act.b
2026-03-09 17:06:10 +0100: Memory Usage (460412K) : Starting 5.6 Activ:filler table
2026-03-09 17:06:10 +0100: Memory Usage (460412K) : Executing rule AFil.c1
2026-03-09 17:06:10 +0100: Memory Usage (460412K) : Executing rule AFil.c
2026-03-09 17:06:10 +0100: Memory Usage (460412K) : Executing rule AFil.d
2026-03-09 17:06:10 +0100: Memory Usage (460412K) : Executing rule AFil.e
2026-03-09 17:06:10 +0100: Memory Usage (460412K) : Executing rule AFil.j
2026-03-09 17:06:10 +0100: Memory Usage (460412K) : Starting 5.7. ThickGateOx table
2026-03-09 17:06:10 +0100: Memory Usage (460412K) : Executing rule TGO.f
2026-03-09 17:06:10 +0100: Memory Usage (460412K) : Starting 5.8. GatPoly table
2026-03-09 17:06:10 +0100: Memory Usage (460412K) : Executing rule Gat.a
2026-03-09 17:06:10 +0100: Memory Usage (460412K) : Executing rule Gat.b
2026-03-09 17:06:10 +0100: Memory Usage (460412K) : Executing rule Gat.d
2026-03-09 17:06:10 +0100: Memory Usage (460412K) : Executing rule Gat.a1
2026-03-09 17:06:10 +0100: Memory Usage (462076K) : Executing rule Gat.a2
2026-03-09 17:06:10 +0100: Memory Usage (462076K) : Executing rule Gat.g
2026-03-09 17:06:10 +0100: Memory Usage (462076K) : Starting 5.9 GatPoly:filler
2026-03-09 17:06:10 +0100: Memory Usage (462076K) : Executing rule GFil.d
2026-03-09 17:06:10 +0100: Memory Usage (462076K) : Executing rule GFil.e
2026-03-09 17:06:10 +0100: Memory Usage (462076K) : Executing rule GFil.i
2026-03-09 17:06:10 +0100: Memory Usage (462076K) : Starting 5.10 pSD table
2026-03-09 17:06:10 +0100: Memory Usage (462076K) : Executing rule pSD.c1
2026-03-09 17:06:10 +0100: Memory Usage (462076K) : Starting 5.14. Cont table
2026-03-09 17:06:10 +0100: Memory Usage (462076K) : Executing rule Cnt.a
2026-03-09 17:06:10 +0100: Memory Usage (462076K) : Executing rule Cnt.b
2026-03-09 17:06:10 +0100: Memory Usage (462076K) : Executing rule Cnt.c
2026-03-09 17:06:10 +0100: Memory Usage (462076K) : Executing rule Cnt.c
2026-03-09 17:06:10 +0100: Memory Usage (462076K) : Executing rule Cnt.d
2026-03-09 17:06:10 +0100: Memory Usage (462076K) : Executing rule Cnt.e
2026-03-09 17:06:10 +0100: Memory Usage (462076K) : Executing rule Cnt.g1
2026-03-09 17:06:10 +0100: Memory Usage (462076K) : Executing rule Cnt.g2
2026-03-09 17:06:10 +0100: Memory Usage (462076K) : Starting 5.15. ContBar table
2026-03-09 17:06:10 +0100: Memory Usage (462076K) : Executing rule CntB.b1
2026-03-09 17:06:10 +0100: Memory Usage (462076K) : Executing rule CntB.h1
2026-03-09 17:06:10 +0100: Memory Usage (462076K) : Starting 6.1.3 NPN Substrate-Tie table
2026-03-09 17:06:10 +0100: Memory Usage (462076K) : Executing rule npn13G2.bR 
2026-03-09 17:06:10 +0100: Memory Usage (462076K) : Executing rule npn13G2L.cR 
2026-03-09 17:06:10 +0100: Memory Usage (462076K) : Executing rule npn13G2V.cR 
2026-03-09 17:06:10 +0100: Memory Usage (462076K) : Starting 6.7 Schottky diode table
2026-03-09 17:06:10 +0100: Memory Usage (462076K) : Executing rule Sdiod.d
2026-03-09 17:06:10 +0100: Memory Usage (462076K) : Executing rule Sdiod.e
2026-03-09 17:06:10 +0100: Memory Usage (462076K) : Starting 7.2 Latch-up table
2026-03-09 17:06:10 +0100: Memory Usage (462076K) : Executing rule LU.b
2026-03-09 17:06:10 +0100: Memory Usage (462076K) : Starting 5.16. Metal1 table
2026-03-09 17:06:10 +0100: Memory Usage (462076K) : Executing rule M1.a
2026-03-09 17:06:10 +0100: Memory Usage (462076K) : Executing rule M1.b
2026-03-09 17:06:10 +0100: Memory Usage (462076K) : Executing rule M1.e
2026-03-09 17:06:10 +0100: Memory Usage (462076K) : Executing rule M1.f
2026-03-09 17:06:10 +0100: Memory Usage (462076K) : Executing rule M1.g
2026-03-09 17:06:10 +0100: Memory Usage (462076K) : Executing rule M1.i
2026-03-09 17:06:10 +0100: Memory Usage (462076K) : Starting 5.17 Metaln table
2026-03-09 17:06:10 +0100: Memory Usage (462076K) : Executing rule M2.a
2026-03-09 17:06:10 +0100: Memory Usage (462204K) : Executing rule M2.b
2026-03-09 17:06:10 +0100: Memory Usage (462716K) : Executing rule M2.e
2026-03-09 17:06:10 +0100: Memory Usage (462972K) : Executing rule M2.f
2026-03-09 17:06:10 +0100: Memory Usage (463228K) : Executing rule M2.g
2026-03-09 17:06:10 +0100: Memory Usage (463484K) : Executing rule M2.i
2026-03-09 17:06:10 +0100: Memory Usage (463868K) : Executing rule M3.a
2026-03-09 17:06:10 +0100: Memory Usage (463996K) : Executing rule M3.b
2026-03-09 17:06:10 +0100: Memory Usage (464124K) : Executing rule M3.e
2026-03-09 17:06:10 +0100: Memory Usage (464380K) : Executing rule M3.f
2026-03-09 17:06:10 +0100: Memory Usage (464636K) : Executing rule M3.g
2026-03-09 17:06:10 +0100: Memory Usage (464892K) : Executing rule M3.i
2026-03-09 17:06:10 +0100: Memory Usage (465276K) : Executing rule M4.a
2026-03-09 17:06:10 +0100: Memory Usage (465276K) : Executing rule M4.b
2026-03-09 17:06:10 +0100: Memory Usage (465404K) : Executing rule M4.e
2026-03-09 17:06:10 +0100: Memory Usage (465660K) : Executing rule M4.f
2026-03-09 17:06:10 +0100: Memory Usage (465916K) : Executing rule M4.g
2026-03-09 17:06:10 +0100: Memory Usage (466300K) : Executing rule M4.i
2026-03-09 17:06:10 +0100: Memory Usage (466684K) : Executing rule M5.a
2026-03-09 17:06:10 +0100: Memory Usage (466812K) : Executing rule M5.b
2026-03-09 17:06:10 +0100: Memory Usage (466940K) : Executing rule M5.e
2026-03-09 17:06:10 +0100: Memory Usage (467196K) : Executing rule M5.f
2026-03-09 17:06:10 +0100: Memory Usage (467580K) : Executing rule M5.g
2026-03-09 17:06:10 +0100: Memory Usage (467836K) : Executing rule M5.i
2026-03-09 17:06:10 +0100: Memory Usage (468092K) : Starting 5.18 Metaln:filler table
2026-03-09 17:06:10 +0100: Memory Usage (468092K) : Executing rule M1Fil.c
2026-03-09 17:06:10 +0100: Memory Usage (468220K) : Executing rule M1Fil.a2
2026-03-09 17:06:10 +0100: Memory Usage (468348K) : Executing rule M2Fil.c
2026-03-09 17:06:10 +0100: Memory Usage (468604K) : Executing rule M2Fil.a2
2026-03-09 17:06:10 +0100: Memory Usage (468732K) : Executing rule M3Fil.c
2026-03-09 17:06:10 +0100: Memory Usage (468860K) : Executing rule M3Fil.a2
2026-03-09 17:06:10 +0100: Memory Usage (468988K) : Executing rule M4Fil.c
2026-03-09 17:06:10 +0100: Memory Usage (469116K) : Executing rule M4Fil.a2
2026-03-09 17:06:10 +0100: Memory Usage (469244K) : Executing rule M5Fil.c
2026-03-09 17:06:10 +0100: Memory Usage (469372K) : Executing rule M5Fil.a2
2026-03-09 17:06:10 +0100: Memory Usage (469628K) : Starting 5.19. Via1 table
2026-03-09 17:06:10 +0100: Memory Usage (469628K) : Starting 5.19. Via1 table derivations
2026-03-09 17:06:10 +0100: Memory Usage (469628K) : Executing rule V1.a
2026-03-09 17:06:10 +0100: Memory Usage (469884K) : Executing rule V1.b
2026-03-09 17:06:10 +0100: Memory Usage (470012K) : Executing rule V1.c
2026-03-09 17:06:10 +0100: Memory Usage (470140K) : Starting 5.20. Vian table
2026-03-09 17:06:10 +0100: Memory Usage (470268K) : Executing rule V2.a
2026-03-09 17:06:10 +0100: Memory Usage (470524K) : Executing rule V2.b
2026-03-09 17:06:10 +0100: Memory Usage (470652K) : Executing rule V2.c
2026-03-09 17:06:10 +0100: Memory Usage (470780K) : Executing rule V3.a
2026-03-09 17:06:10 +0100: Memory Usage (470780K) : Executing rule V3.b
2026-03-09 17:06:10 +0100: Memory Usage (470780K) : Executing rule V3.c
2026-03-09 17:06:10 +0100: Memory Usage (470780K) : Executing rule V4.a
2026-03-09 17:06:10 +0100: Memory Usage (470780K) : Executing rule V4.b
2026-03-09 17:06:10 +0100: Memory Usage (470780K) : Executing rule V4.c
2026-03-09 17:06:10 +0100: Memory Usage (470780K) : Starting 5.21. TopVia1 table
2026-03-09 17:06:10 +0100: Memory Usage (470780K) : Executing rule TV1.a
2026-03-09 17:06:10 +0100: Memory Usage (470780K) : Executing rule TV1.b
2026-03-09 17:06:10 +0100: Memory Usage (470780K) : Executing rule TV1.c
2026-03-09 17:06:10 +0100: Memory Usage (470780K) : Executing rule TV1.d
2026-03-09 17:06:10 +0100: Memory Usage (470780K) : Starting 5.22. TopMetal1 table
2026-03-09 17:06:10 +0100: Memory Usage (470780K) : Executing rule TM1.a
2026-03-09 17:06:10 +0100: Memory Usage (470780K) : Executing rule TM1.b
2026-03-09 17:06:10 +0100: Memory Usage (470780K) : Starting 5.23 TopMetal1:filler table
2026-03-09 17:06:10 +0100: Memory Usage (470780K) : Executing rule TM1Fil.c
2026-03-09 17:06:10 +0100: Memory Usage (470780K) : Executing rule TM1Fil.a1
2026-03-09 17:06:10 +0100: Memory Usage (470780K) : Starting 5.24. TopVia2 table
2026-03-09 17:06:10 +0100: Memory Usage (470780K) : Executing rule TV2.a
2026-03-09 17:06:10 +0100: Memory Usage (470780K) : Executing rule TV2.b
2026-03-09 17:06:10 +0100: Memory Usage (470780K) : Executing rule TV2.c
2026-03-09 17:06:10 +0100: Memory Usage (470780K) : Executing rule TV2.d
2026-03-09 17:06:10 +0100: Memory Usage (470780K) : Starting 5.25. TopMetal2 table
2026-03-09 17:06:10 +0100: Memory Usage (470780K) : Executing rule TM2.a
2026-03-09 17:06:10 +0100: Memory Usage (470780K) : Executing rule TM2.b
2026-03-09 17:06:10 +0100: Memory Usage (470780K) : Executing rule TM2.bR
2026-03-09 17:06:10 +0100: Memory Usage (470780K) : Starting 5.26 TopMetal2:filler table
2026-03-09 17:06:10 +0100: Memory Usage (470780K) : Executing rule TM2Fil.c
2026-03-09 17:06:10 +0100: Memory Usage (470780K) : Executing rule TM2Fil.a1
2026-03-09 17:06:10 +0100: Memory Usage (470780K) : Starting 5.27. Passiv table
2026-03-09 17:06:10 +0100: Memory Usage (470780K) : Executing rule Pas.a
2026-03-09 17:06:10 +0100: Memory Usage (470780K) : Executing rule Pas.b
2026-03-09 17:06:10 +0100: Memory Usage (470780K) : Executing rule Pas.c
2026-03-09 17:06:10 +0100: Memory Usage (470780K) : Starting 6.9.2 Copper Pillar table
2026-03-09 17:06:10 +0100: Memory Usage (470780K) : Executing rule Padc.a
2026-03-09 17:06:10 +0100: Memory Usage (470780K) : Executing rule Padc.b
2026-03-09 17:06:10 +0100: Memory Usage (470780K) : Executing rule Padc.c
2026-03-09 17:06:10 +0100: Memory Usage (470780K) : Executing rule Padb.f
2026-03-09 17:06:10 +0100: Memory Usage (470780K) : Starting 6.9 Pad table
2026-03-09 17:06:10 +0100: Memory Usage (470780K) : Executing rule Pad.m
2026-03-09 17:06:10 +0100: Memory Usage (470780K) : Executing rule Pad.fR_M1
2026-03-09 17:06:10 +0100: Memory Usage (470780K) : Executing rule Pad.fR_M2
2026-03-09 17:06:10 +0100: Memory Usage (470780K) : Executing rule Pad.fR_M3
2026-03-09 17:06:10 +0100: Memory Usage (470780K) : Executing rule Pad.fR_M4
2026-03-09 17:06:10 +0100: Memory Usage (470780K) : Executing rule Pad.fR_M5
2026-03-09 17:06:10 +0100: Memory Usage (470780K) : Executing rule Pad.fR_TM1
2026-03-09 17:06:10 +0100: Memory Usage (470780K) : Executing rule Pad.fR_TM2
2026-03-09 17:06:10 +0100: Memory Usage (470780K) : Executing rule Pad.i
2026-03-09 17:06:10 +0100: Memory Usage (470780K) : Starting 6.9.1 Solder Bump
2026-03-09 17:06:10 +0100: Memory Usage (470780K) : Executing rule Padb.a
2026-03-09 17:06:10 +0100: Memory Usage (470780K) : Executing rule Padb.b
2026-03-09 17:06:10 +0100: Memory Usage (470780K) : Executing rule Padb.c
2026-03-09 17:06:10 +0100: Memory Usage (470780K) : Executing rule Padb.f
2026-03-09 17:06:10 +0100: Memory Usage (470780K) : Executing rule Padb.d
2026-03-09 17:06:10 +0100: Memory Usage (470780K) : Starting 6.10 Sealring table
2026-03-09 17:06:10 +0100: Memory Usage (470780K) : Executing rule Seal.l
2026-03-09 17:06:10 +0100: Memory Usage (470780K) : Executing rule Seal.n
2026-03-09 17:06:10 +0100: Memory Usage (470780K) : Executing rule seal.b_metal1
2026-03-09 17:06:10 +0100: Memory Usage (470780K) : Executing rule seal.b_metal2
2026-03-09 17:06:10 +0100: Memory Usage (470908K) : Executing rule seal.b_metal3
2026-03-09 17:06:10 +0100: Memory Usage (470908K) : Executing rule seal.b_metal4
2026-03-09 17:06:10 +0100: Memory Usage (470908K) : Executing rule seal.b_metal5
2026-03-09 17:06:10 +0100: Memory Usage (470908K) : Executing rule seal.b_topmetal1
2026-03-09 17:06:10 +0100: Memory Usage (470908K) : Executing rule seal.b_topmetal2
2026-03-09 17:06:10 +0100: Memory Usage (470908K) : Executing rule seal.b_activ
2026-03-09 17:06:10 +0100: Memory Usage (470908K) : Executing rule seal.b_psd
2026-03-09 17:06:10 +0100: Memory Usage (470908K) : Executing rule Seal.k
2026-03-09 17:06:10 +0100: Memory Usage (470908K) : Executing rule Seal.m
2026-03-09 17:06:10 +0100: Memory Usage (470908K) : Starting 6.11 MIM table
2026-03-09 17:06:10 +0100: Memory Usage (470908K) : Executing rule MIM.c
2026-03-09 17:06:10 +0100: Memory Usage (470908K) : Executing rule MIM.d
2026-03-09 17:06:10 +0100: Memory Usage (470908K) : Executing rule MIM.gR
2026-03-09 17:06:10 +0100: Memory Usage (470908K) : Starting 7.3 Metal Slits table
2026-03-09 17:06:10 +0100: Memory Usage (470908K) : Executing rule Slt.e1_M1
2026-03-09 17:06:10 +0100: Memory Usage (470908K) : Executing rule Slt.e1_M2
2026-03-09 17:06:10 +0100: Memory Usage (470908K) : Executing rule Slt.e1_M3
2026-03-09 17:06:10 +0100: Memory Usage (470908K) : Executing rule Slt.e1_M4
2026-03-09 17:06:10 +0100: Memory Usage (470908K) : Executing rule Slt.e1_M5
2026-03-09 17:06:10 +0100: Memory Usage (470908K) : Executing rule Slt.e1_TM1
2026-03-09 17:06:10 +0100: Memory Usage (470908K) : Executing rule Slt.e1_TM2
2026-03-09 17:06:10 +0100: Memory Usage (470908K) : Starting 9.1. LBE table
2026-03-09 17:06:10 +0100: Memory Usage (470908K) : Executing rule LBE.a
2026-03-09 17:06:10 +0100: Memory Usage (470908K) : Executing rule LBE.b
2026-03-09 17:06:10 +0100: Memory Usage (470908K) : Executing rule LBE.b1
2026-03-09 17:06:10 +0100: Memory Usage (470908K) : Executing rule LBE.c
2026-03-09 17:06:10 +0100: Memory Usage (470908K) : Executing rule LBE.d
2026-03-09 17:06:10 +0100: Memory Usage (470908K) : Executing rule LBE.h
2026-03-09 17:06:10 +0100: Memory Usage (470908K) : Starting 7.4. PIN table
2026-03-09 17:06:10 +0100: Memory Usage (470908K) : Executing rule Pin.a
2026-03-09 17:06:10 +0100: Memory Usage (470908K) : Executing rule Pin.b
2026-03-09 17:06:10 +0100: Memory Usage (470908K) : Executing rule Pin.e
2026-03-09 17:06:10 +0100: Memory Usage (470908K) : Executing rule Pin.f_M2
2026-03-09 17:06:10 +0100: Memory Usage (470908K) : Executing rule Pin.f_M3
2026-03-09 17:06:10 +0100: Memory Usage (470908K) : Executing rule Pin.f_M4
2026-03-09 17:06:10 +0100: Memory Usage (470908K) : Executing rule Pin.f_M5
2026-03-09 17:06:10 +0100: Memory Usage (470908K) : Executing rule Pin.g
2026-03-09 17:06:10 +0100: Memory Usage (470908K) : Executing rule Pin.h
2026-03-09 17:06:10 +0100: Memory Usage (470908K) : Starting 3.2. FORBIDDEN table
2026-03-09 17:06:10 +0100: Memory Usage (470908K) : Executing rule forbidden.biwind
2026-03-09 17:06:10 +0100: Memory Usage (470908K) : Executing rule forbidden.pemwind
2026-03-09 17:06:10 +0100: Memory Usage (470908K) : Executing rule forbidden.baspoly
2026-03-09 17:06:10 +0100: Memory Usage (470908K) : Executing rule forbidden.deepco
2026-03-09 17:06:10 +0100: Memory Usage (470908K) : Executing rule forbidden.pempoly
2026-03-09 17:06:10 +0100: Memory Usage (470908K) : Executing rule forbidden.empoly
2026-03-09 17:06:10 +0100: Memory Usage (470908K) : Executing rule forbidden.ldmos
2026-03-09 17:06:10 +0100: Memory Usage (470908K) : Executing rule forbidden.pbiwind
2026-03-09 17:06:10 +0100: Memory Usage (470908K) : Executing rule forbidden.nodrc
2026-03-09 17:06:10 +0100: Memory Usage (470908K) : Executing rule forbidden.flash
2026-03-09 17:06:10 +0100: Memory Usage (470908K) : Executing rule forbidden.colwind
2026-03-09 17:06:10 +0100: Memory Usage (470908K) : KLayout DRC run for tables 'main' completed in 0.63 seconds
