GDS input file passed, running in LVS mode
No explicit top cell specified, using top cell 'layout_POR'
LVS input schematic not specified (argument --schematic), using dummy schematic
Calling MAGIC
magic -dnull -noconsole -rcfile /foss/pdks/ihp-sg13g2/libs.tech/magic/ihp-sg13g2.magicrc output/layout_POR__layout_POR/magic_RC/layout_POR_MAGIC_RC_Script.tcl, output file: output/layout_POR__layout_POR/magic_RC/layout_POR_MAGIC_RC_Output.txt

Magic 8.3 revision 603 - Compiled on Sat Feb 14 01:20:09 AM CET 2026.
Starting magic under Tcl interpreter
Using the terminal as the console.
WARNING: RLIMIT_NOFILE is above 1024 and Tcl_Version<9 this may cause runtime issues [rlim_cur=1048576]
Using NULL graphics device.
Processing system .magicrc file
Switching to WIRING tool.
Switching to NETLIST tool.
Switching to PICK tool.
Switching to BOX tool.
Sourcing design .magicrc for technology ihp-sg13g2 ...
2 Magic internal units = 1 Lambda
Input style sg13g2(): scaleFactor=2, multiplier=2
The following types are not handled by extraction and will be treated as non-electrical types:
    pblock sealcont difffill nemitter hvnemitter hvisodiffres sealvia1 sealvia2 sealvia3 sealvia4 sealvia5 sealvia6 pillar solder seal glass thruvia inductor 
Scaled tech values by 2 / 1 to match internal grid scaling
Loading ihp-sg13g2 Device Generator Menu ...
Loading "output/layout_POR__layout_POR/magic_RC/layout_POR_MAGIC_RC_Script.tcl" from command line.
Warning: Calma reading is not undoable!  I hope that's OK.
Library written using GDS-II Release 6.0
Library name: LIB
Reading "$$$CONTEXT_INFO$$$".
Reading "nmos$10".
Reading "via_stack$44".
Reading "via_stack$40".
Reading "guard_ring$15".
Reading "guard_ring".
Reading "rppd$5".
Reading "via_stack$34".
Reading "guard_ring$11".
Reading "nmos".
Reading "via_stack".
Reading "pmos$1".
Reading "nmos$1".
Reading "pmos$2".
Reading "nmos$2".
Reading "guard_ring$2".
Reading "guard_ring$8".
Reading "pmos$3".
Reading "via_stack$14".
Reading "nmos$4".
Reading "guard_ring$13".
Reading "nmos$8".
Reading "guard_ring$12".
Reading "rppd".
Reading "cmim".
Reading "cmim$2".
Reading "via_stack$41".
Reading "via_stack$42".
Reading "via_stack$1".
Reading "via_stack$4".
Reading "via_stack$5".
Reading "via_stack$6".
Reading "via_stack$7".
Reading "via_stack$9".
Reading "via_stack$8".
Reading "via_stack$10".
Reading "via_stack$12".
Reading "via_stack$16".
Reading "via_stack$25".
Reading "guard_ring$17".
Reading "via_stack$18".
Reading "via_stack$20".
Reading "via_stack$24".
Reading "via_stack$26".
Reading "via_stack$28".
Reading "via_stack$31".
Reading "via_stack$30".
Reading "via_stack$35".
Reading "via_stack$36".
Reading "via_stack$32".
Reading "via_stack$37".
Reading "via_stack$38".
Reading "via_stack$45".
Reading "layout_POR".
Extracting layout_POR into /foss/designs/simulations/Post_layout/output/layout_POR__layout_POR/magic_RC/layout_POR.ext:
layout_POR: 8 warnings
Total of 8 warnings.
exttosim finished.
Adding  a_n4527_10448#; Tnew = 0.00ns, Told = -69.15ns
Adding  a_n4527_2700#
Adding  a_n4087_2700#; Tnew = 0.00ns, Told = -119.06ns
Adding  a_n3647_10448#; Tnew = 0.00ns, Told = -90.95ns
Adding  a_n3207_2700#; Tnew = 0.00ns, Told = -140.17ns
Adding  a_n2767_10448#; Tnew = 0.00ns, Told = -90.95ns
Adding  a_n2327_2700#; Tnew = 0.00ns, Told = -142.18ns
Adding  a_n1887_10448#; Tnew = 0.00ns, Told = -90.95ns
Adding  a_n1447_2700#; Tnew = 0.00ns, Told = -141.34ns
Adding  a_n1007_10448#; Tnew = 0.00ns, Told = -90.95ns
Adding  a_n567_2700#; Tnew = 0.00ns, Told = -137.64ns
Adding  a_n127_10448#; Tnew = 0.00ns, Told = -90.95ns
Adding  a_313_2700#; Tnew = 0.00ns, Told = -118.07ns
Adding  a_753_10448#; Tnew = 0.00ns, Told = -90.95ns
Adding  a_1193_2700#; Tnew = 0.00ns, Told = -119.74ns
Adding  a_1633_10448#; Tnew = 0.00ns, Told = -90.95ns
Adding  a_2073_2700#; Tnew = 0.00ns, Told = -112.36ns
Adding  a_2513_10448#; Tnew = 0.00ns, Told = -90.95ns
Adding  a_2953_2700#; Tnew = 0.00ns, Told = -115.82ns
Adding  a_3393_10448#; Tnew = 0.00ns, Told = -90.95ns
Adding  a_3833_2700#; Tnew = 0.00ns, Told = -115.82ns
Adding  a_4273_10448#; Tnew = 0.00ns, Told = -90.95ns
Adding  a_4713_2700#; Tnew = 0.00ns, Told = -115.82ns
Adding  a_5153_10448#; Tnew = 0.00ns, Told = -90.95ns
Adding  a_5593_2700#; Tnew = 0.00ns, Told = -115.82ns
Adding  a_6033_10448#; Tnew = 0.00ns, Told = -90.95ns
Adding  a_6473_2700#; Tnew = 0.00ns, Told = -115.82ns
Adding  a_6913_10448#; Tnew = 0.00ns, Told = -90.95ns
Adding  a_7353_2700#; Tnew = 0.00ns, Told = -115.82ns
Adding  a_7793_10448#; Tnew = 0.00ns, Told = -90.95ns
Adding  a_8233_2700#; Tnew = 0.00ns, Told = -115.82ns
Adding  a_8673_10448#; Tnew = 0.00ns, Told = -91.10ns
Adding  a_9113_2700#; Tnew = 0.00ns, Told = -237.84ns
Adding  a_n2077_493#
Adding  a_n4595_1122#; Tnew = 0.00ns, Told = -4425.23ns
Adding  a_n4595_204#; Tnew = 0.00ns, Told = -5263.27ns
Adding  a_n4595_n604#; Tnew = 0.00ns, Told = -5795.05ns
Adding  a_n772_n539#; Tnew = 0.00ns, Told = -1923.11ns
Adding  a_n2439_n142#
Adding  a_n746_n503#; Tnew = 0.00ns, Told = -3363.57ns
Adding  GND
Adding  VDD; Tnew = 0.11ns, Told = 0.00ns
Adding  Vin; Tnew = 0.00ns, Told = 0.00ns
Adding  Reset; Tnew = 0.19ns, Told = 0.00ns
Adding  Vref; Tnew = 0.00ns, Told = 0.00ns
Total Nets: 83
Nets extracted: 45 (0.542169)
Nets output: 45 (0.542169)
exttospice finished.
MAGIC succeeded after 4.491s
Report DB saved at: output/layout_POR__layout_POR/magic_RC/layout_POR_MAGIC_report.rdb.gz
SPICE netlist saved at: output/layout_POR__layout_POR/magic_RC/layout_POR.pex.spice
Copied expanded SPICE netlist to: ./layout_POR.spice
* NGSPICE file created from layout_POR.ext - technology: ihp-sg13g2

.subckt layout_POR VDD Vin Vref GND Reset
X0 a_6033_10448.t1 a_6473_2700.t1 GND.t55 rppd l=38.31u w=2u
X1 a_n4527_10448.t1 a_n4087_2700.t1 GND.t6 rppd l=38.31u w=2u
X2 a_n3647_10448.t1 a_n3207_2700.t1 GND.t6 rppd l=38.31u w=2u
X3 VDD.t3 a_9113_2700.t0 GND.t20 rppd l=38.31u w=2u
X4 a_n1007_10448.t0 a_n567_2700.t0 GND.t8 rppd l=38.31u w=2u
X5 VDD.t20 Reset.t3 a_n746_n503.t1 GND.t34 sg13_lv_nmos ad=1.003p pd=6.58u as=1.003p ps=6.58u w=2.95u l=0.13u
X6 a_n772_n539.t1 GND.t19 cap_cmim l=41.52u w=41.52u
X7 a_n2767_10448.t0 a_n3207_2700.t0 GND.t6 rppd l=38.31u w=2u
X8 a_1633_10448.t0 a_1193_2700.t1 GND.t57 rppd l=38.31u w=2u
X9 a_6033_10448.t0 a_5593_2700.t0 GND.t18 rppd l=38.31u w=2u
X10 a_n2077_493.t0 a_n4527_2700.t3 GND.t5 GND.t4 sg13_lv_nmos ad=0.1768p pd=1.72u as=0.1768p ps=1.72u w=0.52u l=0.13u
X11 Reset.t1 a_n772_n539.t2 a_n746_n503.t0 GND.t27 sg13_lv_nmos ad=0.442p pd=3.28u as=0.247p ps=1.68u w=1.3u l=0.13u
X12 Reset.t2 GND.t35 cap_cmim l=26.98u w=26.98u
X13 a_4273_10448.t0 a_4713_2700.t1 GND.t23 rppd l=38.31u w=2u
X14 a_5153_10448.t1 a_5593_2700.t1 GND.t24 rppd l=38.31u w=2u
X15 a_8673_10448.t1 a_9113_2700.t3 GND.t36 rppd l=38.31u w=2u
X16 a_n127_10448.t0 a_n567_2700.t1 GND.t9 rppd l=38.31u w=2u
X17 a_n4595_204.t2 Vref.t0 a_n4595_n604.t1 GND.t7 sg13_lv_nmos ad=1.2376p pd=7.96u as=1.2376p ps=7.96u w=3.64u l=3.7u
X18 GND.t44 GND.t41 GND.t43 GND.t42 sg13_lv_nmos ad=0.442p pd=3.28u as=0 ps=0 w=1.3u l=0.13u
X19 a_n2767_10448.t1 a_n2327_2700.t1 GND.t6 rppd l=38.31u w=2u
X20 a_1633_10448.t1 a_2073_2700.t1 GND.t58 rppd l=38.31u w=2u
X21 a_8673_10448.t0 a_8233_2700.t0 GND.t30 rppd l=38.31u w=2u
X22 GND.t3 a_n4527_2700.t4 a_n4595_204.t0 GND.t2 sg13_lv_nmos ad=1.802p pd=11.28u as=1.802p ps=11.28u w=5.3u l=1.95u
X23 a_n4595_1122.t0 Vin.t0 a_n4595_204.t1 GND.t7 sg13_lv_nmos ad=1.2376p pd=7.96u as=1.2376p ps=7.96u w=3.64u l=3.7u
X24 a_n2439_n142.t0 a_n772_n539.t3 VDD.t4 VDD.t0 sg13_lv_pmos ad=0.494p pd=2.98u as=0.884p ps=5.88u w=2.6u l=0.13u
X25 Reset.t0 a_n772_n539.t3 a_n2439_n142.t0 VDD.t0 sg13_lv_pmos ad=0.884p pd=5.88u as=0.494p ps=2.98u w=2.6u l=0.13u
X26 VDD.t19 VDD.t17 VDD.t18 VDD.t0 sg13_lv_pmos ad=0.884p pd=5.88u as=0 ps=0 w=2.6u l=0.13u
X27 a_n1887_10448.t0 a_n2327_2700.t0 GND.t6 rppd l=38.31u w=2u
X28 a_5153_10448.t0 a_4713_2700.t0 GND.t17 rppd l=38.31u w=2u
X29 VDD.t21 a_9113_2700.t4 GND.t37 rppd l=38.31u w=2u
X30 a_3393_10448.t0 a_3833_2700.t0 GND.t16 rppd l=38.31u w=2u
X31 a_7793_10448.t1 a_8233_2700.t1 GND.t56 rppd l=38.31u w=2u
X32 a_n2439_n142.t1 Reset.t4 GND.t33 VDD.t0 sg13_lv_pmos ad=1.003p pd=6.58u as=1.003p ps=6.58u w=2.95u l=0.13u
X33 GND.t48 GND.t45 GND.t47 GND.t46 sg13_lv_nmos ad=0.442p pd=3.28u as=0 ps=0 w=1.3u l=0.13u
X34 VDD.t13 VDD.t11 VDD.t12 VDD.t0 sg13_lv_pmos ad=1.768p pd=11.08u as=0 ps=0 w=5.2u l=0.13u
X35 VDD.t16 VDD.t14 VDD.t15 VDD.t0 sg13_lv_pmos ad=0.884p pd=5.88u as=0 ps=0 w=2.6u l=0.13u
X36 a_n1887_10448.t1 a_n1447_2700.t0 GND.t6 rppd l=38.31u w=2u
X37 a_753_10448.t0 a_1193_2700.t0 GND.t13 rppd l=38.31u w=2u
X38 a_6913_10448.t0 a_6473_2700.t0 GND.t21 rppd l=38.31u w=2u
X39 a_7793_10448.t0 a_7353_2700.t1 GND.t31 rppd l=38.31u w=2u
X40 VDD.t7 a_9113_2700.t2 GND.t29 rppd l=38.31u w=2u
X41 a_n4527_10448.t0 a_n4527_2700.t2 GND.t6 rppd l=38.31u w=2u
X42 a_4273_10448.t1 a_3833_2700.t1 GND.t54 rppd l=38.31u w=2u
X43 VDD.t2 a_n4595_1122.t3 a_n4595_n604.t0 VDD.t0 sg13_lv_pmos ad=1.768p pd=11.08u as=1.768p ps=11.08u w=5.2u l=0.13u
X44 a_n2077_493.t1 a_n4595_n604.t2 VDD.t6 VDD.t0 sg13_lv_pmos ad=1.768p pd=11.08u as=1.768p ps=11.08u w=5.2u l=0.13u
X45 a_n2077_493.t2 a_n772_n539.t0 GND.t32 rppd l=7.45u w=2u
X46 a_n746_n503.t0 a_n772_n539.t2 GND.t26 GND.t25 sg13_lv_nmos ad=0.247p pd=1.68u as=0.442p ps=3.28u w=1.3u l=0.13u
X47 a_n1007_10448.t1 a_n1447_2700.t1 GND.t11 rppd l=38.31u w=2u
X48 a_2513_10448.t0 a_2953_2700.t0 GND.t12 rppd l=38.31u w=2u
X49 a_6913_10448.t1 a_7353_2700.t0 GND.t22 rppd l=38.31u w=2u
X50 a_753_10448.t1 a_313_2700.t1 GND.t14 rppd l=38.31u w=2u
X51 a_n4527_2700.t1 a_n4527_2700.t0 GND.t1 GND.t0 sg13_lv_nmos ad=0.1005p pd=1.34u as=0.1005p ps=1.34u w=0.15u l=0.15u
X52 GND.t52 GND.t49 GND.t51 GND.t50 sg13_lv_nmos ad=1.2376p pd=7.96u as=0 ps=0 w=3.64u l=3.7u
X53 a_n4595_1122.t2 a_n4595_1122.t1 VDD.t1 VDD.t0 sg13_lv_pmos ad=1.768p pd=11.08u as=1.768p ps=11.08u w=5.2u l=0.13u
X54 a_n3647_10448.t0 a_n4087_2700.t0 GND.t6 rppd l=38.31u w=2u
X55 a_2513_10448.t1 a_2073_2700.t0 GND.t15 rppd l=38.31u w=2u
X56 a_3393_10448.t1 a_2953_2700.t1 GND.t53 rppd l=38.31u w=2u
X57 VDD.t5 a_9113_2700.t1 GND.t28 rppd l=38.31u w=2u
X58 VDD.t10 VDD.t8 VDD.t9 VDD.t0 sg13_lv_pmos ad=1.768p pd=11.08u as=0 ps=0 w=5.2u l=0.13u
X59 a_n127_10448.t1 a_313_2700.t0 GND.t10 rppd l=38.31u w=2u
X60 GND.t40 GND.t38 GND.t39 GND.t7 sg13_lv_nmos ad=1.2376p pd=7.96u as=0 ps=0 w=3.64u l=3.7u
C0 a_4713_2786# Reset 0.01928f
C1 VDD a_10873_2786# 1.24207f
C2 a_1193_2786# Reset 0.01928f
C3 a_9993_2786# a_10433_2786# 2.49483f
C4 a_1633_2786# a_1193_2786# 2.49483f
C5 a_n567_2786# Reset 0.02129f
C6 Reset VDD 2.20636f
C7 a_1633_2786# VDD 0.03609f
C8 a_8233_2786# VDD 0.03609f
C9 a_3833_2786# Reset 0.01928f
C10 a_5153_2786# a_4713_2786# 2.49483f
C11 a_5593_2786# a_6033_2786# 2.49483f
C12 a_n1007_2786# a_n1447_2786# 2.49483f
C13 a_5153_2786# VDD 0.03609f
C14 a_6913_2786# a_6473_2786# 2.49483f
C15 a_2073_2786# a_2513_2786# 2.49483f
C16 a_n3647_2786# a_n4087_2786# 2.49483f
C17 Reset a_n127_2786# 0.01928f
C18 a_1633_2786# Reset 0.02239f
C19 a_2953_2786# a_2513_2786# 2.49483f
C20 a_6913_2786# a_7353_2786# 2.49483f
C21 a_8233_2786# Reset 0.01928f
C22 a_753_2786# a_313_2786# 2.49483f
C23 a_5153_2786# Reset 0.01928f
C24 a_7353_2786# a_7793_2786# 2.49483f
C25 a_3393_2786# a_2953_2786# 2.49483f
C26 VDD a_8673_2786# 0.03609f
C27 Reset a_n1447_2786# 0.01928f
C28 VDD a_313_2786# 0.03609f
C29 Vref Vin 0.05075f
C30 a_6473_2786# VDD 0.03609f
C31 VDD a_9113_2786# 0.08458f
C32 VDD a_9553_2786# 0.24409f
C33 VDD a_1409_361# 0.0788f
C34 VDD a_10433_2786# 0.53067f
C35 a_2073_2786# VDD 0.03609f
C36 a_5593_2786# VDD 0.03609f
C37 Reset a_8673_2786# 0.01928f
C38 VDD a_9993_2786# 0.35474f
C39 a_6033_2786# VDD 0.03609f
C40 a_n127_2786# a_313_2786# 2.49483f
C41 a_n1887_2786# a_n2327_2786# 2.49483f
C42 a_n1887_2786# Reset 0.01652f
C43 a_8233_2786# a_8673_2786# 2.49483f
C44 a_7353_2786# VDD 0.03609f
C45 VDD a_2953_2786# 0.03609f
C46 Reset a_313_2786# 0.01928f
C47 a_6473_2786# Reset 0.01928f
C48 Reset a_9113_2786# 0.01928f
C49 Reset a_9553_2786# 0.01928f
C50 Reset a_1409_361# 0.11287f
C51 a_10873_2786# a_10433_2786# 2.49483f
C52 VDD a_2513_2786# 0.03609f
C53 a_n3207_2786# a_n2767_2786# 2.49483f
C54 Reset a_10433_2786# 0.01928f
C55 a_6913_2786# VDD 0.03609f
C56 a_4273_2786# a_4713_2786# 2.49483f
C57 a_2073_2786# Reset 0.02238f
C58 a_n3207_2786# a_n3647_2786# 2.49483f
C59 a_1633_2786# a_2073_2786# 2.49483f
C60 a_4273_2786# VDD 0.03609f
C61 a_5593_2786# Reset 0.01928f
C62 Reset a_9993_2786# 0.01928f
C63 a_6033_2786# Reset 0.01928f
C64 a_n1887_2786# a_n1447_2786# 2.49483f
C65 a_4273_2786# a_3833_2786# 2.49483f
C66 a_7353_2786# Reset 0.01928f
C67 a_n2767_2786# a_n2327_2786# 2.49483f
C68 a_7793_2786# VDD 0.03609f
C69 Reset a_2953_2786# 0.01928f
C70 a_3393_2786# VDD 0.03609f
C71 a_5153_2786# a_5593_2786# 2.49483f
C72 a_3393_2786# a_3833_2786# 2.49483f
C73 Reset a_2513_2786# 0.01928f
C74 a_753_2786# a_1193_2786# 2.49483f
C75 a_6913_2786# Reset 0.01928f
C76 a_753_2786# VDD 0.03609f
C77 a_4273_2786# Reset 0.01928f
C78 a_n1007_2786# a_n567_2786# 2.49483f
C79 a_7793_2786# Reset 0.01928f
C80 a_9113_2786# a_8673_2786# 2.49483f
C81 a_3393_2786# Reset 0.01928f
C82 a_7793_2786# a_8233_2786# 2.49483f
C83 a_4713_2786# VDD 0.03609f
C84 a_1193_2786# VDD 0.03981f
C85 a_753_2786# Reset 0.01928f
C86 a_3833_2786# VDD 0.03609f
C87 a_9113_2786# a_9553_2786# 2.49483f
C88 a_n4527_2786# a_n4087_2786# 2.49483f
C89 a_n1007_2786# Reset 0.01933f
C90 a_n567_2786# a_n127_2786# 2.49483f
C91 a_6473_2786# a_6033_2786# 2.49483f
C92 a_9993_2786# a_9553_2786# 2.49483f
R0 Vref Vref.t0 8.33075
R1 Reset.n1 Reset.t4 26.5184
R2 Reset.n2 Reset.t3 24.68
R3 Reset.n3 Reset.t2 15.3378
R4 Reset.n0 Reset.t1 14.4167
R5 Reset.n1 Reset.n0 6.58742
R6 Reset.n0 Reset.t0 5.54749
R7 Reset Reset.n3 4.8517
R8 Reset.n2 Reset.n1 1.3349
R9 Reset.n3 Reset.n2 0.121567
R10 Vin Vin.t0 8.33075
R11 VDD.n82 VDD.t18 17.0005
R12 VDD.n75 VDD.t18 17.0005
R13 VDD.n81 VDD.t18 17.0005
R14 VDD.n77 VDD.t18 17.0005
R15 VDD.n78 VDD.t18 17.0005
R16 VDD.n82 VDD.t19 17.0005
R17 VDD.t19 VDD.n75 17.0005
R18 VDD.t19 VDD.n81 17.0005
R19 VDD.t19 VDD.n76 17.0005
R20 VDD.t19 VDD.n80 17.0005
R21 VDD.t19 VDD.n77 17.0005
R22 VDD.t19 VDD.n78 17.0005
R23 VDD.n29 VDD.t15 17.0005
R24 VDD.n21 VDD.t15 17.0005
R25 VDD.n28 VDD.t15 17.0005
R26 VDD.n24 VDD.t15 17.0005
R27 VDD.n25 VDD.t15 17.0005
R28 VDD.n29 VDD.t16 17.0005
R29 VDD.t16 VDD.n21 17.0005
R30 VDD.t16 VDD.n28 17.0005
R31 VDD.t16 VDD.n23 17.0005
R32 VDD.t16 VDD.n27 17.0005
R33 VDD.t16 VDD.n24 17.0005
R34 VDD.t16 VDD.n25 17.0005
R35 VDD.n106 VDD.t1 17.0005
R36 VDD.n6 VDD.t1 17.0005
R37 VDD.n105 VDD.t1 17.0005
R38 VDD.n7 VDD.t1 17.0005
R39 VDD.n102 VDD.t1 17.0005
R40 VDD.n8 VDD.t1 17.0005
R41 VDD.n99 VDD.t1 17.0005
R42 VDD.n9 VDD.t1 17.0005
R43 VDD.n96 VDD.t1 17.0005
R44 VDD.n10 VDD.t1 17.0005
R45 VDD.n93 VDD.t1 17.0005
R46 VDD.n11 VDD.t1 17.0005
R47 VDD.n90 VDD.t1 17.0005
R48 VDD.n12 VDD.t1 17.0005
R49 VDD.n87 VDD.t1 17.0005
R50 VDD.n106 VDD.t9 17.0005
R51 VDD.n6 VDD.t9 17.0005
R52 VDD.n105 VDD.t9 17.0005
R53 VDD.n7 VDD.t9 17.0005
R54 VDD.n102 VDD.t9 17.0005
R55 VDD.n8 VDD.t9 17.0005
R56 VDD.n99 VDD.t9 17.0005
R57 VDD.n9 VDD.t9 17.0005
R58 VDD.n96 VDD.t9 17.0005
R59 VDD.n10 VDD.t9 17.0005
R60 VDD.n93 VDD.t9 17.0005
R61 VDD.n11 VDD.t9 17.0005
R62 VDD.n90 VDD.t9 17.0005
R63 VDD.n12 VDD.t9 17.0005
R64 VDD.n87 VDD.t9 17.0005
R65 VDD.n106 VDD.t10 17.0005
R66 VDD.t10 VDD.n6 17.0005
R67 VDD.t10 VDD.n105 17.0005
R68 VDD.t10 VDD.n7 17.0005
R69 VDD.t10 VDD.n102 17.0005
R70 VDD.t10 VDD.n8 17.0005
R71 VDD.t10 VDD.n99 17.0005
R72 VDD.t10 VDD.n9 17.0005
R73 VDD.t10 VDD.n96 17.0005
R74 VDD.t10 VDD.n10 17.0005
R75 VDD.t10 VDD.n93 17.0005
R76 VDD.t10 VDD.n11 17.0005
R77 VDD.t10 VDD.n90 17.0005
R78 VDD.t10 VDD.n12 17.0005
R79 VDD.t10 VDD.n87 17.0005
R80 VDD.n61 VDD.t12 17.0005
R81 VDD.n34 VDD.t12 17.0005
R82 VDD.n58 VDD.t12 17.0005
R83 VDD.n35 VDD.t12 17.0005
R84 VDD.n55 VDD.t12 17.0005
R85 VDD.n36 VDD.t12 17.0005
R86 VDD.n52 VDD.t12 17.0005
R87 VDD.n37 VDD.t12 17.0005
R88 VDD.n49 VDD.t12 17.0005
R89 VDD.n38 VDD.t12 17.0005
R90 VDD.n46 VDD.t12 17.0005
R91 VDD.n39 VDD.t12 17.0005
R92 VDD.n43 VDD.t12 17.0005
R93 VDD.n40 VDD.t12 17.0005
R94 VDD.n62 VDD.t12 17.0005
R95 VDD.n61 VDD.t13 17.0005
R96 VDD.n34 VDD.t13 17.0005
R97 VDD.n58 VDD.t13 17.0005
R98 VDD.n35 VDD.t13 17.0005
R99 VDD.n55 VDD.t13 17.0005
R100 VDD.n36 VDD.t13 17.0005
R101 VDD.n52 VDD.t13 17.0005
R102 VDD.n37 VDD.t13 17.0005
R103 VDD.n49 VDD.t13 17.0005
R104 VDD.n38 VDD.t13 17.0005
R105 VDD.n46 VDD.t13 17.0005
R106 VDD.n39 VDD.t13 17.0005
R107 VDD.n43 VDD.t13 17.0005
R108 VDD.n40 VDD.t13 17.0005
R109 VDD.n62 VDD.t13 17.0005
R110 VDD.t2 VDD.n61 17.0005
R111 VDD.t2 VDD.n34 17.0005
R112 VDD.t2 VDD.n58 17.0005
R113 VDD.t2 VDD.n35 17.0005
R114 VDD.t2 VDD.n55 17.0005
R115 VDD.t2 VDD.n36 17.0005
R116 VDD.t2 VDD.n52 17.0005
R117 VDD.t2 VDD.n37 17.0005
R118 VDD.t2 VDD.n49 17.0005
R119 VDD.t2 VDD.n38 17.0005
R120 VDD.t2 VDD.n46 17.0005
R121 VDD.t2 VDD.n39 17.0005
R122 VDD.t2 VDD.n43 17.0005
R123 VDD.t2 VDD.n40 17.0005
R124 VDD.n62 VDD.t2 17.0005
R125 VDD.n84 VDD.n83 17.0005
R126 VDD.n84 VDD.n72 17.0005
R127 VDD.n84 VDD.n71 17.0005
R128 VDD.n84 VDD.n70 17.0005
R129 VDD.n84 VDD.n17 17.0005
R130 VDD.n84 VDD.n18 17.0005
R131 VDD.n84 VDD.n19 17.0005
R132 VDD.n84 VDD.n30 17.0005
R133 VDD.n60 VDD.n4 17.0005
R134 VDD.n56 VDD.n4 17.0005
R135 VDD.n57 VDD.n4 17.0005
R136 VDD.n53 VDD.n4 17.0005
R137 VDD.n54 VDD.n4 17.0005
R138 VDD.n50 VDD.n4 17.0005
R139 VDD.n51 VDD.n4 17.0005
R140 VDD.n47 VDD.n4 17.0005
R141 VDD.n48 VDD.n4 17.0005
R142 VDD.n44 VDD.n4 17.0005
R143 VDD.n45 VDD.n4 17.0005
R144 VDD.n41 VDD.n4 17.0005
R145 VDD.n42 VDD.n4 17.0005
R146 VDD.n33 VDD.n4 17.0005
R147 VDD.n13 VDD.n4 17.0005
R148 VDD.n89 VDD.n4 17.0005
R149 VDD.n88 VDD.n4 17.0005
R150 VDD.n92 VDD.n4 17.0005
R151 VDD.n91 VDD.n4 17.0005
R152 VDD.n95 VDD.n4 17.0005
R153 VDD.n94 VDD.n4 17.0005
R154 VDD.n98 VDD.n4 17.0005
R155 VDD.n97 VDD.n4 17.0005
R156 VDD.n101 VDD.n4 17.0005
R157 VDD.n100 VDD.n4 17.0005
R158 VDD.n104 VDD.n4 17.0005
R159 VDD.n103 VDD.n4 17.0005
R160 VDD.n5 VDD.n4 17.0005
R161 VDD.n110 VDD.t20 15.462
R162 VDD.n107 VDD.t8 15.1509
R163 VDD.n59 VDD.t11 15.1493
R164 VDD.n74 VDD.t17 15.0005
R165 VDD.n31 VDD.t14 15.0005
R166 VDD.n84 VDD.n20 8.49629
R167 VDD.n84 VDD.n16 8.49629
R168 VDD.n84 VDD.n73 8.49596
R169 VDD.n84 VDD.n69 8.49596
R170 VDD.n26 VDD.t15 8.49567
R171 VDD.n79 VDD.t18 8.4953
R172 VDD.n63 VDD.n4 8.46995
R173 VDD.n111 VDD.n2 6.30394
R174 VDD.n86 VDD.n4 5.62487
R175 VDD.n111 VDD.n110 5.22983
R176 VDD.n0 VDD.t3 3.30717
R177 VDD.n110 VDD.n109 3.1123
R178 VDD.n108 VDD.n4 2.73885
R179 VDD.n22 VDD.t4 2.50629
R180 VDD.n2 VDD.t21 2.5005
R181 VDD.n1 VDD.t7 2.5005
R182 VDD.n0 VDD.t5 2.5005
R183 VDD.n84 VDD.n15 2.29894
R184 VDD.n14 VDD.n4 2.29289
R185 VDD.n64 VDD.t6 2.20133
R186 VDD.n65 VDD.n4 1.50642
R187 VDD.n85 VDD.t0 1.315
R188 VDD.n68 VDD.n67 1.1732
R189 VDD.n32 VDD.n31 1.08897
R190 VDD.n78 VDD.n68 1.08527
R191 VDD.n74 VDD.n32 1.08428
R192 VDD.n109 VDD.n3 0.969549
R193 VDD.n59 VDD.n3 0.87034
R194 VDD.n2 VDD.n1 0.807167
R195 VDD.n1 VDD.n0 0.807167
R196 VDD.n4 VDD.n3 0.783566
R197 VDD.n65 VDD.n64 0.638442
R198 VDD.n66 VDD.n65 0.511537
R199 VDD.n85 VDD.n14 0.490233
R200 VDD.n64 VDD.n14 0.476339
R201 VDD.n84 VDD.n68 0.450509
R202 VDD.n25 VDD.n15 0.436777
R203 VDD.n108 VDD.n107 0.356862
R204 VDD.n84 VDD.n32 0.34687
R205 VDD.n67 VDD.n15 0.319721
R206 VDD.n67 VDD.n66 0.293833
R207 VDD.n109 VDD.n108 0.291322
R208 VDD.t0 VDD.n84 0.243357
R209 VDD.t0 VDD.n4 0.236611
R210 VDD.n66 VDD.n63 0.169439
R211 VDD.n87 VDD.n86 0.159572
R212 VDD.n63 VDD.n62 0.115356
R213 VDD VDD.n111 0.1109
R214 VDD.n86 VDD.n85 0.0888312
R215 VDD.n83 VDD.n82 0.0197722
R216 VDD.n51 VDD.n37 0.0192
R217 VDD.n47 VDD.n37 0.0192
R218 VDD.n98 VDD.n9 0.019107
R219 VDD.n94 VDD.n9 0.019107
R220 VDD.n75 VDD.n72 0.0188828
R221 VDD.n52 VDD.n50 0.01865
R222 VDD.n49 VDD.n48 0.01865
R223 VDD.n77 VDD.n70 0.0185863
R224 VDD.n99 VDD.n97 0.0185597
R225 VDD.n96 VDD.n95 0.0185597
R226 VDD.n30 VDD.n29 0.0185101
R227 VDD.n54 VDD.n36 0.0181
R228 VDD.n44 VDD.n38 0.0181
R229 VDD.n101 VDD.n8 0.0180124
R230 VDD.n91 VDD.n10 0.0180124
R231 VDD.n21 VDD.n19 0.0176788
R232 VDD.n55 VDD.n53 0.01755
R233 VDD.n46 VDD.n45 0.01755
R234 VDD.n102 VDD.n100 0.0174652
R235 VDD.n93 VDD.n92 0.0174652
R236 VDD.n24 VDD.n17 0.0174018
R237 VDD.n57 VDD.n35 0.017
R238 VDD.n41 VDD.n39 0.017
R239 VDD.n104 VDD.n7 0.0169179
R240 VDD.n88 VDD.n11 0.0169179
R241 VDD.n58 VDD.n56 0.01645
R242 VDD.n43 VDD.n42 0.01645
R243 VDD.n105 VDD.n103 0.0163706
R244 VDD.n90 VDD.n89 0.0163706
R245 VDD.n81 VDD.n71 0.0162143
R246 VDD.n60 VDD.n34 0.0159
R247 VDD.n40 VDD.n33 0.0159
R248 VDD.n6 VDD.n5 0.0158234
R249 VDD.n13 VDD.n12 0.0158234
R250 VDD.n28 VDD.n18 0.0151851
R251 VDD.n83 VDD.n74 0.0150283
R252 VDD.n31 VDD.n30 0.0140768
R253 VDD.n77 VDD.n69 0.0131504
R254 VDD.n75 VDD.n73 0.0128539
R255 VDD.n79 VDD.n76 0.0124074
R256 VDD.n80 VDD.n79 0.0124074
R257 VDD.n24 VDD.n16 0.012355
R258 VDD.n21 VDD.n20 0.0120779
R259 VDD.n82 VDD.n73 0.0119644
R260 VDD.n26 VDD.n23 0.0116608
R261 VDD.n27 VDD.n26 0.0116608
R262 VDD.n78 VDD.n69 0.0113714
R263 VDD.n29 VDD.n20 0.0112467
R264 VDD.n25 VDD.n16 0.0106925
R265 VDD.n61 VDD.n59 0.00875
R266 VDD.n107 VDD.n106 0.00870895
R267 VDD.n76 VDD.n71 0.00731941
R268 VDD.n23 VDD.n22 0.00631864
R269 VDD.n80 VDD.n70 0.00524394
R270 VDD.n81 VDD.n72 0.00494744
R271 VDD.n27 VDD.n17 0.00493325
R272 VDD.n28 VDD.n19 0.00465617
R273 VDD.n61 VDD.n60 0.00435
R274 VDD.n62 VDD.n33 0.00435
R275 VDD.n106 VDD.n5 0.00433085
R276 VDD.n87 VDD.n13 0.00433085
R277 VDD.n56 VDD.n34 0.0038
R278 VDD.n42 VDD.n40 0.0038
R279 VDD.n103 VDD.n6 0.00378358
R280 VDD.n89 VDD.n12 0.00378358
R281 VDD.n58 VDD.n57 0.00325
R282 VDD.n43 VDD.n41 0.00325
R283 VDD.n105 VDD.n104 0.00323632
R284 VDD.n90 VDD.n88 0.00323632
R285 VDD.n53 VDD.n35 0.0027
R286 VDD.n45 VDD.n39 0.0027
R287 VDD.n100 VDD.n7 0.00268905
R288 VDD.n92 VDD.n11 0.00268905
R289 VDD.n55 VDD.n54 0.00215
R290 VDD.n46 VDD.n44 0.00215
R291 VDD.n102 VDD.n101 0.00214179
R292 VDD.n93 VDD.n91 0.00214179
R293 VDD.n50 VDD.n36 0.0016
R294 VDD.n48 VDD.n38 0.0016
R295 VDD.n97 VDD.n8 0.00159453
R296 VDD.n95 VDD.n10 0.00159453
R297 VDD.n22 VDD.n18 0.00105416
R298 VDD.n52 VDD.n51 0.00105
R299 VDD.n49 VDD.n47 0.00105
R300 VDD.n99 VDD.n98 0.00104726
R301 VDD.n96 VDD.n94 0.00104726
R302 GND.n64 GND.n23 16600.6
R303 GND.n216 GND.t6 2955.26
R304 GND.n218 GND.t7 718.687
R305 GND.n286 GND.n22 550.61
R306 GND.t11 GND.t8 150.84
R307 GND.t6 GND.t11 150.84
R308 GND.t8 GND.n199 108.331
R309 GND.t29 GND.t37 76.9191
R310 GND.t28 GND.t29 76.9191
R311 GND.t20 GND.t28 76.9191
R312 GND.t36 GND.t20 76.9191
R313 GND.t30 GND.t36 76.9191
R314 GND.t56 GND.t30 76.9191
R315 GND.t31 GND.t56 76.9191
R316 GND.t22 GND.t31 76.9191
R317 GND.t21 GND.t22 76.9191
R318 GND.t55 GND.t21 76.9191
R319 GND.t18 GND.t55 76.9191
R320 GND.t24 GND.t18 76.9191
R321 GND.t17 GND.t24 76.9191
R322 GND.t23 GND.t17 76.9191
R323 GND.t54 GND.t23 76.9191
R324 GND.t16 GND.t54 76.9191
R325 GND.t53 GND.t16 76.9191
R326 GND.t12 GND.t53 76.9191
R327 GND.t15 GND.t12 76.9191
R328 GND.t58 GND.t15 76.9191
R329 GND.n199 GND.n52 76.5314
R330 GND.n286 GND.t7 59.3636
R331 GND.n289 GND.t50 55.1699
R332 GND.n290 GND.n4 53.5632
R333 GND.n283 GND.n281 50.7269
R334 GND.n285 GND.n283 50.7269
R335 GND.n290 GND.n289 50.7269
R336 GND.n286 GND.n21 46.3383
R337 GND.n300 GND.n4 45.0911
R338 GND.n77 GND.t27 42.7953
R339 GND.n281 GND.n23 42.2539
R340 GND.t25 GND.n63 34.5581
R341 GND.n106 GND.t58 33.8405
R342 GND.n288 GND.n286 27.8475
R343 GND.n63 GND.t42 26.6975
R344 GND.n286 GND.n285 22.8798
R345 GND.n58 GND.t46 21.6922
R346 GND.t46 GND.n52 21.6764
R347 GND.t50 GND.n288 21.3895
R348 GND.n45 GND.n43 20.373
R349 GND.n220 GND.n219 20.373
R350 GND.n220 GND.n44 20.373
R351 GND.n219 GND.n43 20.373
R352 GND.n45 GND.n41 20.373
R353 GND.t27 GND.n58 18.1997
R354 GND.n182 GND.t5 17.1274
R355 GND.n90 GND.t1 17.0005
R356 GND.t3 GND.n156 17.0005
R357 GND.t3 GND.n124 17.0005
R358 GND.t3 GND.n152 17.0005
R359 GND.t3 GND.n125 17.0005
R360 GND.t3 GND.n148 17.0005
R361 GND.t3 GND.n126 17.0005
R362 GND.t3 GND.n144 17.0005
R363 GND.t3 GND.n127 17.0005
R364 GND.t3 GND.n140 17.0005
R365 GND.t3 GND.n128 17.0005
R366 GND.t3 GND.n136 17.0005
R367 GND.t3 GND.n129 17.0005
R368 GND.t3 GND.n132 17.0005
R369 GND.n157 GND.t3 17.0005
R370 GND.t3 GND.n123 17.0005
R371 GND.t48 GND.n81 17.0005
R372 GND.n83 GND.t48 17.0005
R373 GND.n82 GND.t48 17.0005
R374 GND.t47 GND.n81 17.0005
R375 GND.n83 GND.t47 17.0005
R376 GND.t47 GND.n82 17.0005
R377 GND.n85 GND.n80 17.0005
R378 GND.n85 GND.n84 17.0005
R379 GND.n154 GND.n153 17.0005
R380 GND.n155 GND.n154 17.0005
R381 GND.n150 GND.n149 17.0005
R382 GND.n151 GND.n150 17.0005
R383 GND.n146 GND.n145 17.0005
R384 GND.n147 GND.n146 17.0005
R385 GND.n142 GND.n141 17.0005
R386 GND.n143 GND.n142 17.0005
R387 GND.n138 GND.n137 17.0005
R388 GND.n139 GND.n138 17.0005
R389 GND.n134 GND.n133 17.0005
R390 GND.n135 GND.n134 17.0005
R391 GND.n131 GND.n130 17.0005
R392 GND.n130 GND.n120 17.0005
R393 GND.n191 GND.n168 17.0005
R394 GND.n188 GND.n168 17.0005
R395 GND.n191 GND.n190 17.0005
R396 GND.n75 GND.n56 17.0005
R397 GND.n68 GND.n65 17.0005
R398 GND.n85 GND.n61 17.0005
R399 GND.n71 GND.n70 17.0005
R400 GND.n221 GND.n21 17.0005
R401 GND.n256 GND.n253 17.0005
R402 GND.n256 GND.n255 17.0005
R403 GND.t42 GND.n59 16.0268
R404 GND.t57 GND.n106 15.7427
R405 GND.n254 GND.t33 15.735
R406 GND.n164 GND.t34 15.559
R407 GND.n72 GND.t41 15.0676
R408 GND.n78 GND.t45 15.0005
R409 GND.n104 GND.n99 12.4149
R410 GND.n170 GND.t2 11.7131
R411 GND.n162 GND.n108 11.5966
R412 GND.n64 GND.n59 11.1244
R413 GND.t13 GND.n108 10.8957
R414 GND.n195 GND.t0 10.3146
R415 GND.n216 GND.n41 10.1867
R416 GND.n44 GND.n21 10.1867
R417 GND.n110 GND.t32 10.1398
R418 GND.n29 GND.t35 10.0535
R419 GND.n198 GND.t9 9.44133
R420 GND.t14 GND.n99 9.09386
R421 GND.n101 GND.n92 8.97903
R422 GND.n193 GND.n192 8.91606
R423 GND.n186 GND.t10 8.91606
R424 GND.n216 GND.n42 8.501
R425 GND.n216 GND.n200 8.501
R426 GND.n213 GND.n209 8.501
R427 GND.n216 GND.n201 8.501
R428 GND.n213 GND.n208 8.501
R429 GND.n216 GND.n202 8.501
R430 GND.n213 GND.n207 8.501
R431 GND.n216 GND.n203 8.501
R432 GND.n213 GND.n206 8.501
R433 GND.n216 GND.n204 8.501
R434 GND.n214 GND.n213 8.501
R435 GND.n216 GND.n215 8.501
R436 GND.n217 GND.n216 8.501
R437 GND.n162 GND.n111 8.501
R438 GND.n162 GND.n112 8.501
R439 GND.n162 GND.n113 8.501
R440 GND.n162 GND.n114 8.501
R441 GND.n162 GND.n115 8.501
R442 GND.n162 GND.n116 8.501
R443 GND.n162 GND.n117 8.501
R444 GND.n162 GND.n118 8.501
R445 GND.n162 GND.n161 8.501
R446 GND.n162 GND.n94 8.501
R447 GND.n186 GND.n177 8.501
R448 GND.n186 GND.n169 8.501
R449 GND.n171 GND.n170 8.501
R450 GND.n187 GND.n186 8.501
R451 GND.n74 GND.n73 8.501
R452 GND.n39 GND.n22 8.501
R453 GND.n227 GND.n22 8.501
R454 GND.n229 GND.n22 8.501
R455 GND.n37 GND.n22 8.501
R456 GND.n234 GND.n22 8.501
R457 GND.n236 GND.n22 8.501
R458 GND.n35 GND.n22 8.501
R459 GND.n241 GND.n22 8.501
R460 GND.n243 GND.n22 8.501
R461 GND.n33 GND.n22 8.501
R462 GND.n248 GND.n22 8.501
R463 GND.n250 GND.n22 8.501
R464 GND.n31 GND.n22 8.501
R465 GND.n257 GND.n22 8.501
R466 GND.n265 GND.n23 8.501
R467 GND.n267 GND.n23 8.501
R468 GND.n26 GND.n23 8.501
R469 GND.n272 GND.n23 8.501
R470 GND.n274 GND.n23 8.501
R471 GND.n24 GND.n23 8.501
R472 GND.n279 GND.n23 8.501
R473 GND.n293 GND.n12 8.501
R474 GND.n293 GND.n292 8.501
R475 GND.n293 GND.n19 8.501
R476 GND.n293 GND.n18 8.501
R477 GND.n293 GND.n17 8.501
R478 GND.n293 GND.n16 8.501
R479 GND.n300 GND.n299 8.501
R480 GND.n300 GND.n10 8.501
R481 GND.n300 GND.n9 8.501
R482 GND.n301 GND.n300 8.501
R483 GND.n300 GND.n7 8.501
R484 GND.n300 GND.n6 8.501
R485 GND.n300 GND.n5 8.501
R486 GND.n213 GND.n210 8.5005
R487 GND.n194 GND.n93 8.5005
R488 GND.n194 GND.n103 8.5005
R489 GND.n194 GND.n98 8.5005
R490 GND.n195 GND.n194 8.5005
R491 GND.n165 GND.n163 8.5005
R492 GND.n165 GND.n164 8.5005
R493 GND.n165 GND.n110 8.5005
R494 GND.n194 GND.n193 8.5005
R495 GND.n197 GND.n53 8.5005
R496 GND.n197 GND.n196 8.5005
R497 GND.n192 GND.n191 8.5005
R498 GND.n85 GND.n77 8.5005
R499 GND.n70 GND.n68 8.5005
R500 GND.n303 GND.n302 8.5005
R501 GND.n85 GND.n79 8.494
R502 GND.n122 GND.n121 8.47137
R503 GND.n264 GND.n263 8.47086
R504 GND.n205 GND.n51 8.46995
R505 GND.n158 GND.n119 8.46995
R506 GND.n160 GND.n159 8.46995
R507 GND.n179 GND.n176 8.46995
R508 GND.n181 GND.n178 8.46995
R509 GND.n184 GND.n183 8.46995
R510 GND.n224 GND.n223 8.46995
R511 GND.n226 GND.n225 8.46995
R512 GND.n228 GND.n38 8.46995
R513 GND.n231 GND.n230 8.46995
R514 GND.n233 GND.n232 8.46995
R515 GND.n235 GND.n36 8.46995
R516 GND.n238 GND.n237 8.46995
R517 GND.n240 GND.n239 8.46995
R518 GND.n242 GND.n34 8.46995
R519 GND.n245 GND.n244 8.46995
R520 GND.n247 GND.n246 8.46995
R521 GND.n249 GND.n32 8.46995
R522 GND.n252 GND.n251 8.46995
R523 GND.n258 GND.n30 8.46995
R524 GND.n266 GND.n27 8.46995
R525 GND.n269 GND.n268 8.46995
R526 GND.n271 GND.n270 8.46995
R527 GND.n273 GND.n25 8.46995
R528 GND.n276 GND.n275 8.46995
R529 GND.n278 GND.n277 8.46995
R530 GND.n280 GND.n13 8.46995
R531 GND.n296 GND.n11 8.46995
R532 GND.n295 GND.n294 8.46995
R533 GND.n3 GND.n0 8.46995
R534 GND.n47 GND.n46 8.46995
R535 GND.n49 GND.n48 8.46995
R536 GND.n93 GND.n92 7.86717
R537 GND.n196 GND.n195 7.86717
R538 GND.t32 GND.n107 7.22668
R539 GND.n107 GND.t57 7.22535
R540 GND.n164 GND.t13 6.64347
R541 GND.n192 GND.n100 6.47164
R542 GND.t4 GND.n100 6.29637
R543 GND.n168 GND.t4 6.11902
R544 GND.n163 GND.n162 5.94421
R545 GND.n163 GND.n98 5.94421
R546 GND.n109 GND.n98 5.94421
R547 GND.n186 GND.n101 5.83236
R548 GND.n66 GND.t26 5.72809
R549 GND.n64 GND.n62 5.66778
R550 GND.n76 GND.n64 5.66778
R551 GND.n259 GND.n22 5.66778
R552 GND.n162 GND.n97 5.66767
R553 GND.n222 GND.n22 5.66767
R554 GND.n28 GND.n23 5.66767
R555 GND.n300 GND.n2 5.66767
R556 GND.n66 GND.t43 5.66717
R557 GND.n67 GND.t44 5.66717
R558 GND.n8 GND.n1 5.6405
R559 GND.n85 GND.n55 5.62486
R560 GND.n189 GND.n188 5.61281
R561 GND.n298 GND.n297 5.61281
R562 GND.n184 GND.n180 5.6052
R563 GND.t34 GND.n110 5.41976
R564 GND.n211 GND.t38 4.99721
R565 GND.n14 GND.t49 4.9972
R566 GND.n291 GND.n290 4.26477
R567 GND.n289 GND.n20 4.26477
R568 GND.n288 GND.n287 4.26477
R569 GND.n285 GND.n284 4.26477
R570 GND.n283 GND.n282 4.26477
R571 GND.n281 GND.n280 4.26477
R572 GND.n69 GND.n64 4.25119
R573 GND.n261 GND.n260 4.17435
R574 GND.n194 GND.n95 4.17416
R575 GND.n197 GND.n54 4.14411
R576 GND.n196 GND.n93 4.02124
R577 GND.n102 GND.n53 4.02124
R578 GND.n53 GND.t9 3.67161
R579 GND.n221 GND.n41 3.40813
R580 GND.n221 GND.n43 3.40813
R581 GND.n221 GND.n220 3.40813
R582 GND.n218 GND.n44 3.40813
R583 GND.n219 GND.n218 3.40813
R584 GND.n218 GND.n45 3.40813
R585 GND.n165 GND.n109 3.40177
R586 GND.n186 GND.n185 3.40096
R587 GND.n197 GND.n89 3.31178
R588 GND.n193 GND.n104 2.97235
R589 GND.n194 GND.n99 2.50235
R590 GND.n194 GND.n100 2.50235
R591 GND.n191 GND.n105 2.27253
R592 GND.n262 GND.n29 2.272
R593 GND.t10 GND.n103 2.09828
R594 GND.n191 GND.n167 1.95673
R595 GND.n14 GND.t51 1.78617
R596 GND.n211 GND.t40 1.78612
R597 GND.n199 GND.n198 1.77667
R598 GND.n60 GND.n29 1.75133
R599 GND.n77 GND.t25 1.74722
R600 GND.n212 GND.t39 1.7005
R601 GND.n15 GND.t52 1.7005
R602 GND.n102 GND.t0 1.57383
R603 GND.n50 GND.n49 1.5497
R604 GND.n191 GND.n104 1.54595
R605 GND.n197 GND.n92 1.54595
R606 GND.n221 GND.n40 1.5195
R607 GND.n122 GND.n96 1.50868
R608 GND.n205 GND.n50 1.46324
R609 GND.n172 GND.n96 1.38589
R610 GND.n298 GND.n4 1.1423
R611 GND.n198 GND.n197 1.13643
R612 GND.n166 GND.n165 1.11907
R613 GND.n174 GND.n91 1.05657
R614 GND.n86 GND.n85 0.952991
R615 GND.n91 GND.n90 0.926798
R616 GND.n87 GND.n86 0.890345
R617 GND.n60 GND.n57 0.883261
R618 GND.n170 GND.n103 0.874575
R619 GND.n86 GND.n56 0.831799
R620 GND.n194 GND.n101 0.806812
R621 GND.n83 GND.n57 0.788435
R622 GND.n194 GND.n102 0.73963
R623 GND.n85 GND.n57 0.713566
R624 GND.n224 GND.n40 0.707194
R625 GND.n181 GND.n167 0.606594
R626 GND.n213 GND.n40 0.585421
R627 GND.n197 GND.n91 0.583908
R628 GND.n167 GND.n166 0.555626
R629 GND.n85 GND.n59 0.491444
R630 GND.n166 GND.n105 0.438413
R631 GND.n173 GND.n172 0.408041
R632 GND.n173 GND.n105 0.392207
R633 GND.n190 GND.n189 0.374419
R634 GND.n261 GND.n30 0.374387
R635 GND.n88 GND.n54 0.371493
R636 GND.n246 GND.n245 0.367711
R637 GND.n109 GND.t14 0.35013
R638 GND.n72 GND.n71 0.337222
R639 GND.n88 GND.n87 0.332333
R640 GND.n90 GND.n89 0.325645
R641 GND.n180 GND.n179 0.323757
R642 GND.n159 GND.n95 0.319001
R643 GND.n175 GND.n174 0.301167
R644 GND GND.n303 0.293504
R645 GND.n85 GND.n63 0.292413
R646 GND.n295 GND.n1 0.269769
R647 GND.n165 GND.n107 0.263062
R648 GND.n297 GND.n296 0.257358
R649 GND.n269 GND.n27 0.250378
R650 GND.n270 GND.n269 0.250378
R651 GND.n270 GND.n25 0.250378
R652 GND.n276 GND.n25 0.250378
R653 GND.n277 GND.n276 0.250378
R654 GND.n159 GND.n158 0.250378
R655 GND.n49 GND.n47 0.250378
R656 GND.n47 GND.n0 0.250378
R657 GND.n183 GND.n181 0.250378
R658 GND.n225 GND.n224 0.250378
R659 GND.n225 GND.n38 0.250378
R660 GND.n231 GND.n38 0.250378
R661 GND.n232 GND.n231 0.250378
R662 GND.n232 GND.n36 0.250378
R663 GND.n238 GND.n36 0.250378
R664 GND.n239 GND.n238 0.250378
R665 GND.n239 GND.n34 0.250378
R666 GND.n245 GND.n34 0.250378
R667 GND.n246 GND.n32 0.250378
R668 GND.n252 GND.n32 0.250378
R669 GND.n296 GND.n295 0.250378
R670 GND.n263 GND.n27 0.248558
R671 GND.n174 GND.n54 0.246827
R672 GND.n172 GND.n95 0.225228
R673 GND.n78 GND.n55 0.205283
R674 GND.n262 GND.n261 0.204679
R675 GND.n89 GND.n88 0.204301
R676 GND.n277 GND.n13 0.195378
R677 GND.n253 GND.n252 0.187772
R678 GND.n255 GND.n30 0.187772
R679 GND.n297 GND.n293 0.187759
R680 GND.t2 GND.n168 0.175315
R681 GND.n293 GND.n13 0.158439
R682 GND.n303 GND.n0 0.154772
R683 GND.n182 GND.n180 0.148307
R684 GND.n179 GND.n175 0.132772
R685 GND.n165 GND.n106 0.131244
R686 GND.n213 GND.n205 0.125439
R687 GND.n189 GND.n175 0.125425
R688 GND.n71 GND.n61 0.125167
R689 GND.n73 GND.n72 0.1072
R690 GND.n73 GND.n56 0.0921667
R691 GND.n158 GND.n157 0.0898602
R692 GND.n87 GND.n55 0.089169
R693 GND.n165 GND.n108 0.0863787
R694 GND.n218 GND.n50 0.082522
R695 GND.n255 GND.n254 0.0793333
R696 GND.t35 GND.t19 0.0784377
R697 GND.n183 GND.n182 0.0722723
R698 GND.n123 GND.n122 0.0707414
R699 GND.n61 GND.n60 0.0701667
R700 GND.n190 GND.n173 0.0683333
R701 GND.n85 GND.n52 0.0636752
R702 GND.n263 GND.n262 0.0612855
R703 GND.n194 GND.n96 0.056265
R704 GND.n85 GND.n58 0.0559876
R705 GND.n254 GND.n253 0.0463333
R706 GND.n67 GND.n66 0.0436538
R707 GND.n303 GND.n1 0.0417482
R708 GND.n72 GND.n68 0.0415385
R709 GND.n82 GND.n79 0.0331233
R710 GND.n81 GND.n80 0.0318109
R711 GND.n293 GND.n15 0.0244412
R712 GND.n213 GND.n212 0.024413
R713 GND.n137 GND.n127 0.02387
R714 GND.n140 GND.n139 0.0226612
R715 GND.n15 GND.n14 0.0224217
R716 GND.n212 GND.n211 0.022343
R717 GND.n143 GND.n127 0.0222582
R718 GND.n84 GND.n81 0.0219232
R719 GND.n133 GND.n128 0.0210495
R720 GND.n144 GND.n141 0.0206465
R721 GND.n84 GND.n83 0.0202753
R722 GND.n136 GND.n135 0.0198407
R723 GND.n147 GND.n126 0.0194377
R724 GND.n148 GND.n145 0.0182289
R725 GND.n131 GND.n129 0.0182289
R726 GND.n153 GND.n123 0.0174231
R727 GND.n132 GND.n120 0.0170201
R728 GND.n151 GND.n125 0.0166172
R729 GND.n79 GND.n78 0.0158199
R730 GND.n156 GND.n155 0.0158114
R731 GND.n152 GND.n149 0.0154084
R732 GND.n149 GND.n124 0.0146026
R733 GND.n155 GND.n124 0.0137967
R734 GND.n152 GND.n151 0.0129908
R735 GND.n156 GND.n153 0.0125879
R736 GND.n157 GND.n120 0.0125879
R737 GND.n145 GND.n125 0.0117821
R738 GND.n132 GND.n131 0.0113791
R739 GND.n82 GND.n80 0.0103876
R740 GND.n148 GND.n147 0.0101703
R741 GND.n135 GND.n129 0.0101703
R742 GND.n141 GND.n126 0.00896154
R743 GND.n136 GND.n133 0.00855861
R744 GND.n144 GND.n143 0.00775275
R745 GND.n139 GND.n128 0.00734982
R746 GND.n140 GND.n137 0.0057381
R747 GND.n72 GND.n67 0.00473077
R748 GND.n185 GND.n178 0.0018
R749 GND.n259 GND.n258 0.00166667
R750 GND.n85 GND.n76 0.00166667
R751 GND.n70 GND.n62 0.00166667
R752 GND.n70 GND.n69 0.00162501
R753 GND.n209 GND.n201 0.0015
R754 GND.n208 GND.n202 0.0015
R755 GND.n207 GND.n203 0.0015
R756 GND.n206 GND.n204 0.0015
R757 GND.n215 GND.n214 0.0015
R758 GND.n209 GND.n200 0.0015
R759 GND.n208 GND.n201 0.0015
R760 GND.n207 GND.n202 0.0015
R761 GND.n206 GND.n203 0.0015
R762 GND.n214 GND.n204 0.0015
R763 GND.n69 GND.n65 0.00137498
R764 GND.n85 GND.n62 0.00133332
R765 GND.n76 GND.n75 0.00133332
R766 GND.n260 GND.n259 0.00133332
R767 GND.n185 GND.n184 0.00119999
R768 GND.n121 GND.n97 0.001
R769 GND.n121 GND.n111 0.001
R770 GND.n154 GND.n112 0.001
R771 GND.n150 GND.n113 0.001
R772 GND.n146 GND.n114 0.001
R773 GND.n142 GND.n115 0.001
R774 GND.n138 GND.n116 0.001
R775 GND.n134 GND.n117 0.001
R776 GND.n130 GND.n118 0.001
R777 GND.n161 GND.n119 0.001
R778 GND.n160 GND.n94 0.001
R779 GND.n223 GND.n222 0.001
R780 GND.n223 GND.n39 0.001
R781 GND.n227 GND.n226 0.001
R782 GND.n229 GND.n228 0.001
R783 GND.n230 GND.n37 0.001
R784 GND.n234 GND.n233 0.001
R785 GND.n236 GND.n235 0.001
R786 GND.n237 GND.n35 0.001
R787 GND.n241 GND.n240 0.001
R788 GND.n243 GND.n242 0.001
R789 GND.n244 GND.n33 0.001
R790 GND.n248 GND.n247 0.001
R791 GND.n250 GND.n249 0.001
R792 GND.n251 GND.n31 0.001
R793 GND.n257 GND.n256 0.001
R794 GND.n264 GND.n28 0.001
R795 GND.n265 GND.n264 0.001
R796 GND.n267 GND.n266 0.001
R797 GND.n268 GND.n26 0.001
R798 GND.n272 GND.n271 0.001
R799 GND.n274 GND.n273 0.001
R800 GND.n275 GND.n24 0.001
R801 GND.n279 GND.n278 0.001
R802 GND.n221 GND.n42 0.001
R803 GND.n210 GND.n200 0.001
R804 GND.n217 GND.n51 0.001
R805 GND.n210 GND.n42 0.001
R806 GND.n215 GND.n51 0.001
R807 GND.n218 GND.n217 0.001
R808 GND.n194 GND.n97 0.001
R809 GND.n154 GND.n111 0.001
R810 GND.n150 GND.n112 0.001
R811 GND.n146 GND.n113 0.001
R812 GND.n142 GND.n114 0.001
R813 GND.n138 GND.n115 0.001
R814 GND.n134 GND.n116 0.001
R815 GND.n130 GND.n117 0.001
R816 GND.n119 GND.n118 0.001
R817 GND.n161 GND.n160 0.001
R818 GND.n194 GND.n94 0.001
R819 GND.n191 GND.n171 0.001
R820 GND.n188 GND.n187 0.001
R821 GND.n177 GND.n176 0.001
R822 GND.n178 GND.n169 0.001
R823 GND.n184 GND.n177 0.001
R824 GND.n187 GND.n176 0.001
R825 GND.n191 GND.n169 0.001
R826 GND.n188 GND.n171 0.001
R827 GND.n75 GND.n74 0.001
R828 GND.n74 GND.n65 0.001
R829 GND.n222 GND.n221 0.001
R830 GND.n226 GND.n39 0.001
R831 GND.n228 GND.n227 0.001
R832 GND.n230 GND.n229 0.001
R833 GND.n233 GND.n37 0.001
R834 GND.n235 GND.n234 0.001
R835 GND.n237 GND.n236 0.001
R836 GND.n240 GND.n35 0.001
R837 GND.n242 GND.n241 0.001
R838 GND.n244 GND.n243 0.001
R839 GND.n247 GND.n33 0.001
R840 GND.n249 GND.n248 0.001
R841 GND.n251 GND.n250 0.001
R842 GND.n256 GND.n31 0.001
R843 GND.n258 GND.n257 0.001
R844 GND.n260 GND.n28 0.001
R845 GND.n266 GND.n265 0.001
R846 GND.n268 GND.n267 0.001
R847 GND.n271 GND.n26 0.001
R848 GND.n273 GND.n272 0.001
R849 GND.n275 GND.n274 0.001
R850 GND.n278 GND.n24 0.001
R851 GND.n280 GND.n16 0.001
R852 GND.n282 GND.n17 0.001
R853 GND.n284 GND.n18 0.001
R854 GND.n287 GND.n19 0.001
R855 GND.n292 GND.n20 0.001
R856 GND.n291 GND.n12 0.001
R857 GND.n299 GND.n298 0.001
R858 GND.n298 GND.n12 0.001
R859 GND.n292 GND.n291 0.001
R860 GND.n20 GND.n19 0.001
R861 GND.n287 GND.n18 0.001
R862 GND.n284 GND.n17 0.001
R863 GND.n282 GND.n16 0.001
R864 GND.n280 GND.n279 0.001
R865 GND.n218 GND.n5 0.001
R866 GND.n48 GND.n6 0.001
R867 GND.n46 GND.n7 0.001
R868 GND.n301 GND.n3 0.001
R869 GND.n302 GND.n2 0.001
R870 GND.n9 GND.n8 0.001
R871 GND.n294 GND.n10 0.001
R872 GND.n299 GND.n11 0.001
R873 GND.n11 GND.n10 0.001
R874 GND.n294 GND.n9 0.001
R875 GND.n7 GND.n3 0.001
R876 GND.n46 GND.n6 0.001
R877 GND.n48 GND.n5 0.001
R878 GND.n8 GND.n2 0.001
R879 GND.n302 GND.n301 0.001
R880 a_n746_n503.t0 a_n746_n503.t1 41.1547
R881 a_n2439_n142.t0 a_n2439_n142.n0 4.49363
R882 a_n2439_n142.t0 a_n2439_n142.n0 5.91037
R883 a_n2439_n142.n0 a_n2439_n142.t1 34.1005
R884 a_n772_n539.t0 a_n772_n539.n1 7.93905
R885 a_n772_n539.n1 a_n772_n539.n0 9.6023
R886 a_n772_n539.n1 a_n772_n539.t1 12.7493
R887 a_n772_n539.n0 a_n772_n539.t2 16.7437
R888 a_n772_n539.n0 a_n772_n539.t3 16.8926
R889 a_n4595_n604.t1 a_n4595_n604.n0 21.5811
R890 a_n4595_n604.n0 a_n4595_n604.t0 1.11868
R891 a_n4595_n604.n0 a_n4595_n604.t2 16.3737
R892 a_n4595_204.t1 a_n4595_204.n0 1.70275
R893 a_n4595_204.n0 a_n4595_204.t2 1.70289
R894 a_n4595_204.n0 a_n4595_204.t0 14.1781
R895 a_n4595_1122.t0 a_n4595_1122.n0 11.6541
R896 a_n4595_1122.n0 a_n4595_1122.n1 0.461889
R897 a_n4595_1122.n1 a_n4595_1122.t2 2.29261
R898 a_n4595_1122.n0 a_n4595_1122.t3 15.6506
R899 a_n4595_1122.n1 a_n4595_1122.t1 15.1697
R900 a_n2077_493.t0 a_n2077_493.n0 39.9886
R901 a_n2077_493.n0 a_n2077_493.t1 19.2639
R902 a_n2077_493.n0 a_n2077_493.t2 6.18308
R903 a_9113_2700.t0 a_9113_2700.n2 2.5005
R904 a_9113_2700.n0 a_9113_2700.t1 2.5005
R905 a_9113_2700.n1 a_9113_2700.t2 2.5005
R906 a_9113_2700.n2 a_9113_2700.t3 3.30717
R907 a_9113_2700.n2 a_9113_2700.n0 0.807167
R908 a_9113_2700.n0 a_9113_2700.n1 0.807167
R909 a_9113_2700.n1 a_9113_2700.t4 3.30717
R910 a_8673_10448.t0 a_8673_10448.t1 5.80717
R911 a_8233_2700.t0 a_8233_2700.t1 5.80717
R912 a_7793_10448.t0 a_7793_10448.t1 5.80717
R913 a_7353_2700.t0 a_7353_2700.t1 5.80717
R914 a_6913_10448.t0 a_6913_10448.t1 5.80717
R915 a_6473_2700.t0 a_6473_2700.t1 5.80717
R916 a_6033_10448.t0 a_6033_10448.t1 5.80717
R917 a_5593_2700.t0 a_5593_2700.t1 5.80717
R918 a_5153_10448.t0 a_5153_10448.t1 5.80717
R919 a_4713_2700.t0 a_4713_2700.t1 5.80717
R920 a_4273_10448.t0 a_4273_10448.t1 5.80717
R921 a_3833_2700.t0 a_3833_2700.t1 5.80717
R922 a_3393_10448.t0 a_3393_10448.t1 5.80717
R923 a_2953_2700.t0 a_2953_2700.t1 5.80717
R924 a_2513_10448.t0 a_2513_10448.t1 5.80717
R925 a_2073_2700.t0 a_2073_2700.t1 5.80717
R926 a_1633_10448.t0 a_1633_10448.t1 5.80717
R927 a_1193_2700.t0 a_1193_2700.t1 5.80717
R928 a_753_10448.t0 a_753_10448.t1 5.80717
R929 a_313_2700.t0 a_313_2700.t1 5.80717
R930 a_n127_10448.t0 a_n127_10448.t1 5.80717
R931 a_n567_2700.t0 a_n567_2700.t1 5.80717
R932 a_n1007_10448.t0 a_n1007_10448.t1 5.80717
R933 a_n1447_2700.t0 a_n1447_2700.t1 5.80717
R934 a_n1887_10448.t0 a_n1887_10448.t1 5.80717
R935 a_n2327_2700.t0 a_n2327_2700.t1 5.80717
R936 a_n2767_10448.t0 a_n2767_10448.t1 5.80717
R937 a_n3207_2700.t0 a_n3207_2700.t1 5.80717
R938 a_n3647_10448.t0 a_n3647_10448.t1 5.80717
R939 a_n4087_2700.t0 a_n4087_2700.t1 5.80717
R940 a_n4527_2700.n0 a_n4527_2700.t0 7.51535
R941 a_n4527_2700.t1 a_n4527_2700.n0 17.4826
R942 a_n4527_2700.n0 a_n4527_2700.n2 9.01674
R943 a_n4527_2700.n2 a_n4527_2700.t3 17.0795
R944 a_n4527_2700.n2 a_n4527_2700.n1 1.21783
R945 a_n4527_2700.n1 a_n4527_2700.t2 17.3141
R946 a_n4527_2700.n1 a_n4527_2700.t4 14.8581
R947 a_n4527_10448.t0 a_n4527_10448.t1 5.80717
C93 Vref GND 2.4567f
C94 Reset GND 1.10359p
C95 Vin GND 2.43843f
C96 VDD GND 11.20997f
C97 m2_3010_87# GND 0.2313f $ **FLOATING
C98 a_1409_361# GND 2.05556f
C99 a_10873_2786# GND 8.77095f
C100 a_10433_2786# GND 7.44083f
C101 a_9993_2786# GND 7.44083f
C102 a_9553_2786# GND 7.44083f
C103 a_9113_2786# GND 7.44083f
C104 a_8673_2786# GND 7.44083f
C105 a_8233_2786# GND 7.44083f
C106 a_7793_2786# GND 7.44083f
C107 a_7353_2786# GND 7.44083f
C108 a_6913_2786# GND 7.44083f
C109 a_6473_2786# GND 7.44083f
C110 a_6033_2786# GND 7.44083f
C111 a_5593_2786# GND 7.44083f
C112 a_5153_2786# GND 7.44083f
C113 a_4713_2786# GND 7.44083f
C114 a_4273_2786# GND 7.44083f
C115 a_3833_2786# GND 7.44083f
C116 a_3393_2786# GND 7.44083f
C117 a_2953_2786# GND 7.44083f
C118 a_2513_2786# GND 7.43367f
C119 a_2073_2786# GND 7.42997f
C120 a_1633_2786# GND 7.42997f
C121 a_1193_2786# GND 7.42997f
C122 a_753_2786# GND 7.42997f
C123 a_313_2786# GND 7.43001f
C124 a_n127_2786# GND 7.43001f
C125 a_n567_2786# GND 7.42997f
C126 a_n1007_2786# GND 7.42997f
C127 a_n1447_2786# GND 7.42997f
C128 a_n1887_2786# GND 7.42997f
C129 a_n2327_2786# GND 7.42997f
C130 a_n2767_2786# GND 7.42997f
C131 a_n3207_2786# GND 7.42997f
C132 a_n3647_2786# GND 7.42997f
C133 a_n4087_2786# GND 7.43008f
C134 a_n4527_2786# GND 8.77097f
C135 a_n4527_10448.t0 GND 0.11722f $ **FLOATING
C136 a_n4527_10448.t1 GND 0.11722f $ **FLOATING
C137 a_n4527_2700.t1 GND 0.01544f $ **FLOATING
C138 a_n4527_2700.t0 GND 0.0361f $ **FLOATING
C139 a_n4527_2700.n0 GND 0.06903f $ **FLOATING
C140 a_n4527_2700.t4 GND 1.7126f $ **FLOATING
C141 a_n4527_2700.n1 GND 0.88359f $ **FLOATING
C142 a_n4527_2700.t2 GND 0.85678f $ **FLOATING
C143 a_n4527_2700.n2 GND 0.23559f $ **FLOATING
C144 a_n4527_2700.t3 GND 0.06978f $ **FLOATING
C145 a_n4087_2700.t0 GND 0.20181f $ **FLOATING
C146 a_n4087_2700.t1 GND 0.20181f $ **FLOATING
C147 a_n3647_10448.t0 GND 0.15417f $ **FLOATING
C148 a_n3647_10448.t1 GND 0.15417f $ **FLOATING
C149 a_n3207_2700.t0 GND 0.2376f $ **FLOATING
C150 a_n3207_2700.t1 GND 0.2376f $ **FLOATING
C151 a_n2767_10448.t0 GND 0.15417f $ **FLOATING
C152 a_n2767_10448.t1 GND 0.15417f $ **FLOATING
C153 a_n2327_2700.t0 GND 0.24101f $ **FLOATING
C154 a_n2327_2700.t1 GND 0.24101f $ **FLOATING
C155 a_n1887_10448.t0 GND 0.15417f $ **FLOATING
C156 a_n1887_10448.t1 GND 0.15417f $ **FLOATING
C157 a_n1447_2700.t0 GND 0.23959f $ **FLOATING
C158 a_n1447_2700.t1 GND 0.23959f $ **FLOATING
C159 a_n1007_10448.t0 GND 0.15417f $ **FLOATING
C160 a_n1007_10448.t1 GND 0.15417f $ **FLOATING
C161 a_n567_2700.t0 GND 0.23332f $ **FLOATING
C162 a_n567_2700.t1 GND 0.23332f $ **FLOATING
C163 a_n127_10448.t0 GND 0.15417f $ **FLOATING
C164 a_n127_10448.t1 GND 0.15417f $ **FLOATING
C165 a_313_2700.t0 GND 0.20014f $ **FLOATING
C166 a_313_2700.t1 GND 0.20014f $ **FLOATING
C167 a_753_10448.t0 GND 0.15417f $ **FLOATING
C168 a_753_10448.t1 GND 0.15417f $ **FLOATING
C169 a_1193_2700.t0 GND 0.20297f $ **FLOATING
C170 a_1193_2700.t1 GND 0.20297f $ **FLOATING
C171 a_1633_10448.t0 GND 0.15417f $ **FLOATING
C172 a_1633_10448.t1 GND 0.15417f $ **FLOATING
C173 a_2073_2700.t0 GND 0.19047f $ **FLOATING
C174 a_2073_2700.t1 GND 0.19047f $ **FLOATING
C175 a_2513_10448.t0 GND 0.15417f $ **FLOATING
C176 a_2513_10448.t1 GND 0.15417f $ **FLOATING
C177 a_2953_2700.t0 GND 0.19632f $ **FLOATING
C178 a_2953_2700.t1 GND 0.19632f $ **FLOATING
C179 a_3393_10448.t0 GND 0.15417f $ **FLOATING
C180 a_3393_10448.t1 GND 0.15417f $ **FLOATING
C181 a_3833_2700.t0 GND 0.19632f $ **FLOATING
C182 a_3833_2700.t1 GND 0.19632f $ **FLOATING
C183 a_4273_10448.t0 GND 0.15417f $ **FLOATING
C184 a_4273_10448.t1 GND 0.15417f $ **FLOATING
C185 a_4713_2700.t0 GND 0.19632f $ **FLOATING
C186 a_4713_2700.t1 GND 0.19632f $ **FLOATING
C187 a_5153_10448.t0 GND 0.15417f $ **FLOATING
C188 a_5153_10448.t1 GND 0.15417f $ **FLOATING
C189 a_5593_2700.t0 GND 0.19632f $ **FLOATING
C190 a_5593_2700.t1 GND 0.19632f $ **FLOATING
C191 a_6033_10448.t0 GND 0.15417f $ **FLOATING
C192 a_6033_10448.t1 GND 0.15417f $ **FLOATING
C193 a_6473_2700.t0 GND 0.19632f $ **FLOATING
C194 a_6473_2700.t1 GND 0.19632f $ **FLOATING
C195 a_6913_10448.t0 GND 0.15417f $ **FLOATING
C196 a_6913_10448.t1 GND 0.15417f $ **FLOATING
C197 a_7353_2700.t0 GND 0.19632f $ **FLOATING
C198 a_7353_2700.t1 GND 0.19632f $ **FLOATING
C199 a_7793_10448.t0 GND 0.15417f $ **FLOATING
C200 a_7793_10448.t1 GND 0.15417f $ **FLOATING
C201 a_8233_2700.t0 GND 0.19632f $ **FLOATING
C202 a_8233_2700.t1 GND 0.19632f $ **FLOATING
C203 a_8673_10448.t0 GND 0.15443f $ **FLOATING
C204 a_8673_10448.t1 GND 0.15443f $ **FLOATING
C205 a_9113_2700.t0 GND 0.09211f $ **FLOATING
C206 a_9113_2700.t3 GND 0.10842f $ **FLOATING
C207 a_9113_2700.t1 GND 0.09211f $ **FLOATING
C208 a_9113_2700.n0 GND 0.07069f $ **FLOATING
C209 a_9113_2700.t2 GND 0.09211f $ **FLOATING
C210 a_9113_2700.n1 GND 0.12122f $ **FLOATING
C211 a_9113_2700.t4 GND 0.10842f $ **FLOATING
C212 a_9113_2700.n2 GND 0.12122f $ **FLOATING
C213 a_n2077_493.t0 GND 0.39704f $ **FLOATING
C214 a_n2077_493.t2 GND 0.57186f $ **FLOATING
C215 a_n2077_493.t1 GND 2.08458f $ **FLOATING
C216 a_n2077_493.n0 GND 2.39816f $ **FLOATING
C217 a_n4595_1122.t0 GND 1.68019f $ **FLOATING
C218 a_n4595_1122.n0 GND 0.91624f $ **FLOATING
C219 a_n4595_1122.t1 GND 0.13921f $ **FLOATING
C220 a_n4595_1122.t3 GND 0.13993f $ **FLOATING
C221 a_n4595_1122.t2 GND 0.39759f $ **FLOATING
C222 a_n4595_1122.n1 GND 0.10505f $ **FLOATING
C223 a_n4595_204.t1 GND 0.20577f $ **FLOATING
C224 a_n4595_204.n0 GND 2.24063f $ **FLOATING
C225 a_n4595_204.t2 GND 0.20582f $ **FLOATING
C226 a_n4595_204.t0 GND 1.36575f $ **FLOATING
C227 a_n4595_n604.t1 GND 1.64007f $ **FLOATING
C228 a_n4595_n604.n0 GND 1.77336f $ **FLOATING
C229 a_n4595_n604.t2 GND 0.29754f $ **FLOATING
C230 a_n4595_n604.t0 GND 0.71296f $ **FLOATING
C231 a_n772_n539.t1 GND 6.49173f $ **FLOATING
C232 a_n772_n539.n1 GND 0.01337f $ **FLOATING
C233 a_n2439_n142.t0 GND 0.38749f $ **FLOATING
C234 a_n2439_n142.n0 GND 1.46201f $ **FLOATING
C235 a_n2439_n142.t1 GND 2.08567f $ **FLOATING
C236 a_n746_n503.t0 GND 0.69813f $ **FLOATING
C237 a_n746_n503.t1 GND 1.28631f $ **FLOATING
C238 VDD.t21 GND 0.0378f $ **FLOATING
C239 VDD.t3 GND 0.04449f $ **FLOATING
C240 VDD.t5 GND 0.0378f $ **FLOATING
C241 VDD.n0 GND 0.04975f $ **FLOATING
C242 VDD.t7 GND 0.0378f $ **FLOATING
C243 VDD.n1 GND 0.02901f $ **FLOATING
C244 VDD.n2 GND 1.04258f $ **FLOATING
C245 VDD.n3 GND 0.02979f $ **FLOATING
C246 VDD.n4 GND 0.34023f $ **FLOATING
C247 VDD.t8 GND 0.03333f $ **FLOATING
C248 VDD.t9 GND 0.07772f $ **FLOATING
C249 VDD.n5 GND 0.01546f $ **FLOATING
C250 VDD.t1 GND 0.07772f $ **FLOATING
C251 VDD.n6 GND 0.01502f $ **FLOATING
C252 VDD.n7 GND 0.01502f $ **FLOATING
C253 VDD.n8 GND 0.01502f $ **FLOATING
C254 VDD.n9 GND 0.03004f $ **FLOATING
C255 VDD.n10 GND 0.01502f $ **FLOATING
C256 VDD.n11 GND 0.01502f $ **FLOATING
C257 VDD.n12 GND 0.01502f $ **FLOATING
C258 VDD.n13 GND 0.01546f $ **FLOATING
C259 VDD.n14 GND 0.0134f $ **FLOATING
C260 VDD.n17 GND 0.0168f $ **FLOATING
C261 VDD.n18 GND 0.012f $ **FLOATING
C262 VDD.n19 GND 0.0168f $ **FLOATING
C263 VDD.t15 GND 0.03886f $ **FLOATING
C264 VDD.n21 GND 0.02866f $ **FLOATING
C265 VDD.t4 GND 0.03952f $ **FLOATING
C266 VDD.n22 GND 0.04214f $ **FLOATING
C267 VDD.n23 GND 0.02138f $ **FLOATING
C268 VDD.n24 GND 0.02852f $ **FLOATING
C269 VDD.n25 GND 0.03675f $ **FLOATING
C270 VDD.n27 GND 0.02029f $ **FLOATING
C271 VDD.n28 GND 0.01483f $ **FLOATING
C272 VDD.t16 GND 0.03886f $ **FLOATING
C273 VDD.n29 GND 0.02912f $ **FLOATING
C274 VDD.n30 GND 0.02487f $ **FLOATING
C275 VDD.t14 GND 0.01933f $ **FLOATING
C276 VDD.n31 GND 0.05194f $ **FLOATING
C277 VDD.n32 GND 0.04444f $ **FLOATING
C278 VDD.n33 GND 0.01538f $ **FLOATING
C279 VDD.t13 GND 0.07772f $ **FLOATING
C280 VDD.t12 GND 0.07772f $ **FLOATING
C281 VDD.n34 GND 0.01495f $ **FLOATING
C282 VDD.n35 GND 0.01495f $ **FLOATING
C283 VDD.n36 GND 0.01495f $ **FLOATING
C284 VDD.n37 GND 0.02989f $ **FLOATING
C285 VDD.n38 GND 0.01495f $ **FLOATING
C286 VDD.n39 GND 0.01495f $ **FLOATING
C287 VDD.n40 GND 0.01495f $ **FLOATING
C288 VDD.n41 GND 0.01538f $ **FLOATING
C289 VDD.n42 GND 0.01538f $ **FLOATING
C290 VDD.n43 GND 0.01495f $ **FLOATING
C291 VDD.n44 GND 0.01538f $ **FLOATING
C292 VDD.n45 GND 0.01538f $ **FLOATING
C293 VDD.n46 GND 0.01495f $ **FLOATING
C294 VDD.n47 GND 0.01538f $ **FLOATING
C295 VDD.n48 GND 0.01538f $ **FLOATING
C296 VDD.n49 GND 0.01495f $ **FLOATING
C297 VDD.n50 GND 0.01538f $ **FLOATING
C298 VDD.n51 GND 0.01538f $ **FLOATING
C299 VDD.n52 GND 0.01495f $ **FLOATING
C300 VDD.n53 GND 0.01538f $ **FLOATING
C301 VDD.n54 GND 0.01538f $ **FLOATING
C302 VDD.n55 GND 0.01495f $ **FLOATING
C303 VDD.n56 GND 0.01538f $ **FLOATING
C304 VDD.n57 GND 0.01538f $ **FLOATING
C305 VDD.n58 GND 0.01495f $ **FLOATING
C306 VDD.t11 GND 0.03333f $ **FLOATING
C307 VDD.n59 GND 0.04316f $ **FLOATING
C308 VDD.n60 GND 0.01538f $ **FLOATING
C309 VDD.t2 GND 0.07772f $ **FLOATING
C310 VDD.n62 GND 0.01818f $ **FLOATING
C311 VDD.t6 GND 0.10868f $ **FLOATING
C312 VDD.n64 GND 0.06283f $ **FLOATING
C313 VDD.n65 GND 0.0144f $ **FLOATING
C314 VDD.n66 GND 0.02458f $ **FLOATING
C315 VDD.n67 GND 0.0452f $ **FLOATING
C316 VDD.n68 GND 0.04343f $ **FLOATING
C317 VDD.n70 GND 0.0157f $ **FLOATING
C318 VDD.n71 GND 0.01549f $ **FLOATING
C319 VDD.n72 GND 0.0157f $ **FLOATING
C320 VDD.t17 GND 0.01933f $ **FLOATING
C321 VDD.n74 GND 0.05066f $ **FLOATING
C322 VDD.t18 GND 0.03886f $ **FLOATING
C323 VDD.n75 GND 0.02677f $ **FLOATING
C324 VDD.n76 GND 0.02038f $ **FLOATING
C325 VDD.n77 GND 0.02664f $ **FLOATING
C326 VDD.n78 GND 0.05534f $ **FLOATING
C327 VDD.n80 GND 0.01896f $ **FLOATING
C328 VDD.n81 GND 0.01386f $ **FLOATING
C329 VDD.t19 GND 0.03886f $ **FLOATING
C330 VDD.n82 GND 0.02721f $ **FLOATING
C331 VDD.n83 GND 0.02324f $ **FLOATING
C332 VDD.n84 GND 0.32704f $ **FLOATING
C333 VDD.t0 GND 6.14985f $ **FLOATING
C334 VDD.n85 GND 0.20643f $ **FLOATING
C335 VDD.n87 GND 0.0193f $ **FLOATING
C336 VDD.n88 GND 0.01546f $ **FLOATING
C337 VDD.n89 GND 0.01546f $ **FLOATING
C338 VDD.n90 GND 0.01502f $ **FLOATING
C339 VDD.n91 GND 0.01546f $ **FLOATING
C340 VDD.n92 GND 0.01546f $ **FLOATING
C341 VDD.n93 GND 0.01502f $ **FLOATING
C342 VDD.n94 GND 0.01546f $ **FLOATING
C343 VDD.n95 GND 0.01546f $ **FLOATING
C344 VDD.n96 GND 0.01502f $ **FLOATING
C345 VDD.n97 GND 0.01546f $ **FLOATING
C346 VDD.n98 GND 0.01546f $ **FLOATING
C347 VDD.n99 GND 0.01502f $ **FLOATING
C348 VDD.n100 GND 0.01546f $ **FLOATING
C349 VDD.n101 GND 0.01546f $ **FLOATING
C350 VDD.n102 GND 0.01502f $ **FLOATING
C351 VDD.n103 GND 0.01546f $ **FLOATING
C352 VDD.n104 GND 0.01546f $ **FLOATING
C353 VDD.n105 GND 0.01502f $ **FLOATING
C354 VDD.t10 GND 0.07772f $ **FLOATING
C355 VDD.n107 GND 0.02686f $ **FLOATING
C356 VDD.n108 GND 0.01081f $ **FLOATING
C357 VDD.n109 GND 0.59803f $ **FLOATING
C358 VDD.t20 GND 0.16463f $ **FLOATING
C359 VDD.n110 GND 1.46635f $ **FLOATING
C360 VDD.n111 GND 3.3797f $ **FLOATING
C361 Vin.t0 GND 0.2855f $ **FLOATING
C362 Reset.t4 GND 0.01006f $ **FLOATING
C363 Reset.n0 GND 0.0264f $ **FLOATING
C364 Reset.n1 GND 0.07881f $ **FLOATING
C365 Reset.t3 GND 0.01169f $ **FLOATING
C366 Reset.n2 GND 0.05638f $ **FLOATING
C367 Reset.t2 GND 9.17991f $ **FLOATING
C368 Reset.n3 GND 0.14299f $ **FLOATING
C369 Vref.t0 GND 0.31124f $ **FLOATING
.ends

