# Logfile created on 2026-03-28 01:04:33 +0100 by logger.rb/v1.5.3
2026-03-28 01:04:33 +0100: Memory Usage (434872K) : Starting running IHP-SG13G2 Klayout DRC antenna runset on /foss/designs/TagWave/Brahim_layout/LDO/PMU.gds
2026-03-28 01:04:33 +0100: Memory Usage (434872K) : Ruby Version for klayout: 3.2.3
2026-03-28 01:04:33 +0100: Memory Usage (437916K) : Loading database to memory is complete.
2026-03-28 01:04:33 +0100: Memory Usage (437916K) : IHP-SG13G2 Klayout DRC antenna runset output at: /foss/designs/drc_run_pmu_tagwave/PMU_pmu_tagwave_antenna.lyrdb
2026-03-28 01:04:33 +0100: Memory Usage (437916K) : Evaluate switches.
2026-03-28 01:04:33 +0100: Memory Usage (437916K) : Klayout will use  thread(s)
2026-03-28 01:04:33 +0100: Memory Usage (437916K) : deep mode is enabled for antenna table.
2026-03-28 01:04:33 +0100: Memory Usage (437916K) : Read in polygons from layers.
2026-03-28 01:04:33 +0100: Memory Usage (439272K) : activ_drw has 651 polygons
2026-03-28 01:04:33 +0100: Memory Usage (439400K) : gatpoly_drw has 555 polygons
2026-03-28 01:04:33 +0100: Memory Usage (439712K) : cont_drw has 13097 polygons
2026-03-28 01:04:33 +0100: Memory Usage (439840K) : nsd_block has 0 polygons
2026-03-28 01:04:33 +0100: Memory Usage (439840K) : metal1_drw has 1208 polygons
2026-03-28 01:04:33 +0100: Memory Usage (439968K) : metal2_drw has 438 polygons
2026-03-28 01:04:33 +0100: Memory Usage (440096K) : psd_drw has 380 polygons
2026-03-28 01:04:33 +0100: Memory Usage (440096K) : digisub_drw has 0 polygons
2026-03-28 01:04:33 +0100: Memory Usage (440224K) : via1_drw has 1154 polygons
2026-03-28 01:04:33 +0100: Memory Usage (440224K) : via2_drw has 675 polygons
2026-03-28 01:04:33 +0100: Memory Usage (440352K) : metal3_drw has 22 polygons
2026-03-28 01:04:33 +0100: Memory Usage (440352K) : nwell_drw has 78 polygons
2026-03-28 01:04:33 +0100: Memory Usage (440480K) : pwell_block has 0 polygons
2026-03-28 01:04:33 +0100: Memory Usage (440480K) : via3_drw has 666 polygons
2026-03-28 01:04:33 +0100: Memory Usage (440480K) : metal4_drw has 23 polygons
2026-03-28 01:04:33 +0100: Memory Usage (440608K) : via4_drw has 316 polygons
2026-03-28 01:04:33 +0100: Memory Usage (440608K) : metal5_drw has 34 polygons
2026-03-28 01:04:33 +0100: Memory Usage (440736K) : recog_diode has 0 polygons
2026-03-28 01:04:33 +0100: Memory Usage (440736K) : recog_esd has 0 polygons
2026-03-28 01:04:33 +0100: Memory Usage (440736K) : topvia1_drw has 8 polygons
2026-03-28 01:04:33 +0100: Memory Usage (440864K) : topmetal1_drw has 39 polygons
2026-03-28 01:04:33 +0100: Memory Usage (440864K) : topvia2_drw has 0 polygons
2026-03-28 01:04:33 +0100: Memory Usage (440864K) : topmetal2_drw has 0 polygons
2026-03-28 01:04:33 +0100: Memory Usage (440864K) : Total no. of polygons in the design is 19344
2026-03-28 01:04:33 +0100: Memory Usage (440864K) : Loaded TECH DRC rules values from /foss/pdks/ihp-sg13g2/libs.tech/klayout/python/sg13g2_pycell_lib/sg13g2_tech_mod.json
2026-03-28 01:04:33 +0100: Memory Usage (440864K) : Loaded default DRC rules values from /foss/pdks/ihp-sg13g2/libs.tech/klayout/tech/drc/rule_decks/sg13g2_tech_default.json
2026-03-28 01:04:33 +0100: Memory Usage (440864K) : The following rules values were missing in tech json and default values were used:
2026-03-28 01:04:33 +0100: Memory Usage (440864K) :   - Cnt_c_digibnd
2026-03-28 01:04:33 +0100: Memory Usage (442260K) : Total area of the design is 10889.0551 um^2.
2026-03-28 01:04:33 +0100: Memory Usage (442260K) : The design dimensions are 118.34 µm * 92.015 µm.
2026-03-28 01:04:33 +0100: Memory Usage (442260K) : Starting general IHP-SG13G2 derivations.
2026-03-28 01:04:33 +0100: Memory Usage (445212K) : Starting IHP-SG13G2 DRC rules.
2026-03-28 01:04:33 +0100: Memory Usage (445212K) : Starting 7.1 Antenna Rules table
2026-03-28 01:04:33 +0100: Memory Usage (445400K) : Executing rule Ant.a
2026-03-28 01:04:33 +0100: Memory Usage (446608K) : Executing rule Ant.c
2026-03-28 01:04:33 +0100: Memory Usage (446736K) : Starting cumulative antenna ratio calculations
2026-03-28 01:04:33 +0100: Memory Usage (446736K) : Evaluating metal1_drw ratio
2026-03-28 01:04:33 +0100: Memory Usage (447540K) : Evaluating via1_drw ratio
2026-03-28 01:04:34 +0100: Memory Usage (447668K) : Evaluating metal2_drw ratio
2026-03-28 01:04:34 +0100: Memory Usage (447924K) : Evaluating via2_drw ratio
2026-03-28 01:04:34 +0100: Memory Usage (448052K) : Evaluating metal3_drw ratio
2026-03-28 01:04:34 +0100: Memory Usage (448180K) : Evaluating via3_drw ratio
2026-03-28 01:04:34 +0100: Memory Usage (448308K) : Evaluating metal4_drw ratio
2026-03-28 01:04:34 +0100: Memory Usage (448436K) : Evaluating via4_drw ratio
2026-03-28 01:04:34 +0100: Memory Usage (448564K) : Evaluating metal5_drw ratio
2026-03-28 01:04:34 +0100: Memory Usage (448692K) : Evaluating topvia1_drw ratio
2026-03-28 01:04:34 +0100: Memory Usage (448820K) : Evaluating topmetal1_drw ratio
2026-03-28 01:04:34 +0100: Memory Usage (448948K) : Evaluating topvia2_drw ratio
2026-03-28 01:04:34 +0100: Memory Usage (449076K) : Evaluating topmetal2_drw ratio
2026-03-28 01:04:34 +0100: Memory Usage (449204K) : Evaluating diode presence
2026-03-28 01:04:34 +0100: Memory Usage (449204K) : Creating base layer with all individual ratios and diode flag
2026-03-28 01:04:34 +0100: Memory Usage (450996K) : Executing rules Ant.b and Ant.e
2026-03-28 01:04:34 +0100: Memory Usage (450996K) : Executing Ant.b_Metal1
2026-03-28 01:04:34 +0100: Memory Usage (451124K) : Executing Ant.e_Metal1
2026-03-28 01:04:34 +0100: Memory Usage (451252K) : Evaluating cumulative ratio after Metal2
2026-03-28 01:04:34 +0100: Memory Usage (451252K) : Executing Ant.b_Metal2
2026-03-28 01:04:34 +0100: Memory Usage (451380K) : Executing Ant.e_Metal2
2026-03-28 01:04:34 +0100: Memory Usage (451508K) : Evaluating cumulative ratio after Metal3
2026-03-28 01:04:34 +0100: Memory Usage (451508K) : Executing Ant.b_Metal3
2026-03-28 01:04:34 +0100: Memory Usage (451508K) : Executing Ant.e_Metal3
2026-03-28 01:04:34 +0100: Memory Usage (451636K) : Evaluating cumulative ratio after Metal4
2026-03-28 01:04:34 +0100: Memory Usage (451636K) : Executing Ant.b_Metal4
2026-03-28 01:04:34 +0100: Memory Usage (451764K) : Executing Ant.e_Metal4
2026-03-28 01:04:34 +0100: Memory Usage (451764K) : Evaluating cumulative ratio after Metal5
2026-03-28 01:04:34 +0100: Memory Usage (451892K) : Executing Ant.b_Metal5
2026-03-28 01:04:34 +0100: Memory Usage (451892K) : Executing Ant.e_Metal5
2026-03-28 01:04:34 +0100: Memory Usage (452020K) : Evaluating cumulative ratio after TopMetal1
2026-03-28 01:04:34 +0100: Memory Usage (452020K) : Executing Ant.b_TopMetal1
2026-03-28 01:04:34 +0100: Memory Usage (452148K) : Executing Ant.e_TopMetal1
2026-03-28 01:04:34 +0100: Memory Usage (452276K) : Evaluating cumulative ratio after TopMetal2
2026-03-28 01:04:34 +0100: Memory Usage (452276K) : Executing Ant.b_TopMetal2
2026-03-28 01:04:34 +0100: Memory Usage (452532K) : Executing Ant.e_TopMetal2
2026-03-28 01:04:34 +0100: Memory Usage (452660K) : Executing rules Ant.d and Ant.f
2026-03-28 01:04:34 +0100: Memory Usage (452660K) : Evaluating cumulative ratio after Via1
2026-03-28 01:04:34 +0100: Memory Usage (452660K) : Executing Ant.d_Via1
2026-03-28 01:04:34 +0100: Memory Usage (452916K) : Executing Ant.f_Via1
2026-03-28 01:04:34 +0100: Memory Usage (453044K) : Evaluating cumulative ratio after Via2
2026-03-28 01:04:34 +0100: Memory Usage (453044K) : Executing Ant.d_Via2
2026-03-28 01:04:34 +0100: Memory Usage (453300K) : Executing Ant.f_Via2
2026-03-28 01:04:34 +0100: Memory Usage (453300K) : Evaluating cumulative ratio after Via3
2026-03-28 01:04:34 +0100: Memory Usage (453300K) : Executing Ant.d_Via3
2026-03-28 01:04:34 +0100: Memory Usage (453300K) : Executing Ant.f_Via3
2026-03-28 01:04:34 +0100: Memory Usage (453300K) : Evaluating cumulative ratio after Via4
2026-03-28 01:04:34 +0100: Memory Usage (453300K) : Executing Ant.d_Via4
2026-03-28 01:04:34 +0100: Memory Usage (453300K) : Executing Ant.f_Via4
2026-03-28 01:04:34 +0100: Memory Usage (453300K) : Evaluating cumulative ratio after TopVia1
2026-03-28 01:04:34 +0100: Memory Usage (453300K) : Executing Ant.d_TopVia1
2026-03-28 01:04:34 +0100: Memory Usage (453300K) : Executing Ant.f_TopVia1
2026-03-28 01:04:34 +0100: Memory Usage (453300K) : Evaluating cumulative ratio after TopVia2
2026-03-28 01:04:34 +0100: Memory Usage (453300K) : Executing Ant.d_TopVia2
2026-03-28 01:04:34 +0100: Memory Usage (453300K) : Executing Ant.f_TopVia2
2026-03-28 01:04:34 +0100: Memory Usage (453300K) : Executing rule Ant.g
2026-03-28 01:04:34 +0100: Memory Usage (453300K) : Executing rule Ant.h
2026-03-28 01:04:34 +0100: Memory Usage (453300K) : Executing rule Ant.i
