# Logfile created on 2026-03-28 01:04:30 +0100 by logger.rb/v1.5.3
2026-03-28 01:04:30 +0100: Memory Usage (436584K) : Starting running IHP-SG13G2 KLayout DRC runset on /foss/designs/TagWave/Brahim_layout/LDO/PMU.gds
2026-03-28 01:04:30 +0100: Memory Usage (436712K) : Ruby Version for klayout: 3.2.3
2026-03-28 01:04:30 +0100: Memory Usage (438364K) : Loading database to memory is complete.
2026-03-28 01:04:30 +0100: Memory Usage (438364K) : IHP-SG13G2 KLayout DRC runset output at: /foss/designs/drc_run_pmu_tagwave/PMU_pmu_tagwave_main.lyrdb
2026-03-28 01:04:30 +0100: Memory Usage (438364K) : Evaluate switches.
2026-03-28 01:04:30 +0100: Memory Usage (438364K) : tables selected: main
2026-03-28 01:04:30 +0100: Memory Usage (438364K) : KLayout will use 1 thread(s) in tiled mode.
2026-03-28 01:04:30 +0100: Memory Usage (438364K) : deep mode is enabled.
2026-03-28 01:04:30 +0100: Memory Usage (438364K) : FEOL enabled: true
2026-03-28 01:04:30 +0100: Memory Usage (438364K) : BEOL enabled: true
2026-03-28 01:04:30 +0100: Memory Usage (438364K) : OFFGRID enabled: true
2026-03-28 01:04:30 +0100: Memory Usage (438364K) : PIN enabled: true
2026-03-28 01:04:30 +0100: Memory Usage (438364K) : FORBIDDEN enabled: true
2026-03-28 01:04:30 +0100: Memory Usage (438364K) : RECOMMENDED enabled: true
2026-03-28 01:04:30 +0100: Memory Usage (438364K) : PreCheck DRC enabled: false
2026-03-28 01:04:30 +0100: Memory Usage (438364K) : CONNECTIVITY_RULES enabled: true.
2026-03-28 01:04:30 +0100: Memory Usage (438364K) : Read in polygons from layers.
2026-03-28 01:04:30 +0100: Memory Usage (439556K) : activ_drw has 651 polygons
2026-03-28 01:04:30 +0100: Memory Usage (439556K) : activ_pin has 0 polygons
2026-03-28 01:04:30 +0100: Memory Usage (439684K) : activ_mask has 0 polygons
2026-03-28 01:04:30 +0100: Memory Usage (439684K) : activ_filler has 0 polygons
2026-03-28 01:04:30 +0100: Memory Usage (439812K) : activ_nofill has 0 polygons
2026-03-28 01:04:30 +0100: Memory Usage (439812K) : activ_opc has 0 polygons
2026-03-28 01:04:30 +0100: Memory Usage (439940K) : activ_iopc has 0 polygons
2026-03-28 01:04:30 +0100: Memory Usage (439940K) : activ_noqrc has 0 polygons
2026-03-28 01:04:30 +0100: Memory Usage (439940K) : biwind_drw has 0 polygons
2026-03-28 01:04:30 +0100: Memory Usage (439940K) : biwind_opc has 0 polygons
2026-03-28 01:04:30 +0100: Memory Usage (440068K) : pemwind_drw has 0 polygons
2026-03-28 01:04:30 +0100: Memory Usage (440068K) : gatpoly_drw has 555 polygons
2026-03-28 01:04:30 +0100: Memory Usage (440196K) : gatpoly_pin has 137 polygons
2026-03-28 01:04:30 +0100: Memory Usage (440196K) : gatpoly_filler has 0 polygons
2026-03-28 01:04:30 +0100: Memory Usage (440324K) : gatpoly_nofill has 0 polygons
2026-03-28 01:04:30 +0100: Memory Usage (440324K) : gatpoly_opc has 0 polygons
2026-03-28 01:04:30 +0100: Memory Usage (440324K) : gatpoly_iopc has 0 polygons
2026-03-28 01:04:30 +0100: Memory Usage (440452K) : gatpoly_noqrc has 0 polygons
2026-03-28 01:04:30 +0100: Memory Usage (440580K) : cont_drw has 13097 polygons
2026-03-28 01:04:30 +0100: Memory Usage (440708K) : cont_opc has 0 polygons
2026-03-28 01:04:30 +0100: Memory Usage (440836K) : nsd_drw has 216 polygons
2026-03-28 01:04:30 +0100: Memory Usage (440964K) : nsd_block has 0 polygons
2026-03-28 01:04:30 +0100: Memory Usage (440964K) : metal1_drw has 1208 polygons
2026-03-28 01:04:30 +0100: Memory Usage (441092K) : metal1_pin has 409 polygons
2026-03-28 01:04:30 +0100: Memory Usage (441220K) : metal1_mask has 0 polygons
2026-03-28 01:04:30 +0100: Memory Usage (441220K) : metal1_filler has 0 polygons
2026-03-28 01:04:30 +0100: Memory Usage (441348K) : metal1_nofill has 0 polygons
2026-03-28 01:04:30 +0100: Memory Usage (441348K) : metal1_slit has 0 polygons
2026-03-28 01:04:30 +0100: Memory Usage (441484K) : metal1_text has 0 polygons
2026-03-28 01:04:30 +0100: Memory Usage (441612K) : metal1_opc has 0 polygons
2026-03-28 01:04:30 +0100: Memory Usage (441612K) : metal1_noqrc has 0 polygons
2026-03-28 01:04:30 +0100: Memory Usage (441740K) : metal1_res has 0 polygons
2026-03-28 01:04:30 +0100: Memory Usage (441740K) : metal1_iprobe has 0 polygons
2026-03-28 01:04:30 +0100: Memory Usage (441740K) : metal1_diffprb has 0 polygons
2026-03-28 01:04:30 +0100: Memory Usage (441868K) : passiv_drw has 0 polygons
2026-03-28 01:04:30 +0100: Memory Usage (441868K) : passiv_pin has 0 polygons
2026-03-28 01:04:30 +0100: Memory Usage (441996K) : passiv_sbump has 0 polygons
2026-03-28 01:04:30 +0100: Memory Usage (441996K) : passiv_pillar has 0 polygons
2026-03-28 01:04:30 +0100: Memory Usage (442124K) : passiv_pdl has 0 polygons
2026-03-28 01:04:30 +0100: Memory Usage (442124K) : metal2_drw has 438 polygons
2026-03-28 01:04:30 +0100: Memory Usage (442252K) : metal2_pin has 54 polygons
2026-03-28 01:04:30 +0100: Memory Usage (442252K) : metal2_mask has 0 polygons
2026-03-28 01:04:30 +0100: Memory Usage (442380K) : metal2_filler has 0 polygons
2026-03-28 01:04:30 +0100: Memory Usage (442380K) : metal2_nofill has 0 polygons
2026-03-28 01:04:30 +0100: Memory Usage (442508K) : metal2_slit has 0 polygons
2026-03-28 01:04:30 +0100: Memory Usage (442508K) : metal2_text has 0 polygons
2026-03-28 01:04:30 +0100: Memory Usage (442636K) : metal2_opc has 0 polygons
2026-03-28 01:04:30 +0100: Memory Usage (442636K) : metal2_noqrc has 0 polygons
2026-03-28 01:04:30 +0100: Memory Usage (442764K) : metal2_res has 0 polygons
2026-03-28 01:04:30 +0100: Memory Usage (442764K) : metal2_iprobe has 0 polygons
2026-03-28 01:04:30 +0100: Memory Usage (442892K) : metal2_diffprb has 0 polygons
2026-03-28 01:04:30 +0100: Memory Usage (442892K) : baspoly_drw has 0 polygons
2026-03-28 01:04:30 +0100: Memory Usage (443020K) : baspoly_pin has 0 polygons
2026-03-28 01:04:30 +0100: Memory Usage (443020K) : psd_drw has 380 polygons
2026-03-28 01:04:30 +0100: Memory Usage (443148K) : nldb_drw has 0 polygons
2026-03-28 01:04:30 +0100: Memory Usage (443148K) : digibnd_drw has 0 polygons
2026-03-28 01:04:30 +0100: Memory Usage (443148K) : via1_drw has 1154 polygons
2026-03-28 01:04:30 +0100: Memory Usage (443276K) : backmetal1_drw has 0 polygons
2026-03-28 01:04:30 +0100: Memory Usage (443276K) : backmetal1_pin has 0 polygons
2026-03-28 01:04:30 +0100: Memory Usage (443404K) : backmetal1_mask has 0 polygons
2026-03-28 01:04:30 +0100: Memory Usage (443404K) : backmetal1_filler has 0 polygons
2026-03-28 01:04:30 +0100: Memory Usage (443532K) : backmetal1_nofill has 0 polygons
2026-03-28 01:04:30 +0100: Memory Usage (443532K) : backmetal1_slit has 0 polygons
2026-03-28 01:04:30 +0100: Memory Usage (443660K) : backmetal1_text has 0 polygons
2026-03-28 01:04:30 +0100: Memory Usage (443660K) : backmetal1_opc has 0 polygons
2026-03-28 01:04:30 +0100: Memory Usage (443660K) : backmetal1_noqrc has 0 polygons
2026-03-28 01:04:30 +0100: Memory Usage (443788K) : backmetal1_res has 0 polygons
2026-03-28 01:04:30 +0100: Memory Usage (443788K) : backmetal1_iprobe has 0 polygons
2026-03-28 01:04:30 +0100: Memory Usage (443916K) : backmetal1_diffprb has 0 polygons
2026-03-28 01:04:30 +0100: Memory Usage (443916K) : backpassiv_drw has 0 polygons
2026-03-28 01:04:30 +0100: Memory Usage (444044K) : res_drw has 0 polygons
2026-03-28 01:04:30 +0100: Memory Usage (444044K) : sram_drw has 0 polygons
2026-03-28 01:04:30 +0100: Memory Usage (444172K) : trans_drw has 0 polygons
2026-03-28 01:04:30 +0100: Memory Usage (444172K) : ind_drw has 0 polygons
2026-03-28 01:04:30 +0100: Memory Usage (444300K) : ind_pin has 0 polygons
2026-03-28 01:04:30 +0100: Memory Usage (444300K) : ind_text has 0 polygons
2026-03-28 01:04:30 +0100: Memory Usage (444428K) : salblock_drw has 54 polygons
2026-03-28 01:04:30 +0100: Memory Usage (444556K) : via2_drw has 675 polygons
2026-03-28 01:04:30 +0100: Memory Usage (444556K) : metal3_drw has 22 polygons
2026-03-28 01:04:30 +0100: Memory Usage (444684K) : metal3_pin has 0 polygons
2026-03-28 01:04:30 +0100: Memory Usage (444812K) : metal3_mask has 0 polygons
2026-03-28 01:04:30 +0100: Memory Usage (444812K) : metal3_filler has 0 polygons
2026-03-28 01:04:30 +0100: Memory Usage (444812K) : metal3_nofill has 0 polygons
2026-03-28 01:04:30 +0100: Memory Usage (444940K) : metal3_slit has 0 polygons
2026-03-28 01:04:30 +0100: Memory Usage (444940K) : metal3_text has 0 polygons
2026-03-28 01:04:30 +0100: Memory Usage (445068K) : metal3_opc has 0 polygons
2026-03-28 01:04:30 +0100: Memory Usage (445068K) : metal3_noqrc has 0 polygons
2026-03-28 01:04:30 +0100: Memory Usage (445068K) : metal3_res has 0 polygons
2026-03-28 01:04:30 +0100: Memory Usage (445196K) : metal3_iprobe has 0 polygons
2026-03-28 01:04:30 +0100: Memory Usage (445196K) : metal3_diffprb has 0 polygons
2026-03-28 01:04:30 +0100: Memory Usage (445324K) : nwell_drw has 78 polygons
2026-03-28 01:04:30 +0100: Memory Usage (445324K) : nwell_pin has 0 polygons
2026-03-28 01:04:30 +0100: Memory Usage (445452K) : nbulay_drw has 53 polygons
2026-03-28 01:04:30 +0100: Memory Usage (445452K) : nbulay_pin has 0 polygons
2026-03-28 01:04:30 +0100: Memory Usage (445580K) : nbulay_block has 0 polygons
2026-03-28 01:04:30 +0100: Memory Usage (445580K) : emwind_drw has 0 polygons
2026-03-28 01:04:30 +0100: Memory Usage (445708K) : emwind_opc has 0 polygons
2026-03-28 01:04:30 +0100: Memory Usage (445836K) : deepco_drw has 0 polygons
2026-03-28 01:04:30 +0100: Memory Usage (445836K) : deepco_drw has 0 polygons
2026-03-28 01:04:30 +0100: Memory Usage (445964K) : mim_drw has 19 polygons
2026-03-28 01:04:30 +0100: Memory Usage (445964K) : edgeseal_drw has 0 polygons
2026-03-28 01:04:30 +0100: Memory Usage (446092K) : edgeseal_bound has 0 polygons
2026-03-28 01:04:30 +0100: Memory Usage (446092K) : substrate_drw has 160 polygons
2026-03-28 01:04:30 +0100: Memory Usage (446220K) : substrate_text has 0 polygons
2026-03-28 01:04:30 +0100: Memory Usage (446220K) : dfpad_drw has 0 polygons
2026-03-28 01:04:30 +0100: Memory Usage (446220K) : dfpad_pillar has 0 polygons
2026-03-28 01:04:30 +0100: Memory Usage (446348K) : dfpad_sbump has 0 polygons
2026-03-28 01:04:30 +0100: Memory Usage (446348K) : thickgateox_drw has 142 polygons
2026-03-28 01:04:30 +0100: Memory Usage (446476K) : pldb_drw has 0 polygons
2026-03-28 01:04:30 +0100: Memory Usage (446476K) : pwell_drw has 0 polygons
2026-03-28 01:04:30 +0100: Memory Usage (446604K) : pwell_pin has 0 polygons
2026-03-28 01:04:30 +0100: Memory Usage (446604K) : pwell_block has 0 polygons
2026-03-28 01:04:30 +0100: Memory Usage (446732K) : ic_drw has 0 polygons
2026-03-28 01:04:30 +0100: Memory Usage (446732K) : via3_drw has 666 polygons
2026-03-28 01:04:30 +0100: Memory Usage (446860K) : metal4_drw has 23 polygons
2026-03-28 01:04:30 +0100: Memory Usage (446860K) : metal4_pin has 4 polygons
2026-03-28 01:04:30 +0100: Memory Usage (446988K) : metal4_mask has 0 polygons
2026-03-28 01:04:30 +0100: Memory Usage (446988K) : metal4_filler has 0 polygons
2026-03-28 01:04:30 +0100: Memory Usage (447116K) : metal4_nofill has 0 polygons
2026-03-28 01:04:30 +0100: Memory Usage (447116K) : metal4_slit has 0 polygons
2026-03-28 01:04:30 +0100: Memory Usage (447244K) : metal4_text has 0 polygons
2026-03-28 01:04:30 +0100: Memory Usage (447244K) : metal4_opc has 0 polygons
2026-03-28 01:04:30 +0100: Memory Usage (447244K) : metal4_noqrc has 0 polygons
2026-03-28 01:04:30 +0100: Memory Usage (447372K) : metal4_res has 0 polygons
2026-03-28 01:04:30 +0100: Memory Usage (447500K) : metal4_iprobe has 0 polygons
2026-03-28 01:04:30 +0100: Memory Usage (447500K) : metal4_diffprb has 0 polygons
2026-03-28 01:04:30 +0100: Memory Usage (447628K) : heattrans_drw has 220 polygons
2026-03-28 01:04:30 +0100: Memory Usage (447628K) : heatres_drw has 54 polygons
2026-03-28 01:04:30 +0100: Memory Usage (447756K) : pempoly_drw has 0 polygons
2026-03-28 01:04:30 +0100: Memory Usage (447756K) : fbe_drw has 0 polygons
2026-03-28 01:04:30 +0100: Memory Usage (447884K) : empoly_drw has 0 polygons
2026-03-28 01:04:30 +0100: Memory Usage (447884K) : ldmos_drw has 0 polygons
2026-03-28 01:04:30 +0100: Memory Usage (448012K) : pbiwind_drw has 0 polygons
2026-03-28 01:04:30 +0100: Memory Usage (448012K) : digisub_drw has 0 polygons
2026-03-28 01:04:30 +0100: Memory Usage (448140K) : nodrc_drw has 0 polygons
2026-03-28 01:04:30 +0100: Memory Usage (448140K) : text_drw has 212 polygons
2026-03-28 01:04:30 +0100: Memory Usage (448268K) : via4_drw has 316 polygons
2026-03-28 01:04:30 +0100: Memory Usage (448268K) : metal5_drw has 34 polygons
2026-03-28 01:04:30 +0100: Memory Usage (448396K) : metal5_pin has 0 polygons
2026-03-28 01:04:30 +0100: Memory Usage (448396K) : metal5_mask has 0 polygons
2026-03-28 01:04:30 +0100: Memory Usage (448396K) : metal5_filler has 0 polygons
2026-03-28 01:04:30 +0100: Memory Usage (448524K) : metal5_nofill has 0 polygons
2026-03-28 01:04:30 +0100: Memory Usage (448524K) : metal5_slit has 0 polygons
2026-03-28 01:04:30 +0100: Memory Usage (448652K) : metal5_text has 0 polygons
2026-03-28 01:04:30 +0100: Memory Usage (448652K) : metal5_opc has 0 polygons
2026-03-28 01:04:30 +0100: Memory Usage (448780K) : metal5_noqrc has 0 polygons
2026-03-28 01:04:30 +0100: Memory Usage (448780K) : metal5_res has 0 polygons
2026-03-28 01:04:30 +0100: Memory Usage (448908K) : metal5_iprobe has 0 polygons
2026-03-28 01:04:30 +0100: Memory Usage (448908K) : metal5_diffprb has 0 polygons
2026-03-28 01:04:30 +0100: Memory Usage (449036K) : radhard_drw has 0 polygons
2026-03-28 01:04:30 +0100: Memory Usage (449164K) : memcap_drw has 0 polygons
2026-03-28 01:04:30 +0100: Memory Usage (449164K) : varicap_drw has 0 polygons
2026-03-28 01:04:30 +0100: Memory Usage (449292K) : flash_drw has 0 polygons
2026-03-28 01:04:30 +0100: Memory Usage (449292K) : intbondvia_drw has 0 polygons
2026-03-28 01:04:30 +0100: Memory Usage (449420K) : intbondmet_drw has 0 polygons
2026-03-28 01:04:30 +0100: Memory Usage (449420K) : devbondvia_drw has 0 polygons
2026-03-28 01:04:30 +0100: Memory Usage (449420K) : devbondmet_drw has 0 polygons
2026-03-28 01:04:30 +0100: Memory Usage (449548K) : devtrench_drw has 0 polygons
2026-03-28 01:04:30 +0100: Memory Usage (449548K) : redist_drw has 0 polygons
2026-03-28 01:04:30 +0100: Memory Usage (449676K) : graphbot_drw has 0 polygons
2026-03-28 01:04:30 +0100: Memory Usage (449676K) : graphtop_drw has 0 polygons
2026-03-28 01:04:30 +0100: Memory Usage (449676K) : antvia1_drw has 0 polygons
2026-03-28 01:04:30 +0100: Memory Usage (449804K) : antmetal2_drw has 0 polygons
2026-03-28 01:04:30 +0100: Memory Usage (449804K) : graphcont_drw has 0 polygons
2026-03-28 01:04:30 +0100: Memory Usage (449932K) : siwg_drw has 0 polygons
2026-03-28 01:04:30 +0100: Memory Usage (449932K) : siwg_filler has 0 polygons
2026-03-28 01:04:30 +0100: Memory Usage (450060K) : siwg_nofill has 0 polygons
2026-03-28 01:04:30 +0100: Memory Usage (450188K) : sigrating_drw has 0 polygons
2026-03-28 01:04:30 +0100: Memory Usage (450188K) : singrating_drw has 0 polygons
2026-03-28 01:04:30 +0100: Memory Usage (450188K) : graphpas_drw has 0 polygons
2026-03-28 01:04:30 +0100: Memory Usage (450316K) : emwind3_drw has 0 polygons
2026-03-28 01:04:30 +0100: Memory Usage (450316K) : emwihv3_drw has 0 polygons
2026-03-28 01:04:30 +0100: Memory Usage (450444K) : redbulay_drw has 0 polygons
2026-03-28 01:04:30 +0100: Memory Usage (450444K) : smos_drw has 0 polygons
2026-03-28 01:04:30 +0100: Memory Usage (450572K) : graphpad_drw has 0 polygons
2026-03-28 01:04:30 +0100: Memory Usage (450572K) : polimide_drw has 0 polygons
2026-03-28 01:04:30 +0100: Memory Usage (450700K) : polimide_pin has 0 polygons
2026-03-28 01:04:30 +0100: Memory Usage (450700K) : recog_drw has 0 polygons
2026-03-28 01:04:30 +0100: Memory Usage (450700K) : recog_pin has 0 polygons
2026-03-28 01:04:30 +0100: Memory Usage (450828K) : recog_esd has 0 polygons
2026-03-28 01:04:30 +0100: Memory Usage (450828K) : recog_diode has 0 polygons
2026-03-28 01:04:30 +0100: Memory Usage (450828K) : recog_tsv has 0 polygons
2026-03-28 01:04:30 +0100: Memory Usage (450828K) : recog_iprobe has 0 polygons
2026-03-28 01:04:30 +0100: Memory Usage (450956K) : recog_diffprb has 0 polygons
2026-03-28 01:04:30 +0100: Memory Usage (450956K) : recog_pillar has 0 polygons
2026-03-28 01:04:30 +0100: Memory Usage (450956K) : recog_sbump has 0 polygons
2026-03-28 01:04:30 +0100: Memory Usage (451084K) : recog_otp has 0 polygons
2026-03-28 01:04:30 +0100: Memory Usage (451084K) : recog_pdiode has 0 polygons
2026-03-28 01:04:30 +0100: Memory Usage (451084K) : recog_mom has 0 polygons
2026-03-28 01:04:30 +0100: Memory Usage (451212K) : recog_pcm has 0 polygons
2026-03-28 01:04:30 +0100: Memory Usage (451212K) : colopen_drw has 0 polygons
2026-03-28 01:04:30 +0100: Memory Usage (451212K) : graphmetal1_drw has 0 polygons
2026-03-28 01:04:30 +0100: Memory Usage (451212K) : graphmetal1_filler has 0 polygons
2026-03-28 01:04:30 +0100: Memory Usage (451340K) : graphmetal1_nofill has 0 polygons
2026-03-28 01:04:30 +0100: Memory Usage (451340K) : graphmetal1_slit has 0 polygons
2026-03-28 01:04:30 +0100: Memory Usage (451340K) : graphmetal1_opc has 0 polygons
2026-03-28 01:04:30 +0100: Memory Usage (451468K) : graphmet1l_drw has 0 polygons
2026-03-28 01:04:30 +0100: Memory Usage (451468K) : graphmet1l_filler has 0 polygons
2026-03-28 01:04:30 +0100: Memory Usage (451596K) : graphmet1l_nofill has 0 polygons
2026-03-28 01:04:30 +0100: Memory Usage (451596K) : graphmet1l_slit has 0 polygons
2026-03-28 01:04:30 +0100: Memory Usage (451724K) : graphmet1l_opc has 0 polygons
2026-03-28 01:04:30 +0100: Memory Usage (451724K) : extblock_drw has 162 polygons
2026-03-28 01:04:30 +0100: Memory Usage (451724K) : nldd_drw has 0 polygons
2026-03-28 01:04:30 +0100: Memory Usage (451852K) : pldd_drw has 0 polygons
2026-03-28 01:04:30 +0100: Memory Usage (451852K) : next_drw has 0 polygons
2026-03-28 01:04:30 +0100: Memory Usage (451980K) : pext_drw has 0 polygons
2026-03-28 01:04:30 +0100: Memory Usage (451980K) : nexthv_drw has 0 polygons
2026-03-28 01:04:30 +0100: Memory Usage (452108K) : pexthv_drw has 0 polygons
2026-03-28 01:04:30 +0100: Memory Usage (452108K) : graphgate_drw has 0 polygons
2026-03-28 01:04:30 +0100: Memory Usage (452108K) : sinwg_drw has 0 polygons
2026-03-28 01:04:30 +0100: Memory Usage (452108K) : sinwg_filler has 0 polygons
2026-03-28 01:04:30 +0100: Memory Usage (452236K) : sinwg_nofill has 0 polygons
2026-03-28 01:04:30 +0100: Memory Usage (452236K) : mempad_drw has 0 polygons
2026-03-28 01:04:30 +0100: Memory Usage (452236K) : topvia1_drw has 8 polygons
2026-03-28 01:04:30 +0100: Memory Usage (452364K) : topmetal1_drw has 39 polygons
2026-03-28 01:04:30 +0100: Memory Usage (452364K) : topmetal1_pin has 0 polygons
2026-03-28 01:04:30 +0100: Memory Usage (452364K) : topmetal1_mask has 0 polygons
2026-03-28 01:04:30 +0100: Memory Usage (452492K) : topmetal1_filler has 0 polygons
2026-03-28 01:04:30 +0100: Memory Usage (452492K) : topmetal1_nofill has 0 polygons
2026-03-28 01:04:30 +0100: Memory Usage (452620K) : topmetal1_slit has 0 polygons
2026-03-28 01:04:30 +0100: Memory Usage (452620K) : topmetal1_text has 0 polygons
2026-03-28 01:04:30 +0100: Memory Usage (452620K) : topmetal1_noqrc has 0 polygons
2026-03-28 01:04:30 +0100: Memory Usage (452748K) : topmetal1_res has 0 polygons
2026-03-28 01:04:30 +0100: Memory Usage (452748K) : topmetal1_iprobe has 0 polygons
2026-03-28 01:04:30 +0100: Memory Usage (452876K) : topmetal1_diffprb has 0 polygons
2026-03-28 01:04:30 +0100: Memory Usage (452876K) : inldpwl_drw has 0 polygons
2026-03-28 01:04:30 +0100: Memory Usage (452876K) : polyres_drw has 54 polygons
2026-03-28 01:04:30 +0100: Memory Usage (453004K) : polyres_pin has 0 polygons
2026-03-28 01:04:30 +0100: Memory Usage (453004K) : vmim_drw has 2030 polygons
2026-03-28 01:04:30 +0100: Memory Usage (453132K) : nbulaycut_drw has 0 polygons
2026-03-28 01:04:30 +0100: Memory Usage (453132K) : antmetal1_drw has 0 polygons
2026-03-28 01:04:30 +0100: Memory Usage (453260K) : topvia2_drw has 0 polygons
2026-03-28 01:04:30 +0100: Memory Usage (453260K) : topmetal2_drw has 0 polygons
2026-03-28 01:04:30 +0100: Memory Usage (453260K) : topmetal2_pin has 0 polygons
2026-03-28 01:04:30 +0100: Memory Usage (453388K) : topmetal2_mask has 0 polygons
2026-03-28 01:04:30 +0100: Memory Usage (453388K) : topmetal2_filler has 0 polygons
2026-03-28 01:04:30 +0100: Memory Usage (453516K) : topmetal2_nofill has 0 polygons
2026-03-28 01:04:30 +0100: Memory Usage (453516K) : topmetal2_slit has 0 polygons
2026-03-28 01:04:30 +0100: Memory Usage (453644K) : topmetal2_text has 0 polygons
2026-03-28 01:04:30 +0100: Memory Usage (453644K) : topmetal2_noqrc has 0 polygons
2026-03-28 01:04:30 +0100: Memory Usage (453644K) : topmetal2_res has 0 polygons
2026-03-28 01:04:30 +0100: Memory Usage (453772K) : topmetal2_iprobe has 0 polygons
2026-03-28 01:04:30 +0100: Memory Usage (453772K) : topmetal2_diffprb has 0 polygons
2026-03-28 01:04:30 +0100: Memory Usage (453900K) : snsring_drw has 0 polygons
2026-03-28 01:04:30 +0100: Memory Usage (453900K) : sensor_drw has 0 polygons
2026-03-28 01:04:30 +0100: Memory Usage (453900K) : snsarms_drw has 0 polygons
2026-03-28 01:04:30 +0100: Memory Usage (454028K) : snscmosvia_drw has 0 polygons
2026-03-28 01:04:30 +0100: Memory Usage (454028K) : colwind_drw has 0 polygons
2026-03-28 01:04:30 +0100: Memory Usage (454156K) : flm_drw has 0 polygons
2026-03-28 01:04:30 +0100: Memory Usage (454156K) : hafniumox_drw has 0 polygons
2026-03-28 01:04:30 +0100: Memory Usage (454284K) : memvia_drw has 0 polygons
2026-03-28 01:04:30 +0100: Memory Usage (454284K) : thinfilmres_drw has 0 polygons
2026-03-28 01:04:30 +0100: Memory Usage (454412K) : rfmem_drw has 0 polygons
2026-03-28 01:04:30 +0100: Memory Usage (454412K) : norcx_drw has 0 polygons
2026-03-28 01:04:30 +0100: Memory Usage (454412K) : norcx_m2m3 has 0 polygons
2026-03-28 01:04:30 +0100: Memory Usage (454540K) : norcx_m2m4 has 0 polygons
2026-03-28 01:04:30 +0100: Memory Usage (454540K) : norcx_m2m5 has 0 polygons
2026-03-28 01:04:30 +0100: Memory Usage (454540K) : norcx_m2tm1 has 0 polygons
2026-03-28 01:04:30 +0100: Memory Usage (454540K) : norcx_m2tm2 has 0 polygons
2026-03-28 01:04:30 +0100: Memory Usage (454668K) : norcx_m3m4 has 0 polygons
2026-03-28 01:04:30 +0100: Memory Usage (454668K) : norcx_m3m5 has 0 polygons
2026-03-28 01:04:30 +0100: Memory Usage (454668K) : norcx_m3tm1 has 0 polygons
2026-03-28 01:04:30 +0100: Memory Usage (454796K) : norcx_m3tm2 has 0 polygons
2026-03-28 01:04:30 +0100: Memory Usage (454796K) : norcx_m4m5 has 0 polygons
2026-03-28 01:04:30 +0100: Memory Usage (454796K) : norcx_m4tm1 has 0 polygons
2026-03-28 01:04:30 +0100: Memory Usage (454796K) : norcx_m4tm2 has 0 polygons
2026-03-28 01:04:30 +0100: Memory Usage (454924K) : norcx_m5tm1 has 0 polygons
2026-03-28 01:04:30 +0100: Memory Usage (454924K) : norcx_m5tm2 has 0 polygons
2026-03-28 01:04:30 +0100: Memory Usage (454924K) : norcx_tm1tm2 has 0 polygons
2026-03-28 01:04:30 +0100: Memory Usage (455052K) : norcx_m1sub has 0 polygons
2026-03-28 01:04:30 +0100: Memory Usage (455052K) : norcx_m2sub has 0 polygons
2026-03-28 01:04:30 +0100: Memory Usage (455052K) : norcx_m3sub has 0 polygons
2026-03-28 01:04:30 +0100: Memory Usage (455180K) : norcx_m4sub has 0 polygons
2026-03-28 01:04:30 +0100: Memory Usage (455180K) : norcx_m5sub has 0 polygons
2026-03-28 01:04:30 +0100: Memory Usage (455180K) : norcx_tm1sub has 0 polygons
2026-03-28 01:04:30 +0100: Memory Usage (455180K) : norcx_tm2sub has 0 polygons
2026-03-28 01:04:30 +0100: Memory Usage (455308K) : snsbotvia_drw has 0 polygons
2026-03-28 01:04:30 +0100: Memory Usage (455308K) : snstopvia_drw has 0 polygons
2026-03-28 01:04:30 +0100: Memory Usage (455308K) : deepvia_drw has 0 polygons
2026-03-28 01:04:30 +0100: Memory Usage (455436K) : fgetch_drw has 0 polygons
2026-03-28 01:04:30 +0100: Memory Usage (455436K) : ctrgat_drw has 0 polygons
2026-03-28 01:04:30 +0100: Memory Usage (455436K) : fgimp_drw has 0 polygons
2026-03-28 01:04:30 +0100: Memory Usage (455564K) : emwihv_drw has 0 polygons
2026-03-28 01:04:30 +0100: Memory Usage (455564K) : lbe_drw has 0 polygons
2026-03-28 01:04:30 +0100: Memory Usage (455564K) : alcustop_drw has 0 polygons
2026-03-28 01:04:30 +0100: Memory Usage (455564K) : nometfiller_drw has 10 polygons
2026-03-28 01:04:30 +0100: Memory Usage (455692K) : prboundary_drw has 0 polygons
2026-03-28 01:04:30 +0100: Memory Usage (455692K) : exchange0_drw has 0 polygons
2026-03-28 01:04:30 +0100: Memory Usage (455820K) : exchange0_pin has 0 polygons
2026-03-28 01:04:30 +0100: Memory Usage (455820K) : exchange0_text has 0 polygons
2026-03-28 01:04:30 +0100: Memory Usage (455820K) : exchange1_drw has 0 polygons
2026-03-28 01:04:30 +0100: Memory Usage (455948K) : exchange1_pin has 0 polygons
2026-03-28 01:04:30 +0100: Memory Usage (455948K) : exchange1_text has 0 polygons
2026-03-28 01:04:30 +0100: Memory Usage (456076K) : exchange2_drw has 0 polygons
2026-03-28 01:04:30 +0100: Memory Usage (456076K) : exchange2_pin has 0 polygons
2026-03-28 01:04:30 +0100: Memory Usage (456204K) : exchange2_text has 0 polygons
2026-03-28 01:04:30 +0100: Memory Usage (456204K) : exchange3_drw has 0 polygons
2026-03-28 01:04:30 +0100: Memory Usage (456204K) : exchange3_pin has 0 polygons
2026-03-28 01:04:30 +0100: Memory Usage (456204K) : exchange3_text has 0 polygons
2026-03-28 01:04:30 +0100: Memory Usage (456204K) : exchange4_drw has 0 polygons
2026-03-28 01:04:30 +0100: Memory Usage (456204K) : exchange4_pin has 0 polygons
2026-03-28 01:04:30 +0100: Memory Usage (456204K) : exchange4_text has 0 polygons
2026-03-28 01:04:30 +0100: Memory Usage (456204K) : isonwell_drw has 0 polygons
2026-03-28 01:04:30 +0100: Memory Usage (456204K) : Total no. of polygons in the design is 23334
2026-03-28 01:04:30 +0100: Memory Usage (456204K) : Loaded TECH DRC rules values from /foss/pdks/ihp-sg13g2/libs.tech/klayout/python/sg13g2_pycell_lib/sg13g2_tech_mod.json
2026-03-28 01:04:30 +0100: Memory Usage (456204K) : Loaded default DRC rules values from /foss/pdks/ihp-sg13g2/libs.tech/klayout/tech/drc/rule_decks/sg13g2_tech_default.json
2026-03-28 01:04:30 +0100: Memory Usage (456204K) : The following rules values were missing in tech json and default values were used:
2026-03-28 01:04:30 +0100: Memory Usage (456204K) :   - Cnt_c_digibnd
2026-03-28 01:04:30 +0100: Memory Usage (457696K) : Total area of the design is 10889.0551 um^2.
2026-03-28 01:04:30 +0100: Memory Usage (457696K) : The design dimensions are 118.34 µm * 92.015 µm.
2026-03-28 01:04:30 +0100: Memory Usage (457696K) : Starting general IHP-SG13G2 derivations.
2026-03-28 01:04:30 +0100: Memory Usage (457696K) : Starting Pwell derivations
2026-03-28 01:04:30 +0100: Memory Usage (460196K) : Starting n-Activ derivations
2026-03-28 01:04:30 +0100: Memory Usage (460632K) : Starting p-Activ derivations
2026-03-28 01:04:30 +0100: Memory Usage (460632K) : Starting ptap derivations
2026-03-28 01:04:30 +0100: Memory Usage (460632K) : Starting ntap derivations
2026-03-28 01:04:30 +0100: Memory Usage (460760K) : Starting pact FET derivations
2026-03-28 01:04:30 +0100: Memory Usage (460760K) : Starting nact FET derivations
2026-03-28 01:04:30 +0100: Memory Usage (460888K) : Starting Gate derivations
2026-03-28 01:04:30 +0100: Memory Usage (461144K) : Starting cont/contbar general derivations
2026-03-28 01:04:31 +0100: Memory Usage (463832K) : Starting pad general derivations
2026-03-28 01:04:31 +0100: Memory Usage (463832K) : Starting IHP-SG13G2 DRC connectivity related derivations.
2026-03-28 01:04:31 +0100: Memory Usage (464216K) : Starting IHP-SG13G2 DRC connectivity setup
2026-03-28 01:04:31 +0100: Memory Usage (465372K) : Starting IHP-SG13G2 DRC rules.
2026-03-28 01:04:31 +0100: Memory Usage (465372K) : Running all FEOL rules
2026-03-28 01:04:31 +0100: Memory Usage (465372K) : Running all BEOL rules
2026-03-28 01:04:31 +0100: Memory Usage (465372K) : Running all PIN rules
2026-03-28 01:04:31 +0100: Memory Usage (465372K) : Running all FORBIDDEN rules
2026-03-28 01:04:31 +0100: Memory Usage (465372K) : Starting 5.1 NWell table
2026-03-28 01:04:31 +0100: Memory Usage (465372K) : Executing rule NW.b
2026-03-28 01:04:31 +0100: Memory Usage (465964K) : Executing rule NW.b1
2026-03-28 01:04:31 +0100: Memory Usage (466092K) : Starting 5.2 PWell:block
2026-03-28 01:04:31 +0100: Memory Usage (466092K) : Executing rule PWB.e
2026-03-28 01:04:31 +0100: Memory Usage (466092K) : Executing rule PWB.e1
2026-03-28 01:04:31 +0100: Memory Usage (466092K) : Executing rule PWB.f
2026-03-28 01:04:31 +0100: Memory Usage (466092K) : Executing rule PWB.f1
2026-03-28 01:04:31 +0100: Memory Usage (466092K) : Starting 5.3 nBuLay table
2026-03-28 01:04:31 +0100: Memory Usage (466092K) : Executing rule NBL.b
2026-03-28 01:04:31 +0100: Memory Usage (466092K) : Executing rule NBL.c
2026-03-28 01:04:31 +0100: Memory Usage (466092K) : Executing rule NBL.d
2026-03-28 01:04:31 +0100: Memory Usage (466092K) : Executing rule NBL.e
2026-03-28 01:04:31 +0100: Memory Usage (466092K) : Executing rule NBL.f
2026-03-28 01:04:31 +0100: Memory Usage (466092K) : Starting 5.5. Activ table
2026-03-28 01:04:31 +0100: Memory Usage (466092K) : Executing rule Act.a
2026-03-28 01:04:31 +0100: Memory Usage (466092K) : Executing rule Act.b
2026-03-28 01:04:31 +0100: Memory Usage (466092K) : Starting 5.6 Activ:filler table
2026-03-28 01:04:31 +0100: Memory Usage (466264K) : Executing rule AFil.c1
2026-03-28 01:04:31 +0100: Memory Usage (466264K) : Executing rule AFil.c
2026-03-28 01:04:31 +0100: Memory Usage (466264K) : Executing rule AFil.d
2026-03-28 01:04:31 +0100: Memory Usage (466264K) : Executing rule AFil.e
2026-03-28 01:04:31 +0100: Memory Usage (466264K) : Executing rule AFil.j
2026-03-28 01:04:31 +0100: Memory Usage (466264K) : Starting 5.7. ThickGateOx table
2026-03-28 01:04:31 +0100: Memory Usage (466264K) : Executing rule TGO.f
2026-03-28 01:04:31 +0100: Memory Usage (466264K) : Starting 5.8. GatPoly table
2026-03-28 01:04:31 +0100: Memory Usage (466264K) : Executing rule Gat.a
2026-03-28 01:04:31 +0100: Memory Usage (466264K) : Executing rule Gat.b
2026-03-28 01:04:31 +0100: Memory Usage (466392K) : Executing rule Gat.d
2026-03-28 01:04:31 +0100: Memory Usage (466392K) : Executing rule Gat.a1
2026-03-28 01:04:31 +0100: Memory Usage (466536K) : Executing rule Gat.a2
2026-03-28 01:04:31 +0100: Memory Usage (466536K) : Executing rule Gat.g
2026-03-28 01:04:31 +0100: Memory Usage (466536K) : Starting 5.9 GatPoly:filler
2026-03-28 01:04:31 +0100: Memory Usage (466536K) : Executing rule GFil.d
2026-03-28 01:04:31 +0100: Memory Usage (466536K) : Executing rule GFil.e
2026-03-28 01:04:31 +0100: Memory Usage (466536K) : Executing rule GFil.i
2026-03-28 01:04:31 +0100: Memory Usage (466536K) : Starting 5.10 pSD table
2026-03-28 01:04:31 +0100: Memory Usage (466536K) : Executing rule pSD.c1
2026-03-28 01:04:31 +0100: Memory Usage (466536K) : Starting 5.14. Cont table
2026-03-28 01:04:31 +0100: Memory Usage (466536K) : Executing rule Cnt.a
2026-03-28 01:04:31 +0100: Memory Usage (466536K) : Executing rule Cnt.b
2026-03-28 01:04:31 +0100: Memory Usage (466536K) : Executing rule Cnt.c
2026-03-28 01:04:31 +0100: Memory Usage (466536K) : Executing rule Cnt.c
2026-03-28 01:04:31 +0100: Memory Usage (466536K) : Executing rule Cnt.d
2026-03-28 01:04:31 +0100: Memory Usage (466536K) : Executing rule Cnt.e
2026-03-28 01:04:31 +0100: Memory Usage (466536K) : Executing rule Cnt.g1
2026-03-28 01:04:31 +0100: Memory Usage (466536K) : Executing rule Cnt.g2
2026-03-28 01:04:31 +0100: Memory Usage (466536K) : Starting 5.15. ContBar table
2026-03-28 01:04:31 +0100: Memory Usage (466536K) : Executing rule CntB.b1
2026-03-28 01:04:31 +0100: Memory Usage (466536K) : Executing rule CntB.h1
2026-03-28 01:04:31 +0100: Memory Usage (466536K) : Starting 6.1.3 NPN Substrate-Tie table
2026-03-28 01:04:31 +0100: Memory Usage (466536K) : Executing rule npn13G2.bR 
2026-03-28 01:04:31 +0100: Memory Usage (466536K) : Executing rule npn13G2L.cR 
2026-03-28 01:04:31 +0100: Memory Usage (466536K) : Executing rule npn13G2V.cR 
2026-03-28 01:04:31 +0100: Memory Usage (466536K) : Starting 6.7 Schottky diode table
2026-03-28 01:04:31 +0100: Memory Usage (466536K) : Executing rule Sdiod.d
2026-03-28 01:04:31 +0100: Memory Usage (466536K) : Executing rule Sdiod.e
2026-03-28 01:04:31 +0100: Memory Usage (466536K) : Starting 7.2 Latch-up table
2026-03-28 01:04:31 +0100: Memory Usage (466536K) : Executing rule LU.b
2026-03-28 01:04:31 +0100: Memory Usage (466536K) : Starting 5.16. Metal1 table
2026-03-28 01:04:31 +0100: Memory Usage (466536K) : Executing rule M1.a
2026-03-28 01:04:31 +0100: Memory Usage (466536K) : Executing rule M1.b
2026-03-28 01:04:31 +0100: Memory Usage (466664K) : Executing rule M1.e
2026-03-28 01:04:31 +0100: Memory Usage (466664K) : Executing rule M1.f
2026-03-28 01:04:31 +0100: Memory Usage (466664K) : Executing rule M1.g
2026-03-28 01:04:31 +0100: Memory Usage (466792K) : Executing rule M1.i
2026-03-28 01:04:31 +0100: Memory Usage (466792K) : Starting 5.17 Metaln table
2026-03-28 01:04:31 +0100: Memory Usage (466792K) : Executing rule M2.a
2026-03-28 01:04:31 +0100: Memory Usage (466792K) : Executing rule M2.b
2026-03-28 01:04:32 +0100: Memory Usage (466792K) : Executing rule M2.e
2026-03-28 01:04:32 +0100: Memory Usage (466792K) : Executing rule M2.f
2026-03-28 01:04:32 +0100: Memory Usage (466792K) : Executing rule M2.g
2026-03-28 01:04:32 +0100: Memory Usage (466792K) : Executing rule M2.i
2026-03-28 01:04:32 +0100: Memory Usage (466792K) : Executing rule M3.a
2026-03-28 01:04:32 +0100: Memory Usage (466792K) : Executing rule M3.b
2026-03-28 01:04:32 +0100: Memory Usage (466792K) : Executing rule M3.e
2026-03-28 01:04:32 +0100: Memory Usage (466792K) : Executing rule M3.f
2026-03-28 01:04:32 +0100: Memory Usage (466792K) : Executing rule M3.g
2026-03-28 01:04:32 +0100: Memory Usage (466792K) : Executing rule M3.i
2026-03-28 01:04:32 +0100: Memory Usage (466792K) : Executing rule M4.a
2026-03-28 01:04:32 +0100: Memory Usage (466792K) : Executing rule M4.b
2026-03-28 01:04:32 +0100: Memory Usage (466792K) : Executing rule M4.e
2026-03-28 01:04:32 +0100: Memory Usage (466792K) : Executing rule M4.f
2026-03-28 01:04:32 +0100: Memory Usage (466792K) : Executing rule M4.g
2026-03-28 01:04:32 +0100: Memory Usage (466792K) : Executing rule M4.i
2026-03-28 01:04:32 +0100: Memory Usage (466792K) : Executing rule M5.a
2026-03-28 01:04:32 +0100: Memory Usage (466792K) : Executing rule M5.b
2026-03-28 01:04:32 +0100: Memory Usage (466792K) : Executing rule M5.e
2026-03-28 01:04:32 +0100: Memory Usage (466792K) : Executing rule M5.f
2026-03-28 01:04:32 +0100: Memory Usage (466792K) : Executing rule M5.g
2026-03-28 01:04:32 +0100: Memory Usage (466792K) : Executing rule M5.i
2026-03-28 01:04:32 +0100: Memory Usage (466792K) : Starting 5.18 Metaln:filler table
2026-03-28 01:04:32 +0100: Memory Usage (466792K) : Executing rule M1Fil.c
2026-03-28 01:04:32 +0100: Memory Usage (466792K) : Executing rule M1Fil.a2
2026-03-28 01:04:32 +0100: Memory Usage (466792K) : Executing rule M2Fil.c
2026-03-28 01:04:32 +0100: Memory Usage (466792K) : Executing rule M2Fil.a2
2026-03-28 01:04:32 +0100: Memory Usage (466792K) : Executing rule M3Fil.c
2026-03-28 01:04:32 +0100: Memory Usage (466792K) : Executing rule M3Fil.a2
2026-03-28 01:04:32 +0100: Memory Usage (466792K) : Executing rule M4Fil.c
2026-03-28 01:04:32 +0100: Memory Usage (466792K) : Executing rule M4Fil.a2
2026-03-28 01:04:32 +0100: Memory Usage (466792K) : Executing rule M5Fil.c
2026-03-28 01:04:32 +0100: Memory Usage (466792K) : Executing rule M5Fil.a2
2026-03-28 01:04:32 +0100: Memory Usage (466792K) : Starting 5.19. Via1 table
2026-03-28 01:04:32 +0100: Memory Usage (466792K) : Starting 5.19. Via1 table derivations
2026-03-28 01:04:32 +0100: Memory Usage (466792K) : Executing rule V1.a
2026-03-28 01:04:32 +0100: Memory Usage (466792K) : Executing rule V1.b
2026-03-28 01:04:32 +0100: Memory Usage (466792K) : Executing rule V1.c
2026-03-28 01:04:32 +0100: Memory Usage (466792K) : Starting 5.20. Vian table
2026-03-28 01:04:32 +0100: Memory Usage (466792K) : Executing rule V2.a
2026-03-28 01:04:32 +0100: Memory Usage (466792K) : Executing rule V2.b
2026-03-28 01:04:32 +0100: Memory Usage (466792K) : Executing rule V2.c
2026-03-28 01:04:32 +0100: Memory Usage (466792K) : Executing rule V3.a
2026-03-28 01:04:32 +0100: Memory Usage (466792K) : Executing rule V3.b
2026-03-28 01:04:32 +0100: Memory Usage (466792K) : Executing rule V3.c
2026-03-28 01:04:32 +0100: Memory Usage (466792K) : Executing rule V4.a
2026-03-28 01:04:32 +0100: Memory Usage (466792K) : Executing rule V4.b
2026-03-28 01:04:32 +0100: Memory Usage (466792K) : Executing rule V4.c
2026-03-28 01:04:32 +0100: Memory Usage (466792K) : Starting 5.21. TopVia1 table
2026-03-28 01:04:32 +0100: Memory Usage (466792K) : Executing rule TV1.a
2026-03-28 01:04:32 +0100: Memory Usage (466792K) : Executing rule TV1.b
2026-03-28 01:04:32 +0100: Memory Usage (466792K) : Executing rule TV1.c
2026-03-28 01:04:32 +0100: Memory Usage (466792K) : Executing rule TV1.d
2026-03-28 01:04:32 +0100: Memory Usage (466792K) : Starting 5.22. TopMetal1 table
2026-03-28 01:04:32 +0100: Memory Usage (466792K) : Executing rule TM1.a
2026-03-28 01:04:32 +0100: Memory Usage (466792K) : Executing rule TM1.b
2026-03-28 01:04:32 +0100: Memory Usage (466792K) : Starting 5.23 TopMetal1:filler table
2026-03-28 01:04:32 +0100: Memory Usage (466792K) : Executing rule TM1Fil.c
2026-03-28 01:04:32 +0100: Memory Usage (466792K) : Executing rule TM1Fil.a1
2026-03-28 01:04:32 +0100: Memory Usage (466792K) : Starting 5.24. TopVia2 table
2026-03-28 01:04:32 +0100: Memory Usage (466792K) : Executing rule TV2.a
2026-03-28 01:04:32 +0100: Memory Usage (466792K) : Executing rule TV2.b
2026-03-28 01:04:32 +0100: Memory Usage (466792K) : Executing rule TV2.c
2026-03-28 01:04:32 +0100: Memory Usage (466792K) : Executing rule TV2.d
2026-03-28 01:04:32 +0100: Memory Usage (466792K) : Starting 5.25. TopMetal2 table
2026-03-28 01:04:32 +0100: Memory Usage (466792K) : Executing rule TM2.a
2026-03-28 01:04:32 +0100: Memory Usage (466792K) : Executing rule TM2.b
2026-03-28 01:04:32 +0100: Memory Usage (466792K) : Executing rule TM2.bR
2026-03-28 01:04:32 +0100: Memory Usage (466792K) : Starting 5.26 TopMetal2:filler table
2026-03-28 01:04:32 +0100: Memory Usage (466792K) : Executing rule TM2Fil.c
2026-03-28 01:04:32 +0100: Memory Usage (466792K) : Executing rule TM2Fil.a1
2026-03-28 01:04:32 +0100: Memory Usage (466792K) : Starting 5.27. Passiv table
2026-03-28 01:04:32 +0100: Memory Usage (466792K) : Executing rule Pas.a
2026-03-28 01:04:32 +0100: Memory Usage (466792K) : Executing rule Pas.b
2026-03-28 01:04:32 +0100: Memory Usage (466792K) : Executing rule Pas.c
2026-03-28 01:04:32 +0100: Memory Usage (466792K) : Starting 6.9.2 Copper Pillar table
2026-03-28 01:04:32 +0100: Memory Usage (466792K) : Executing rule Padc.a
2026-03-28 01:04:32 +0100: Memory Usage (466792K) : Executing rule Padc.b
2026-03-28 01:04:32 +0100: Memory Usage (466792K) : Executing rule Padc.c
2026-03-28 01:04:32 +0100: Memory Usage (466792K) : Executing rule Padb.f
2026-03-28 01:04:32 +0100: Memory Usage (466792K) : Starting 6.9 Pad table
2026-03-28 01:04:32 +0100: Memory Usage (466792K) : Executing rule Pad.m
2026-03-28 01:04:32 +0100: Memory Usage (466792K) : Executing rule Pad.fR_M1
2026-03-28 01:04:32 +0100: Memory Usage (466792K) : Executing rule Pad.fR_M2
2026-03-28 01:04:32 +0100: Memory Usage (466792K) : Executing rule Pad.fR_M3
2026-03-28 01:04:32 +0100: Memory Usage (466792K) : Executing rule Pad.fR_M4
2026-03-28 01:04:32 +0100: Memory Usage (466792K) : Executing rule Pad.fR_M5
2026-03-28 01:04:32 +0100: Memory Usage (466792K) : Executing rule Pad.fR_TM1
2026-03-28 01:04:32 +0100: Memory Usage (466792K) : Executing rule Pad.fR_TM2
2026-03-28 01:04:32 +0100: Memory Usage (466792K) : Executing rule Pad.i
2026-03-28 01:04:32 +0100: Memory Usage (466792K) : Starting 6.9.1 Solder Bump
2026-03-28 01:04:32 +0100: Memory Usage (466792K) : Executing rule Padb.a
2026-03-28 01:04:32 +0100: Memory Usage (466792K) : Executing rule Padb.b
2026-03-28 01:04:32 +0100: Memory Usage (466792K) : Executing rule Padb.c
2026-03-28 01:04:32 +0100: Memory Usage (466792K) : Executing rule Padb.f
2026-03-28 01:04:32 +0100: Memory Usage (466792K) : Executing rule Padb.d
2026-03-28 01:04:32 +0100: Memory Usage (466792K) : Starting 6.10 Sealring table
2026-03-28 01:04:32 +0100: Memory Usage (466792K) : Executing rule Seal.l
2026-03-28 01:04:32 +0100: Memory Usage (466792K) : Executing rule Seal.n
2026-03-28 01:04:32 +0100: Memory Usage (466792K) : Executing rule seal.b_metal1
2026-03-28 01:04:32 +0100: Memory Usage (466792K) : Executing rule seal.b_metal2
2026-03-28 01:04:32 +0100: Memory Usage (466792K) : Executing rule seal.b_metal3
2026-03-28 01:04:32 +0100: Memory Usage (466792K) : Executing rule seal.b_metal4
2026-03-28 01:04:32 +0100: Memory Usage (466792K) : Executing rule seal.b_metal5
2026-03-28 01:04:32 +0100: Memory Usage (466792K) : Executing rule seal.b_topmetal1
2026-03-28 01:04:32 +0100: Memory Usage (466792K) : Executing rule seal.b_topmetal2
2026-03-28 01:04:32 +0100: Memory Usage (466792K) : Executing rule seal.b_activ
2026-03-28 01:04:32 +0100: Memory Usage (466792K) : Executing rule seal.b_psd
2026-03-28 01:04:32 +0100: Memory Usage (466792K) : Executing rule Seal.k
2026-03-28 01:04:32 +0100: Memory Usage (466792K) : Executing rule Seal.m
2026-03-28 01:04:32 +0100: Memory Usage (466792K) : Starting 6.11 MIM table
2026-03-28 01:04:32 +0100: Memory Usage (466792K) : Executing rule MIM.c
2026-03-28 01:04:32 +0100: Memory Usage (466792K) : Executing rule MIM.d
2026-03-28 01:04:32 +0100: Memory Usage (466792K) : Executing rule MIM.gR
2026-03-28 01:04:32 +0100: Memory Usage (466792K) : Starting 7.3 Metal Slits table
2026-03-28 01:04:32 +0100: Memory Usage (466792K) : Executing rule Slt.e1_M1
2026-03-28 01:04:32 +0100: Memory Usage (466920K) : Executing rule Slt.e1_M2
2026-03-28 01:04:32 +0100: Memory Usage (467048K) : Executing rule Slt.e1_M3
2026-03-28 01:04:32 +0100: Memory Usage (467176K) : Executing rule Slt.e1_M4
2026-03-28 01:04:32 +0100: Memory Usage (467304K) : Executing rule Slt.e1_M5
2026-03-28 01:04:32 +0100: Memory Usage (467432K) : Executing rule Slt.e1_TM1
2026-03-28 01:04:32 +0100: Memory Usage (467688K) : Executing rule Slt.e1_TM2
2026-03-28 01:04:32 +0100: Memory Usage (467816K) : Starting 9.1. LBE table
2026-03-28 01:04:32 +0100: Memory Usage (467944K) : Executing rule LBE.a
2026-03-28 01:04:32 +0100: Memory Usage (468072K) : Executing rule LBE.b
2026-03-28 01:04:32 +0100: Memory Usage (468200K) : Executing rule LBE.b1
2026-03-28 01:04:32 +0100: Memory Usage (468200K) : Executing rule LBE.c
2026-03-28 01:04:32 +0100: Memory Usage (468456K) : Executing rule LBE.d
2026-03-28 01:04:32 +0100: Memory Usage (468584K) : Executing rule LBE.h
2026-03-28 01:04:32 +0100: Memory Usage (468712K) : Starting 7.4. PIN table
2026-03-28 01:04:32 +0100: Memory Usage (468712K) : Executing rule Pin.a
2026-03-28 01:04:32 +0100: Memory Usage (468840K) : Executing rule Pin.b
2026-03-28 01:04:32 +0100: Memory Usage (469096K) : Executing rule Pin.e
2026-03-28 01:04:32 +0100: Memory Usage (469224K) : Executing rule Pin.f_M2
2026-03-28 01:04:32 +0100: Memory Usage (469224K) : Executing rule Pin.f_M3
2026-03-28 01:04:32 +0100: Memory Usage (469224K) : Executing rule Pin.f_M4
2026-03-28 01:04:32 +0100: Memory Usage (469224K) : Executing rule Pin.f_M5
2026-03-28 01:04:32 +0100: Memory Usage (469224K) : Executing rule Pin.g
2026-03-28 01:04:32 +0100: Memory Usage (469224K) : Executing rule Pin.h
2026-03-28 01:04:32 +0100: Memory Usage (469224K) : Starting 3.2. FORBIDDEN table
2026-03-28 01:04:32 +0100: Memory Usage (469224K) : Executing rule forbidden.biwind
2026-03-28 01:04:32 +0100: Memory Usage (469224K) : Executing rule forbidden.pemwind
2026-03-28 01:04:32 +0100: Memory Usage (469224K) : Executing rule forbidden.baspoly
2026-03-28 01:04:32 +0100: Memory Usage (469224K) : Executing rule forbidden.deepco
2026-03-28 01:04:32 +0100: Memory Usage (469224K) : Executing rule forbidden.pempoly
2026-03-28 01:04:32 +0100: Memory Usage (469224K) : Executing rule forbidden.empoly
2026-03-28 01:04:32 +0100: Memory Usage (469224K) : Executing rule forbidden.ldmos
2026-03-28 01:04:32 +0100: Memory Usage (469224K) : Executing rule forbidden.pbiwind
2026-03-28 01:04:32 +0100: Memory Usage (469224K) : Executing rule forbidden.nodrc
2026-03-28 01:04:32 +0100: Memory Usage (469224K) : Executing rule forbidden.flash
2026-03-28 01:04:32 +0100: Memory Usage (469224K) : Executing rule forbidden.colwind
2026-03-28 01:04:32 +0100: Memory Usage (469224K) : KLayout DRC run for tables 'main' completed in 1.87 seconds
