# Logfile created on 2026-03-09 17:31:09 +0100 by logger.rb/v1.5.3
2026-03-09 17:31:09 +0100: Memory Usage (437432K) : Starting running IHP-SG13G2 KLayout DRC runset on /foss/designs/Layout2026/Clock_Extractor_2026.gds
2026-03-09 17:31:09 +0100: Memory Usage (437432K) : Ruby Version for klayout: 3.2.3
2026-03-09 17:31:09 +0100: Memory Usage (438584K) : Loading database to memory is complete.
2026-03-09 17:31:09 +0100: Memory Usage (438584K) : IHP-SG13G2 KLayout DRC runset output at: /foss/designs/drc_run_current_mirror2/Clock_Extractor_2026_current_mirror2_main.lyrdb
2026-03-09 17:31:09 +0100: Memory Usage (438712K) : Evaluate switches.
2026-03-09 17:31:09 +0100: Memory Usage (438712K) : tables selected: main
2026-03-09 17:31:09 +0100: Memory Usage (438712K) : KLayout will use 1 thread(s) in tiling mode.
2026-03-09 17:31:09 +0100: Memory Usage (438712K) : deep mode is enabled.
2026-03-09 17:31:09 +0100: Memory Usage (438840K) : FEOL enabled: true
2026-03-09 17:31:09 +0100: Memory Usage (438840K) : BEOL enabled: true
2026-03-09 17:31:09 +0100: Memory Usage (438840K) : OFFGRID enabled: true
2026-03-09 17:31:09 +0100: Memory Usage (438840K) : PIN enabled: true
2026-03-09 17:31:09 +0100: Memory Usage (438840K) : FORBIDDEN enabled: true
2026-03-09 17:31:09 +0100: Memory Usage (438840K) : RECOMMENDED enabled: true
2026-03-09 17:31:09 +0100: Memory Usage (438840K) : PreCheck DRC enabled: false
2026-03-09 17:31:09 +0100: Memory Usage (438840K) : CONNECTIVITY_RULES enabled: true.
2026-03-09 17:31:09 +0100: Memory Usage (438840K) : Read in polygons from layers.
2026-03-09 17:31:09 +0100: Memory Usage (439992K) : activ_drw has 15 polygons
2026-03-09 17:31:09 +0100: Memory Usage (439992K) : activ_pin has 0 polygons
2026-03-09 17:31:09 +0100: Memory Usage (439992K) : activ_mask has 0 polygons
2026-03-09 17:31:09 +0100: Memory Usage (439992K) : activ_filler has 0 polygons
2026-03-09 17:31:09 +0100: Memory Usage (439992K) : activ_nofill has 0 polygons
2026-03-09 17:31:09 +0100: Memory Usage (439992K) : activ_opc has 0 polygons
2026-03-09 17:31:09 +0100: Memory Usage (439992K) : activ_iopc has 0 polygons
2026-03-09 17:31:09 +0100: Memory Usage (439992K) : activ_noqrc has 0 polygons
2026-03-09 17:31:09 +0100: Memory Usage (439992K) : biwind_drw has 0 polygons
2026-03-09 17:31:09 +0100: Memory Usage (439992K) : biwind_opc has 0 polygons
2026-03-09 17:31:09 +0100: Memory Usage (439992K) : pemwind_drw has 0 polygons
2026-03-09 17:31:09 +0100: Memory Usage (439992K) : gatpoly_drw has 12 polygons
2026-03-09 17:31:09 +0100: Memory Usage (439992K) : gatpoly_pin has 1 polygons
2026-03-09 17:31:09 +0100: Memory Usage (439992K) : gatpoly_filler has 0 polygons
2026-03-09 17:31:09 +0100: Memory Usage (439992K) : gatpoly_nofill has 0 polygons
2026-03-09 17:31:09 +0100: Memory Usage (439992K) : gatpoly_opc has 0 polygons
2026-03-09 17:31:09 +0100: Memory Usage (439992K) : gatpoly_iopc has 0 polygons
2026-03-09 17:31:09 +0100: Memory Usage (439992K) : gatpoly_noqrc has 0 polygons
2026-03-09 17:31:09 +0100: Memory Usage (440120K) : cont_drw has 403 polygons
2026-03-09 17:31:09 +0100: Memory Usage (440120K) : cont_opc has 0 polygons
2026-03-09 17:31:09 +0100: Memory Usage (440120K) : nsd_drw has 0 polygons
2026-03-09 17:31:09 +0100: Memory Usage (440120K) : nsd_block has 0 polygons
2026-03-09 17:31:09 +0100: Memory Usage (440248K) : metal1_drw has 30 polygons
2026-03-09 17:31:09 +0100: Memory Usage (440248K) : metal1_pin has 2 polygons
2026-03-09 17:31:09 +0100: Memory Usage (440248K) : metal1_mask has 0 polygons
2026-03-09 17:31:09 +0100: Memory Usage (440504K) : metal1_filler has 0 polygons
2026-03-09 17:31:09 +0100: Memory Usage (440504K) : metal1_nofill has 0 polygons
2026-03-09 17:31:09 +0100: Memory Usage (440504K) : metal1_slit has 0 polygons
2026-03-09 17:31:09 +0100: Memory Usage (440632K) : metal1_text has 0 polygons
2026-03-09 17:31:09 +0100: Memory Usage (440760K) : metal1_opc has 0 polygons
2026-03-09 17:31:09 +0100: Memory Usage (440760K) : metal1_noqrc has 0 polygons
2026-03-09 17:31:09 +0100: Memory Usage (440760K) : metal1_res has 0 polygons
2026-03-09 17:31:09 +0100: Memory Usage (440888K) : metal1_iprobe has 0 polygons
2026-03-09 17:31:09 +0100: Memory Usage (440888K) : metal1_diffprb has 0 polygons
2026-03-09 17:31:09 +0100: Memory Usage (441016K) : passiv_drw has 0 polygons
2026-03-09 17:31:09 +0100: Memory Usage (441016K) : passiv_pin has 0 polygons
2026-03-09 17:31:09 +0100: Memory Usage (441016K) : passiv_sbump has 0 polygons
2026-03-09 17:31:09 +0100: Memory Usage (441144K) : passiv_pillar has 0 polygons
2026-03-09 17:31:09 +0100: Memory Usage (441144K) : passiv_pdl has 0 polygons
2026-03-09 17:31:09 +0100: Memory Usage (441272K) : metal2_drw has 4 polygons
2026-03-09 17:31:09 +0100: Memory Usage (441272K) : metal2_pin has 0 polygons
2026-03-09 17:31:09 +0100: Memory Usage (441400K) : metal2_mask has 0 polygons
2026-03-09 17:31:09 +0100: Memory Usage (441400K) : metal2_filler has 0 polygons
2026-03-09 17:31:09 +0100: Memory Usage (441400K) : metal2_nofill has 0 polygons
2026-03-09 17:31:09 +0100: Memory Usage (441528K) : metal2_slit has 0 polygons
2026-03-09 17:31:09 +0100: Memory Usage (441528K) : metal2_text has 0 polygons
2026-03-09 17:31:09 +0100: Memory Usage (441656K) : metal2_opc has 0 polygons
2026-03-09 17:31:09 +0100: Memory Usage (441656K) : metal2_noqrc has 0 polygons
2026-03-09 17:31:09 +0100: Memory Usage (441784K) : metal2_res has 0 polygons
2026-03-09 17:31:09 +0100: Memory Usage (441912K) : metal2_iprobe has 0 polygons
2026-03-09 17:31:09 +0100: Memory Usage (441912K) : metal2_diffprb has 0 polygons
2026-03-09 17:31:09 +0100: Memory Usage (441912K) : baspoly_drw has 0 polygons
2026-03-09 17:31:09 +0100: Memory Usage (442040K) : baspoly_pin has 0 polygons
2026-03-09 17:31:09 +0100: Memory Usage (442040K) : psd_drw has 8 polygons
2026-03-09 17:31:09 +0100: Memory Usage (442168K) : nldb_drw has 0 polygons
2026-03-09 17:31:09 +0100: Memory Usage (442168K) : digibnd_drw has 0 polygons
2026-03-09 17:31:09 +0100: Memory Usage (442168K) : via1_drw has 2 polygons
2026-03-09 17:31:09 +0100: Memory Usage (442296K) : backmetal1_drw has 0 polygons
2026-03-09 17:31:09 +0100: Memory Usage (442296K) : backmetal1_pin has 0 polygons
2026-03-09 17:31:09 +0100: Memory Usage (442424K) : backmetal1_mask has 0 polygons
2026-03-09 17:31:09 +0100: Memory Usage (442424K) : backmetal1_filler has 0 polygons
2026-03-09 17:31:09 +0100: Memory Usage (442552K) : backmetal1_nofill has 0 polygons
2026-03-09 17:31:09 +0100: Memory Usage (442552K) : backmetal1_slit has 0 polygons
2026-03-09 17:31:09 +0100: Memory Usage (442680K) : backmetal1_text has 0 polygons
2026-03-09 17:31:09 +0100: Memory Usage (442680K) : backmetal1_opc has 0 polygons
2026-03-09 17:31:09 +0100: Memory Usage (442680K) : backmetal1_noqrc has 0 polygons
2026-03-09 17:31:09 +0100: Memory Usage (442808K) : backmetal1_res has 0 polygons
2026-03-09 17:31:09 +0100: Memory Usage (442808K) : backmetal1_iprobe has 0 polygons
2026-03-09 17:31:09 +0100: Memory Usage (442936K) : backmetal1_diffprb has 0 polygons
2026-03-09 17:31:09 +0100: Memory Usage (442936K) : backpassiv_drw has 0 polygons
2026-03-09 17:31:09 +0100: Memory Usage (442936K) : res_drw has 0 polygons
2026-03-09 17:31:09 +0100: Memory Usage (443064K) : sram_drw has 0 polygons
2026-03-09 17:31:09 +0100: Memory Usage (443064K) : trans_drw has 0 polygons
2026-03-09 17:31:09 +0100: Memory Usage (443192K) : ind_drw has 0 polygons
2026-03-09 17:31:09 +0100: Memory Usage (443320K) : ind_pin has 0 polygons
2026-03-09 17:31:09 +0100: Memory Usage (443320K) : ind_text has 0 polygons
2026-03-09 17:31:09 +0100: Memory Usage (443448K) : salblock_drw has 0 polygons
2026-03-09 17:31:09 +0100: Memory Usage (443448K) : via2_drw has 0 polygons
2026-03-09 17:31:09 +0100: Memory Usage (443576K) : metal3_drw has 0 polygons
2026-03-09 17:31:09 +0100: Memory Usage (443576K) : metal3_pin has 0 polygons
2026-03-09 17:31:09 +0100: Memory Usage (443704K) : metal3_mask has 0 polygons
2026-03-09 17:31:09 +0100: Memory Usage (443704K) : metal3_filler has 0 polygons
2026-03-09 17:31:09 +0100: Memory Usage (443832K) : metal3_nofill has 0 polygons
2026-03-09 17:31:09 +0100: Memory Usage (443832K) : metal3_slit has 0 polygons
2026-03-09 17:31:09 +0100: Memory Usage (443832K) : metal3_text has 0 polygons
2026-03-09 17:31:09 +0100: Memory Usage (443960K) : metal3_opc has 0 polygons
2026-03-09 17:31:09 +0100: Memory Usage (443960K) : metal3_noqrc has 0 polygons
2026-03-09 17:31:09 +0100: Memory Usage (444088K) : metal3_res has 0 polygons
2026-03-09 17:31:09 +0100: Memory Usage (444088K) : metal3_iprobe has 0 polygons
2026-03-09 17:31:09 +0100: Memory Usage (444216K) : metal3_diffprb has 0 polygons
2026-03-09 17:31:09 +0100: Memory Usage (444344K) : nwell_drw has 0 polygons
2026-03-09 17:31:09 +0100: Memory Usage (444344K) : nwell_pin has 0 polygons
2026-03-09 17:31:09 +0100: Memory Usage (444344K) : nbulay_drw has 0 polygons
2026-03-09 17:31:09 +0100: Memory Usage (444472K) : nbulay_pin has 0 polygons
2026-03-09 17:31:09 +0100: Memory Usage (444472K) : nbulay_block has 0 polygons
2026-03-09 17:31:09 +0100: Memory Usage (444600K) : emwind_drw has 0 polygons
2026-03-09 17:31:09 +0100: Memory Usage (444728K) : emwind_opc has 0 polygons
2026-03-09 17:31:09 +0100: Memory Usage (444728K) : deepco_drw has 0 polygons
2026-03-09 17:31:09 +0100: Memory Usage (444728K) : deepco_drw has 0 polygons
2026-03-09 17:31:09 +0100: Memory Usage (444856K) : mim_drw has 0 polygons
2026-03-09 17:31:09 +0100: Memory Usage (444984K) : edgeseal_drw has 0 polygons
2026-03-09 17:31:09 +0100: Memory Usage (444984K) : edgeseal_bound has 0 polygons
2026-03-09 17:31:09 +0100: Memory Usage (445112K) : substrate_drw has 8 polygons
2026-03-09 17:31:09 +0100: Memory Usage (445112K) : substrate_text has 0 polygons
2026-03-09 17:31:09 +0100: Memory Usage (445240K) : dfpad_drw has 0 polygons
2026-03-09 17:31:09 +0100: Memory Usage (445240K) : dfpad_pillar has 0 polygons
2026-03-09 17:31:09 +0100: Memory Usage (445240K) : dfpad_sbump has 0 polygons
2026-03-09 17:31:09 +0100: Memory Usage (445368K) : thickgateox_drw has 1 polygons
2026-03-09 17:31:09 +0100: Memory Usage (445368K) : pldb_drw has 0 polygons
2026-03-09 17:31:09 +0100: Memory Usage (445496K) : pwell_drw has 0 polygons
2026-03-09 17:31:09 +0100: Memory Usage (445496K) : pwell_pin has 0 polygons
2026-03-09 17:31:09 +0100: Memory Usage (445496K) : pwell_block has 0 polygons
2026-03-09 17:31:09 +0100: Memory Usage (445624K) : ic_drw has 0 polygons
2026-03-09 17:31:09 +0100: Memory Usage (445624K) : via3_drw has 0 polygons
2026-03-09 17:31:09 +0100: Memory Usage (445752K) : metal4_drw has 0 polygons
2026-03-09 17:31:09 +0100: Memory Usage (445880K) : metal4_pin has 0 polygons
2026-03-09 17:31:09 +0100: Memory Usage (445880K) : metal4_mask has 0 polygons
2026-03-09 17:31:09 +0100: Memory Usage (446008K) : metal4_filler has 0 polygons
2026-03-09 17:31:09 +0100: Memory Usage (446008K) : metal4_nofill has 0 polygons
2026-03-09 17:31:09 +0100: Memory Usage (446008K) : metal4_slit has 0 polygons
2026-03-09 17:31:09 +0100: Memory Usage (446136K) : metal4_text has 0 polygons
2026-03-09 17:31:09 +0100: Memory Usage (446136K) : metal4_opc has 0 polygons
2026-03-09 17:31:09 +0100: Memory Usage (446264K) : metal4_noqrc has 0 polygons
2026-03-09 17:31:09 +0100: Memory Usage (446264K) : metal4_res has 0 polygons
2026-03-09 17:31:09 +0100: Memory Usage (446392K) : metal4_iprobe has 0 polygons
2026-03-09 17:31:09 +0100: Memory Usage (446392K) : metal4_diffprb has 0 polygons
2026-03-09 17:31:09 +0100: Memory Usage (446520K) : heattrans_drw has 5 polygons
2026-03-09 17:31:09 +0100: Memory Usage (446520K) : heatres_drw has 0 polygons
2026-03-09 17:31:09 +0100: Memory Usage (446648K) : pempoly_drw has 0 polygons
2026-03-09 17:31:09 +0100: Memory Usage (446648K) : fbe_drw has 0 polygons
2026-03-09 17:31:09 +0100: Memory Usage (446776K) : empoly_drw has 0 polygons
2026-03-09 17:31:09 +0100: Memory Usage (446904K) : ldmos_drw has 0 polygons
2026-03-09 17:31:09 +0100: Memory Usage (446904K) : pbiwind_drw has 0 polygons
2026-03-09 17:31:09 +0100: Memory Usage (446904K) : digisub_drw has 0 polygons
2026-03-09 17:31:09 +0100: Memory Usage (447032K) : nodrc_drw has 0 polygons
2026-03-09 17:31:09 +0100: Memory Usage (447032K) : text_drw has 2 polygons
2026-03-09 17:31:09 +0100: Memory Usage (447160K) : via4_drw has 0 polygons
2026-03-09 17:31:09 +0100: Memory Usage (447160K) : metal5_drw has 0 polygons
2026-03-09 17:31:09 +0100: Memory Usage (447288K) : metal5_pin has 0 polygons
2026-03-09 17:31:09 +0100: Memory Usage (447288K) : metal5_mask has 0 polygons
2026-03-09 17:31:09 +0100: Memory Usage (447288K) : metal5_filler has 0 polygons
2026-03-09 17:31:09 +0100: Memory Usage (447416K) : metal5_nofill has 0 polygons
2026-03-09 17:31:09 +0100: Memory Usage (447416K) : metal5_slit has 0 polygons
2026-03-09 17:31:09 +0100: Memory Usage (447544K) : metal5_text has 0 polygons
2026-03-09 17:31:09 +0100: Memory Usage (447544K) : metal5_opc has 0 polygons
2026-03-09 17:31:09 +0100: Memory Usage (447544K) : metal5_noqrc has 0 polygons
2026-03-09 17:31:09 +0100: Memory Usage (447672K) : metal5_res has 0 polygons
2026-03-09 17:31:09 +0100: Memory Usage (447672K) : metal5_iprobe has 0 polygons
2026-03-09 17:31:09 +0100: Memory Usage (447800K) : metal5_diffprb has 0 polygons
2026-03-09 17:31:09 +0100: Memory Usage (447928K) : radhard_drw has 0 polygons
2026-03-09 17:31:09 +0100: Memory Usage (447928K) : memcap_drw has 0 polygons
2026-03-09 17:31:09 +0100: Memory Usage (448056K) : varicap_drw has 0 polygons
2026-03-09 17:31:09 +0100: Memory Usage (448184K) : flash_drw has 0 polygons
2026-03-09 17:31:09 +0100: Memory Usage (448184K) : intbondvia_drw has 0 polygons
2026-03-09 17:31:09 +0100: Memory Usage (448184K) : intbondmet_drw has 0 polygons
2026-03-09 17:31:09 +0100: Memory Usage (448312K) : devbondvia_drw has 0 polygons
2026-03-09 17:31:09 +0100: Memory Usage (448312K) : devbondmet_drw has 0 polygons
2026-03-09 17:31:09 +0100: Memory Usage (448440K) : devtrench_drw has 0 polygons
2026-03-09 17:31:09 +0100: Memory Usage (448440K) : redist_drw has 0 polygons
2026-03-09 17:31:09 +0100: Memory Usage (448568K) : graphbot_drw has 0 polygons
2026-03-09 17:31:09 +0100: Memory Usage (448568K) : graphtop_drw has 0 polygons
2026-03-09 17:31:09 +0100: Memory Usage (448568K) : antvia1_drw has 0 polygons
2026-03-09 17:31:09 +0100: Memory Usage (448696K) : antmetal2_drw has 0 polygons
2026-03-09 17:31:09 +0100: Memory Usage (448696K) : graphcont_drw has 0 polygons
2026-03-09 17:31:09 +0100: Memory Usage (448824K) : siwg_drw has 0 polygons
2026-03-09 17:31:09 +0100: Memory Usage (448824K) : siwg_filler has 0 polygons
2026-03-09 17:31:09 +0100: Memory Usage (448824K) : siwg_nofill has 0 polygons
2026-03-09 17:31:09 +0100: Memory Usage (448952K) : sigrating_drw has 0 polygons
2026-03-09 17:31:09 +0100: Memory Usage (449080K) : singrating_drw has 0 polygons
2026-03-09 17:31:09 +0100: Memory Usage (449080K) : graphpas_drw has 0 polygons
2026-03-09 17:31:09 +0100: Memory Usage (449208K) : emwind3_drw has 0 polygons
2026-03-09 17:31:09 +0100: Memory Usage (449208K) : emwihv3_drw has 0 polygons
2026-03-09 17:31:09 +0100: Memory Usage (449336K) : redbulay_drw has 0 polygons
2026-03-09 17:31:09 +0100: Memory Usage (449336K) : smos_drw has 0 polygons
2026-03-09 17:31:09 +0100: Memory Usage (449336K) : graphpad_drw has 0 polygons
2026-03-09 17:31:09 +0100: Memory Usage (449464K) : polimide_drw has 0 polygons
2026-03-09 17:31:09 +0100: Memory Usage (449464K) : polimide_pin has 0 polygons
2026-03-09 17:31:09 +0100: Memory Usage (449592K) : recog_drw has 0 polygons
2026-03-09 17:31:09 +0100: Memory Usage (449720K) : recog_pin has 0 polygons
2026-03-09 17:31:09 +0100: Memory Usage (449720K) : recog_esd has 0 polygons
2026-03-09 17:31:09 +0100: Memory Usage (449848K) : recog_diode has 0 polygons
2026-03-09 17:31:09 +0100: Memory Usage (449848K) : recog_tsv has 0 polygons
2026-03-09 17:31:09 +0100: Memory Usage (449848K) : recog_iprobe has 0 polygons
2026-03-09 17:31:09 +0100: Memory Usage (449976K) : recog_diffprb has 0 polygons
2026-03-09 17:31:09 +0100: Memory Usage (449976K) : recog_pillar has 0 polygons
2026-03-09 17:31:09 +0100: Memory Usage (449976K) : recog_sbump has 0 polygons
2026-03-09 17:31:09 +0100: Memory Usage (450104K) : recog_otp has 0 polygons
2026-03-09 17:31:09 +0100: Memory Usage (450104K) : recog_pdiode has 0 polygons
2026-03-09 17:31:09 +0100: Memory Usage (450104K) : recog_mom has 0 polygons
2026-03-09 17:31:09 +0100: Memory Usage (450232K) : recog_pcm has 0 polygons
2026-03-09 17:31:09 +0100: Memory Usage (450232K) : colopen_drw has 0 polygons
2026-03-09 17:31:09 +0100: Memory Usage (450232K) : graphmetal1_drw has 0 polygons
2026-03-09 17:31:09 +0100: Memory Usage (450360K) : graphmetal1_filler has 0 polygons
2026-03-09 17:31:09 +0100: Memory Usage (450360K) : graphmetal1_nofill has 0 polygons
2026-03-09 17:31:09 +0100: Memory Usage (450360K) : graphmetal1_slit has 0 polygons
2026-03-09 17:31:09 +0100: Memory Usage (450360K) : graphmetal1_opc has 0 polygons
2026-03-09 17:31:09 +0100: Memory Usage (450488K) : graphmet1l_drw has 0 polygons
2026-03-09 17:31:09 +0100: Memory Usage (450488K) : graphmet1l_filler has 0 polygons
2026-03-09 17:31:09 +0100: Memory Usage (450488K) : graphmet1l_nofill has 0 polygons
2026-03-09 17:31:09 +0100: Memory Usage (450616K) : graphmet1l_slit has 0 polygons
2026-03-09 17:31:09 +0100: Memory Usage (450616K) : graphmet1l_opc has 0 polygons
2026-03-09 17:31:09 +0100: Memory Usage (450616K) : extblock_drw has 0 polygons
2026-03-09 17:31:09 +0100: Memory Usage (450616K) : nldd_drw has 0 polygons
2026-03-09 17:31:09 +0100: Memory Usage (450744K) : pldd_drw has 0 polygons
2026-03-09 17:31:09 +0100: Memory Usage (450744K) : next_drw has 0 polygons
2026-03-09 17:31:09 +0100: Memory Usage (450872K) : pext_drw has 0 polygons
2026-03-09 17:31:09 +0100: Memory Usage (450872K) : nexthv_drw has 0 polygons
2026-03-09 17:31:09 +0100: Memory Usage (451000K) : pexthv_drw has 0 polygons
2026-03-09 17:31:09 +0100: Memory Usage (451000K) : graphgate_drw has 0 polygons
2026-03-09 17:31:09 +0100: Memory Usage (451000K) : sinwg_drw has 0 polygons
2026-03-09 17:31:09 +0100: Memory Usage (451128K) : sinwg_filler has 0 polygons
2026-03-09 17:31:09 +0100: Memory Usage (451128K) : sinwg_nofill has 0 polygons
2026-03-09 17:31:09 +0100: Memory Usage (451256K) : mempad_drw has 0 polygons
2026-03-09 17:31:09 +0100: Memory Usage (451256K) : topvia1_drw has 0 polygons
2026-03-09 17:31:09 +0100: Memory Usage (451384K) : topmetal1_drw has 0 polygons
2026-03-09 17:31:09 +0100: Memory Usage (451384K) : topmetal1_pin has 0 polygons
2026-03-09 17:31:09 +0100: Memory Usage (451384K) : topmetal1_mask has 0 polygons
2026-03-09 17:31:09 +0100: Memory Usage (451512K) : topmetal1_filler has 0 polygons
2026-03-09 17:31:09 +0100: Memory Usage (451512K) : topmetal1_nofill has 0 polygons
2026-03-09 17:31:09 +0100: Memory Usage (451512K) : topmetal1_slit has 0 polygons
2026-03-09 17:31:09 +0100: Memory Usage (451640K) : topmetal1_text has 0 polygons
2026-03-09 17:31:09 +0100: Memory Usage (451640K) : topmetal1_noqrc has 0 polygons
2026-03-09 17:31:09 +0100: Memory Usage (451640K) : topmetal1_res has 0 polygons
2026-03-09 17:31:09 +0100: Memory Usage (451640K) : topmetal1_iprobe has 0 polygons
2026-03-09 17:31:09 +0100: Memory Usage (451768K) : topmetal1_diffprb has 0 polygons
2026-03-09 17:31:09 +0100: Memory Usage (451768K) : inldpwl_drw has 0 polygons
2026-03-09 17:31:09 +0100: Memory Usage (451768K) : polyres_drw has 0 polygons
2026-03-09 17:31:09 +0100: Memory Usage (451896K) : polyres_pin has 0 polygons
2026-03-09 17:31:09 +0100: Memory Usage (451896K) : vmim_drw has 0 polygons
2026-03-09 17:31:09 +0100: Memory Usage (452024K) : nbulaycut_drw has 0 polygons
2026-03-09 17:31:09 +0100: Memory Usage (452024K) : antmetal1_drw has 0 polygons
2026-03-09 17:31:09 +0100: Memory Usage (452024K) : topvia2_drw has 0 polygons
2026-03-09 17:31:09 +0100: Memory Usage (452152K) : topmetal2_drw has 0 polygons
2026-03-09 17:31:09 +0100: Memory Usage (452152K) : topmetal2_pin has 0 polygons
2026-03-09 17:31:09 +0100: Memory Usage (452280K) : topmetal2_mask has 0 polygons
2026-03-09 17:31:09 +0100: Memory Usage (452280K) : topmetal2_filler has 0 polygons
2026-03-09 17:31:09 +0100: Memory Usage (452280K) : topmetal2_nofill has 0 polygons
2026-03-09 17:31:09 +0100: Memory Usage (452408K) : topmetal2_slit has 0 polygons
2026-03-09 17:31:09 +0100: Memory Usage (452408K) : topmetal2_text has 0 polygons
2026-03-09 17:31:09 +0100: Memory Usage (452536K) : topmetal2_noqrc has 0 polygons
2026-03-09 17:31:09 +0100: Memory Usage (452536K) : topmetal2_res has 0 polygons
2026-03-09 17:31:09 +0100: Memory Usage (452664K) : topmetal2_iprobe has 0 polygons
2026-03-09 17:31:09 +0100: Memory Usage (452664K) : topmetal2_diffprb has 0 polygons
2026-03-09 17:31:09 +0100: Memory Usage (452664K) : snsring_drw has 0 polygons
2026-03-09 17:31:09 +0100: Memory Usage (452792K) : sensor_drw has 0 polygons
2026-03-09 17:31:09 +0100: Memory Usage (452792K) : snsarms_drw has 0 polygons
2026-03-09 17:31:09 +0100: Memory Usage (452920K) : snscmosvia_drw has 0 polygons
2026-03-09 17:31:09 +0100: Memory Usage (452920K) : colwind_drw has 0 polygons
2026-03-09 17:31:09 +0100: Memory Usage (452920K) : flm_drw has 0 polygons
2026-03-09 17:31:09 +0100: Memory Usage (453048K) : hafniumox_drw has 0 polygons
2026-03-09 17:31:09 +0100: Memory Usage (453048K) : memvia_drw has 0 polygons
2026-03-09 17:31:09 +0100: Memory Usage (453176K) : thinfilmres_drw has 0 polygons
2026-03-09 17:31:09 +0100: Memory Usage (453176K) : rfmem_drw has 0 polygons
2026-03-09 17:31:09 +0100: Memory Usage (453304K) : norcx_drw has 0 polygons
2026-03-09 17:31:09 +0100: Memory Usage (453304K) : norcx_m2m3 has 0 polygons
2026-03-09 17:31:09 +0100: Memory Usage (453432K) : norcx_m2m4 has 0 polygons
2026-03-09 17:31:09 +0100: Memory Usage (453432K) : norcx_m2m5 has 0 polygons
2026-03-09 17:31:09 +0100: Memory Usage (453432K) : norcx_m2tm1 has 0 polygons
2026-03-09 17:31:09 +0100: Memory Usage (453560K) : norcx_m2tm2 has 0 polygons
2026-03-09 17:31:09 +0100: Memory Usage (453560K) : norcx_m3m4 has 0 polygons
2026-03-09 17:31:09 +0100: Memory Usage (453688K) : norcx_m3m5 has 0 polygons
2026-03-09 17:31:09 +0100: Memory Usage (453688K) : norcx_m3tm1 has 0 polygons
2026-03-09 17:31:09 +0100: Memory Usage (453816K) : norcx_m3tm2 has 0 polygons
2026-03-09 17:31:09 +0100: Memory Usage (453816K) : norcx_m4m5 has 0 polygons
2026-03-09 17:31:09 +0100: Memory Usage (453816K) : norcx_m4tm1 has 0 polygons
2026-03-09 17:31:09 +0100: Memory Usage (453816K) : norcx_m4tm2 has 0 polygons
2026-03-09 17:31:09 +0100: Memory Usage (453816K) : norcx_m5tm1 has 0 polygons
2026-03-09 17:31:09 +0100: Memory Usage (453816K) : norcx_m5tm2 has 0 polygons
2026-03-09 17:31:09 +0100: Memory Usage (453944K) : norcx_tm1tm2 has 0 polygons
2026-03-09 17:31:09 +0100: Memory Usage (453944K) : norcx_m1sub has 0 polygons
2026-03-09 17:31:09 +0100: Memory Usage (453944K) : norcx_m2sub has 0 polygons
2026-03-09 17:31:09 +0100: Memory Usage (454072K) : norcx_m3sub has 0 polygons
2026-03-09 17:31:09 +0100: Memory Usage (454072K) : norcx_m4sub has 0 polygons
2026-03-09 17:31:09 +0100: Memory Usage (454072K) : norcx_m5sub has 0 polygons
2026-03-09 17:31:09 +0100: Memory Usage (454200K) : norcx_tm1sub has 0 polygons
2026-03-09 17:31:09 +0100: Memory Usage (454200K) : norcx_tm2sub has 0 polygons
2026-03-09 17:31:09 +0100: Memory Usage (454200K) : snsbotvia_drw has 0 polygons
2026-03-09 17:31:09 +0100: Memory Usage (454200K) : snstopvia_drw has 0 polygons
2026-03-09 17:31:09 +0100: Memory Usage (454328K) : deepvia_drw has 0 polygons
2026-03-09 17:31:09 +0100: Memory Usage (454328K) : fgetch_drw has 0 polygons
2026-03-09 17:31:09 +0100: Memory Usage (454328K) : ctrgat_drw has 0 polygons
2026-03-09 17:31:09 +0100: Memory Usage (454456K) : fgimp_drw has 0 polygons
2026-03-09 17:31:09 +0100: Memory Usage (454456K) : emwihv_drw has 0 polygons
2026-03-09 17:31:09 +0100: Memory Usage (454456K) : lbe_drw has 0 polygons
2026-03-09 17:31:09 +0100: Memory Usage (454584K) : alcustop_drw has 0 polygons
2026-03-09 17:31:09 +0100: Memory Usage (454584K) : nometfiller_drw has 0 polygons
2026-03-09 17:31:09 +0100: Memory Usage (454584K) : prboundary_drw has 0 polygons
2026-03-09 17:31:09 +0100: Memory Usage (454584K) : exchange0_drw has 0 polygons
2026-03-09 17:31:09 +0100: Memory Usage (454712K) : exchange0_pin has 0 polygons
2026-03-09 17:31:09 +0100: Memory Usage (454712K) : exchange0_text has 0 polygons
2026-03-09 17:31:09 +0100: Memory Usage (454712K) : exchange1_drw has 0 polygons
2026-03-09 17:31:09 +0100: Memory Usage (454840K) : exchange1_pin has 0 polygons
2026-03-09 17:31:09 +0100: Memory Usage (454840K) : exchange1_text has 0 polygons
2026-03-09 17:31:09 +0100: Memory Usage (454840K) : exchange2_drw has 0 polygons
2026-03-09 17:31:09 +0100: Memory Usage (454840K) : exchange2_pin has 0 polygons
2026-03-09 17:31:09 +0100: Memory Usage (454968K) : exchange2_text has 0 polygons
2026-03-09 17:31:09 +0100: Memory Usage (454968K) : exchange3_drw has 0 polygons
2026-03-09 17:31:09 +0100: Memory Usage (454968K) : exchange3_pin has 0 polygons
2026-03-09 17:31:09 +0100: Memory Usage (455096K) : exchange3_text has 0 polygons
2026-03-09 17:31:09 +0100: Memory Usage (455096K) : exchange4_drw has 0 polygons
2026-03-09 17:31:09 +0100: Memory Usage (455224K) : exchange4_pin has 0 polygons
2026-03-09 17:31:09 +0100: Memory Usage (455224K) : exchange4_text has 0 polygons
2026-03-09 17:31:09 +0100: Memory Usage (455224K) : isonwell_drw has 0 polygons
2026-03-09 17:31:09 +0100: Memory Usage (455224K) : Total no. of polygons in the design is 493
2026-03-09 17:31:09 +0100: Memory Usage (455352K) : Loaded TECH DRC rules values from /foss/pdks/ihp-sg13g2/libs.tech/klayout/python/sg13g2_pycell_lib/sg13g2_tech_mod.json
2026-03-09 17:31:09 +0100: Memory Usage (455352K) : Loaded default DRC rules values from /foss/pdks/ihp-sg13g2/libs.tech/klayout/tech/drc/rule_decks/sg13g2_tech_default.json
2026-03-09 17:31:09 +0100: Memory Usage (455352K) : The following rules values were missing in tech json and default values were used:
2026-03-09 17:31:09 +0100: Memory Usage (455352K) :   - Cnt_c_digibnd
2026-03-09 17:31:09 +0100: Memory Usage (456504K) : Total area of the design is 545.9521500000001 um^2.
2026-03-09 17:31:09 +0100: Memory Usage (456504K) : The design dimensions are 58.61 µm * 9.315 µm.
2026-03-09 17:31:09 +0100: Memory Usage (456504K) : Starting general IHP-SG13G2 derivations.
2026-03-09 17:31:09 +0100: Memory Usage (456504K) : Starting Pwell derivations
2026-03-09 17:31:09 +0100: Memory Usage (456888K) : Starting n-Activ derivations
2026-03-09 17:31:09 +0100: Memory Usage (458680K) : Starting p-Activ derivations
2026-03-09 17:31:09 +0100: Memory Usage (458680K) : Starting ptap derivations
2026-03-09 17:31:09 +0100: Memory Usage (458808K) : Starting ntap derivations
2026-03-09 17:31:09 +0100: Memory Usage (458808K) : Starting pact FET derivations
2026-03-09 17:31:09 +0100: Memory Usage (458808K) : Starting nact FET derivations
2026-03-09 17:31:09 +0100: Memory Usage (458936K) : Starting Gate derivations
2026-03-09 17:31:09 +0100: Memory Usage (459064K) : Starting cont/contbar general derivations
2026-03-09 17:31:09 +0100: Memory Usage (459320K) : Starting pad general derivations
2026-03-09 17:31:09 +0100: Memory Usage (459576K) : Starting IHP-SG13G2 DRC connectivity related derivations.
2026-03-09 17:31:09 +0100: Memory Usage (460472K) : Starting IHP-SG13G2 DRC connectivity setup
2026-03-09 17:31:09 +0100: Memory Usage (460984K) : Starting IHP-SG13G2 DRC rules.
2026-03-09 17:31:09 +0100: Memory Usage (460984K) : Running all FEOL rules
2026-03-09 17:31:09 +0100: Memory Usage (460984K) : Running all BEOL rules
2026-03-09 17:31:09 +0100: Memory Usage (460984K) : Running all PIN rules
2026-03-09 17:31:09 +0100: Memory Usage (460984K) : Running all FORBIDDEN rules
2026-03-09 17:31:09 +0100: Memory Usage (460984K) : Starting 5.1 NWell table
2026-03-09 17:31:09 +0100: Memory Usage (460984K) : Executing rule NW.b
2026-03-09 17:31:09 +0100: Memory Usage (461368K) : Executing rule NW.b1
2026-03-09 17:31:09 +0100: Memory Usage (461496K) : Starting 5.2 PWell:block
2026-03-09 17:31:09 +0100: Memory Usage (461496K) : Executing rule PWB.e
2026-03-09 17:31:09 +0100: Memory Usage (461624K) : Executing rule PWB.e1
2026-03-09 17:31:09 +0100: Memory Usage (461752K) : Executing rule PWB.f
2026-03-09 17:31:09 +0100: Memory Usage (462008K) : Executing rule PWB.f1
2026-03-09 17:31:09 +0100: Memory Usage (462520K) : Starting 5.3 nBuLay table
2026-03-09 17:31:09 +0100: Memory Usage (462648K) : Executing rule NBL.b
2026-03-09 17:31:09 +0100: Memory Usage (462648K) : Executing rule NBL.c
2026-03-09 17:31:09 +0100: Memory Usage (462648K) : Executing rule NBL.d
2026-03-09 17:31:09 +0100: Memory Usage (462648K) : Executing rule NBL.e
2026-03-09 17:31:09 +0100: Memory Usage (462648K) : Executing rule NBL.f
2026-03-09 17:31:09 +0100: Memory Usage (462648K) : Starting 5.5. Activ table
2026-03-09 17:31:09 +0100: Memory Usage (462648K) : Executing rule Act.a
2026-03-09 17:31:09 +0100: Memory Usage (462648K) : Executing rule Act.b
2026-03-09 17:31:09 +0100: Memory Usage (462904K) : Starting 5.6 Activ:filler table
2026-03-09 17:31:09 +0100: Memory Usage (462904K) : Executing rule AFil.c1
2026-03-09 17:31:09 +0100: Memory Usage (462904K) : Executing rule AFil.c
2026-03-09 17:31:09 +0100: Memory Usage (462904K) : Executing rule AFil.d
2026-03-09 17:31:09 +0100: Memory Usage (462904K) : Executing rule AFil.e
2026-03-09 17:31:09 +0100: Memory Usage (462904K) : Executing rule AFil.j
2026-03-09 17:31:09 +0100: Memory Usage (462904K) : Starting 5.7. ThickGateOx table
2026-03-09 17:31:09 +0100: Memory Usage (462904K) : Executing rule TGO.f
2026-03-09 17:31:09 +0100: Memory Usage (462904K) : Starting 5.8. GatPoly table
2026-03-09 17:31:09 +0100: Memory Usage (462904K) : Executing rule Gat.a
2026-03-09 17:31:09 +0100: Memory Usage (462904K) : Executing rule Gat.b
2026-03-09 17:31:09 +0100: Memory Usage (463032K) : Executing rule Gat.d
2026-03-09 17:31:09 +0100: Memory Usage (463032K) : Executing rule Gat.a1
2026-03-09 17:31:09 +0100: Memory Usage (463288K) : Executing rule Gat.a2
2026-03-09 17:31:09 +0100: Memory Usage (463288K) : Executing rule Gat.g
2026-03-09 17:31:09 +0100: Memory Usage (463288K) : Starting 5.9 GatPoly:filler
2026-03-09 17:31:09 +0100: Memory Usage (463288K) : Executing rule GFil.d
2026-03-09 17:31:09 +0100: Memory Usage (463288K) : Executing rule GFil.e
2026-03-09 17:31:09 +0100: Memory Usage (463288K) : Executing rule GFil.i
2026-03-09 17:31:09 +0100: Memory Usage (463288K) : Starting 5.10 pSD table
2026-03-09 17:31:09 +0100: Memory Usage (463288K) : Executing rule pSD.c1
2026-03-09 17:31:09 +0100: Memory Usage (463288K) : Starting 5.14. Cont table
2026-03-09 17:31:09 +0100: Memory Usage (463288K) : Executing rule Cnt.a
2026-03-09 17:31:09 +0100: Memory Usage (463288K) : Executing rule Cnt.b
2026-03-09 17:31:09 +0100: Memory Usage (463544K) : Executing rule Cnt.c
2026-03-09 17:31:09 +0100: Memory Usage (463544K) : Executing rule Cnt.c
2026-03-09 17:31:09 +0100: Memory Usage (463544K) : Executing rule Cnt.d
2026-03-09 17:31:09 +0100: Memory Usage (463544K) : Executing rule Cnt.e
2026-03-09 17:31:09 +0100: Memory Usage (463544K) : Executing rule Cnt.g1
2026-03-09 17:31:09 +0100: Memory Usage (463544K) : Executing rule Cnt.g2
2026-03-09 17:31:09 +0100: Memory Usage (463544K) : Starting 5.15. ContBar table
2026-03-09 17:31:09 +0100: Memory Usage (463544K) : Executing rule CntB.b1
2026-03-09 17:31:09 +0100: Memory Usage (463544K) : Executing rule CntB.h1
2026-03-09 17:31:09 +0100: Memory Usage (463544K) : Starting 6.1.3 NPN Substrate-Tie table
2026-03-09 17:31:09 +0100: Memory Usage (463544K) : Executing rule npn13G2.bR 
2026-03-09 17:31:09 +0100: Memory Usage (463544K) : Executing rule npn13G2L.cR 
2026-03-09 17:31:09 +0100: Memory Usage (463544K) : Executing rule npn13G2V.cR 
2026-03-09 17:31:09 +0100: Memory Usage (463544K) : Starting 6.7 Schottky diode table
2026-03-09 17:31:09 +0100: Memory Usage (463544K) : Executing rule Sdiod.d
2026-03-09 17:31:09 +0100: Memory Usage (463544K) : Executing rule Sdiod.e
2026-03-09 17:31:09 +0100: Memory Usage (463544K) : Starting 7.2 Latch-up table
2026-03-09 17:31:09 +0100: Memory Usage (463544K) : Executing rule LU.b
2026-03-09 17:31:09 +0100: Memory Usage (463544K) : Starting 5.16. Metal1 table
2026-03-09 17:31:09 +0100: Memory Usage (463544K) : Executing rule M1.a
2026-03-09 17:31:09 +0100: Memory Usage (463544K) : Executing rule M1.b
2026-03-09 17:31:09 +0100: Memory Usage (463544K) : Executing rule M1.e
2026-03-09 17:31:09 +0100: Memory Usage (463544K) : Executing rule M1.f
2026-03-09 17:31:09 +0100: Memory Usage (463544K) : Executing rule M1.g
2026-03-09 17:31:09 +0100: Memory Usage (463672K) : Executing rule M1.i
2026-03-09 17:31:09 +0100: Memory Usage (463928K) : Starting 5.17 Metaln table
2026-03-09 17:31:09 +0100: Memory Usage (463928K) : Executing rule M2.a
2026-03-09 17:31:09 +0100: Memory Usage (463928K) : Executing rule M2.b
2026-03-09 17:31:09 +0100: Memory Usage (464056K) : Executing rule M2.e
2026-03-09 17:31:09 +0100: Memory Usage (464312K) : Executing rule M2.f
2026-03-09 17:31:09 +0100: Memory Usage (464568K) : Executing rule M2.g
2026-03-09 17:31:09 +0100: Memory Usage (464952K) : Executing rule M2.i
2026-03-09 17:31:09 +0100: Memory Usage (465208K) : Executing rule M3.a
2026-03-09 17:31:09 +0100: Memory Usage (465336K) : Executing rule M3.b
2026-03-09 17:31:09 +0100: Memory Usage (465464K) : Executing rule M3.e
2026-03-09 17:31:09 +0100: Memory Usage (465720K) : Executing rule M3.f
2026-03-09 17:31:09 +0100: Memory Usage (465976K) : Executing rule M3.g
2026-03-09 17:31:09 +0100: Memory Usage (466360K) : Executing rule M3.i
2026-03-09 17:31:09 +0100: Memory Usage (466744K) : Executing rule M4.a
2026-03-09 17:31:09 +0100: Memory Usage (466872K) : Executing rule M4.b
2026-03-09 17:31:09 +0100: Memory Usage (467000K) : Executing rule M4.e
2026-03-09 17:31:09 +0100: Memory Usage (467256K) : Executing rule M4.f
2026-03-09 17:31:09 +0100: Memory Usage (467512K) : Executing rule M4.g
2026-03-09 17:31:09 +0100: Memory Usage (467768K) : Executing rule M4.i
2026-03-09 17:31:09 +0100: Memory Usage (468152K) : Executing rule M5.a
2026-03-09 17:31:09 +0100: Memory Usage (468280K) : Executing rule M5.b
2026-03-09 17:31:09 +0100: Memory Usage (468408K) : Executing rule M5.e
2026-03-09 17:31:09 +0100: Memory Usage (468664K) : Executing rule M5.f
2026-03-09 17:31:09 +0100: Memory Usage (469048K) : Executing rule M5.g
2026-03-09 17:31:09 +0100: Memory Usage (469432K) : Executing rule M5.i
2026-03-09 17:31:09 +0100: Memory Usage (469688K) : Starting 5.18 Metaln:filler table
2026-03-09 17:31:09 +0100: Memory Usage (469688K) : Executing rule M1Fil.c
2026-03-09 17:31:09 +0100: Memory Usage (469816K) : Executing rule M1Fil.a2
2026-03-09 17:31:09 +0100: Memory Usage (470072K) : Executing rule M2Fil.c
2026-03-09 17:31:09 +0100: Memory Usage (470200K) : Executing rule M2Fil.a2
2026-03-09 17:31:09 +0100: Memory Usage (470328K) : Executing rule M3Fil.c
2026-03-09 17:31:09 +0100: Memory Usage (470456K) : Executing rule M3Fil.a2
2026-03-09 17:31:09 +0100: Memory Usage (470584K) : Executing rule M4Fil.c
2026-03-09 17:31:09 +0100: Memory Usage (470712K) : Executing rule M4Fil.a2
2026-03-09 17:31:09 +0100: Memory Usage (470840K) : Executing rule M5Fil.c
2026-03-09 17:31:09 +0100: Memory Usage (471096K) : Executing rule M5Fil.a2
2026-03-09 17:31:09 +0100: Memory Usage (471096K) : Starting 5.19. Via1 table
2026-03-09 17:31:09 +0100: Memory Usage (471096K) : Starting 5.19. Via1 table derivations
2026-03-09 17:31:09 +0100: Memory Usage (471096K) : Executing rule V1.a
2026-03-09 17:31:09 +0100: Memory Usage (471096K) : Executing rule V1.b
2026-03-09 17:31:09 +0100: Memory Usage (471096K) : Executing rule V1.c
2026-03-09 17:31:09 +0100: Memory Usage (471096K) : Starting 5.20. Vian table
2026-03-09 17:31:09 +0100: Memory Usage (471096K) : Executing rule V2.a
2026-03-09 17:31:09 +0100: Memory Usage (471096K) : Executing rule V2.b
2026-03-09 17:31:09 +0100: Memory Usage (471096K) : Executing rule V2.c
2026-03-09 17:31:09 +0100: Memory Usage (471096K) : Executing rule V3.a
2026-03-09 17:31:09 +0100: Memory Usage (471096K) : Executing rule V3.b
2026-03-09 17:31:09 +0100: Memory Usage (471096K) : Executing rule V3.c
2026-03-09 17:31:09 +0100: Memory Usage (471096K) : Executing rule V4.a
2026-03-09 17:31:09 +0100: Memory Usage (471096K) : Executing rule V4.b
2026-03-09 17:31:09 +0100: Memory Usage (471096K) : Executing rule V4.c
2026-03-09 17:31:09 +0100: Memory Usage (471096K) : Starting 5.21. TopVia1 table
2026-03-09 17:31:09 +0100: Memory Usage (471096K) : Executing rule TV1.a
2026-03-09 17:31:09 +0100: Memory Usage (471096K) : Executing rule TV1.b
2026-03-09 17:31:09 +0100: Memory Usage (471096K) : Executing rule TV1.c
2026-03-09 17:31:09 +0100: Memory Usage (471096K) : Executing rule TV1.d
2026-03-09 17:31:09 +0100: Memory Usage (471096K) : Starting 5.22. TopMetal1 table
2026-03-09 17:31:09 +0100: Memory Usage (471096K) : Executing rule TM1.a
2026-03-09 17:31:09 +0100: Memory Usage (471096K) : Executing rule TM1.b
2026-03-09 17:31:09 +0100: Memory Usage (471096K) : Starting 5.23 TopMetal1:filler table
2026-03-09 17:31:09 +0100: Memory Usage (471096K) : Executing rule TM1Fil.c
2026-03-09 17:31:09 +0100: Memory Usage (471096K) : Executing rule TM1Fil.a1
2026-03-09 17:31:09 +0100: Memory Usage (471096K) : Starting 5.24. TopVia2 table
2026-03-09 17:31:09 +0100: Memory Usage (471096K) : Executing rule TV2.a
2026-03-09 17:31:09 +0100: Memory Usage (471096K) : Executing rule TV2.b
2026-03-09 17:31:09 +0100: Memory Usage (471096K) : Executing rule TV2.c
2026-03-09 17:31:09 +0100: Memory Usage (471096K) : Executing rule TV2.d
2026-03-09 17:31:09 +0100: Memory Usage (471096K) : Starting 5.25. TopMetal2 table
2026-03-09 17:31:09 +0100: Memory Usage (471096K) : Executing rule TM2.a
2026-03-09 17:31:09 +0100: Memory Usage (471096K) : Executing rule TM2.b
2026-03-09 17:31:09 +0100: Memory Usage (471096K) : Executing rule TM2.bR
2026-03-09 17:31:09 +0100: Memory Usage (471096K) : Starting 5.26 TopMetal2:filler table
2026-03-09 17:31:09 +0100: Memory Usage (471096K) : Executing rule TM2Fil.c
2026-03-09 17:31:09 +0100: Memory Usage (471096K) : Executing rule TM2Fil.a1
2026-03-09 17:31:09 +0100: Memory Usage (471096K) : Starting 5.27. Passiv table
2026-03-09 17:31:09 +0100: Memory Usage (471096K) : Executing rule Pas.a
2026-03-09 17:31:09 +0100: Memory Usage (471096K) : Executing rule Pas.b
2026-03-09 17:31:09 +0100: Memory Usage (471096K) : Executing rule Pas.c
2026-03-09 17:31:09 +0100: Memory Usage (471096K) : Starting 6.9.2 Copper Pillar table
2026-03-09 17:31:09 +0100: Memory Usage (471096K) : Executing rule Padc.a
2026-03-09 17:31:09 +0100: Memory Usage (471096K) : Executing rule Padc.b
2026-03-09 17:31:09 +0100: Memory Usage (471096K) : Executing rule Padc.c
2026-03-09 17:31:09 +0100: Memory Usage (471096K) : Executing rule Padb.f
2026-03-09 17:31:09 +0100: Memory Usage (471096K) : Starting 6.9 Pad table
2026-03-09 17:31:09 +0100: Memory Usage (471096K) : Executing rule Pad.m
2026-03-09 17:31:09 +0100: Memory Usage (471096K) : Executing rule Pad.fR_M1
2026-03-09 17:31:09 +0100: Memory Usage (471096K) : Executing rule Pad.fR_M2
2026-03-09 17:31:09 +0100: Memory Usage (471096K) : Executing rule Pad.fR_M3
2026-03-09 17:31:09 +0100: Memory Usage (471096K) : Executing rule Pad.fR_M4
2026-03-09 17:31:09 +0100: Memory Usage (471096K) : Executing rule Pad.fR_M5
2026-03-09 17:31:09 +0100: Memory Usage (471096K) : Executing rule Pad.fR_TM1
2026-03-09 17:31:09 +0100: Memory Usage (471096K) : Executing rule Pad.fR_TM2
2026-03-09 17:31:09 +0100: Memory Usage (471096K) : Executing rule Pad.i
2026-03-09 17:31:09 +0100: Memory Usage (471096K) : Starting 6.9.1 Solder Bump
2026-03-09 17:31:09 +0100: Memory Usage (471096K) : Executing rule Padb.a
2026-03-09 17:31:09 +0100: Memory Usage (471096K) : Executing rule Padb.b
2026-03-09 17:31:09 +0100: Memory Usage (471096K) : Executing rule Padb.c
2026-03-09 17:31:09 +0100: Memory Usage (471096K) : Executing rule Padb.f
2026-03-09 17:31:09 +0100: Memory Usage (471096K) : Executing rule Padb.d
2026-03-09 17:31:09 +0100: Memory Usage (471096K) : Starting 6.10 Sealring table
2026-03-09 17:31:09 +0100: Memory Usage (471096K) : Executing rule Seal.l
2026-03-09 17:31:09 +0100: Memory Usage (471096K) : Executing rule Seal.n
2026-03-09 17:31:09 +0100: Memory Usage (471096K) : Executing rule seal.b_metal1
2026-03-09 17:31:09 +0100: Memory Usage (471096K) : Executing rule seal.b_metal2
2026-03-09 17:31:09 +0100: Memory Usage (471096K) : Executing rule seal.b_metal3
2026-03-09 17:31:09 +0100: Memory Usage (471096K) : Executing rule seal.b_metal4
2026-03-09 17:31:09 +0100: Memory Usage (471096K) : Executing rule seal.b_metal5
2026-03-09 17:31:09 +0100: Memory Usage (471096K) : Executing rule seal.b_topmetal1
2026-03-09 17:31:09 +0100: Memory Usage (471096K) : Executing rule seal.b_topmetal2
2026-03-09 17:31:09 +0100: Memory Usage (471096K) : Executing rule seal.b_activ
2026-03-09 17:31:09 +0100: Memory Usage (471096K) : Executing rule seal.b_psd
2026-03-09 17:31:09 +0100: Memory Usage (471096K) : Executing rule Seal.k
2026-03-09 17:31:09 +0100: Memory Usage (471096K) : Executing rule Seal.m
2026-03-09 17:31:09 +0100: Memory Usage (471096K) : Starting 6.11 MIM table
2026-03-09 17:31:09 +0100: Memory Usage (471096K) : Executing rule MIM.c
2026-03-09 17:31:09 +0100: Memory Usage (471096K) : Executing rule MIM.d
2026-03-09 17:31:09 +0100: Memory Usage (471096K) : Executing rule MIM.gR
2026-03-09 17:31:09 +0100: Memory Usage (471096K) : Starting 7.3 Metal Slits table
2026-03-09 17:31:09 +0100: Memory Usage (471096K) : Executing rule Slt.e1_M1
2026-03-09 17:31:09 +0100: Memory Usage (471096K) : Executing rule Slt.e1_M2
2026-03-09 17:31:09 +0100: Memory Usage (471096K) : Executing rule Slt.e1_M3
2026-03-09 17:31:09 +0100: Memory Usage (471096K) : Executing rule Slt.e1_M4
2026-03-09 17:31:09 +0100: Memory Usage (471096K) : Executing rule Slt.e1_M5
2026-03-09 17:31:09 +0100: Memory Usage (471096K) : Executing rule Slt.e1_TM1
2026-03-09 17:31:09 +0100: Memory Usage (471096K) : Executing rule Slt.e1_TM2
2026-03-09 17:31:09 +0100: Memory Usage (471096K) : Starting 9.1. LBE table
2026-03-09 17:31:09 +0100: Memory Usage (471096K) : Executing rule LBE.a
2026-03-09 17:31:09 +0100: Memory Usage (471096K) : Executing rule LBE.b
2026-03-09 17:31:09 +0100: Memory Usage (471096K) : Executing rule LBE.b1
2026-03-09 17:31:09 +0100: Memory Usage (471096K) : Executing rule LBE.c
2026-03-09 17:31:09 +0100: Memory Usage (471096K) : Executing rule LBE.d
2026-03-09 17:31:09 +0100: Memory Usage (471096K) : Executing rule LBE.h
2026-03-09 17:31:09 +0100: Memory Usage (471096K) : Starting 7.4. PIN table
2026-03-09 17:31:09 +0100: Memory Usage (471096K) : Executing rule Pin.a
2026-03-09 17:31:09 +0100: Memory Usage (471096K) : Executing rule Pin.b
2026-03-09 17:31:09 +0100: Memory Usage (471096K) : Executing rule Pin.e
2026-03-09 17:31:09 +0100: Memory Usage (471096K) : Executing rule Pin.f_M2
2026-03-09 17:31:09 +0100: Memory Usage (471096K) : Executing rule Pin.f_M3
2026-03-09 17:31:09 +0100: Memory Usage (471096K) : Executing rule Pin.f_M4
2026-03-09 17:31:09 +0100: Memory Usage (471096K) : Executing rule Pin.f_M5
2026-03-09 17:31:09 +0100: Memory Usage (471096K) : Executing rule Pin.g
2026-03-09 17:31:09 +0100: Memory Usage (471096K) : Executing rule Pin.h
2026-03-09 17:31:09 +0100: Memory Usage (471096K) : Starting 3.2. FORBIDDEN table
2026-03-09 17:31:09 +0100: Memory Usage (471096K) : Executing rule forbidden.biwind
2026-03-09 17:31:09 +0100: Memory Usage (471096K) : Executing rule forbidden.pemwind
2026-03-09 17:31:09 +0100: Memory Usage (471096K) : Executing rule forbidden.baspoly
2026-03-09 17:31:09 +0100: Memory Usage (471096K) : Executing rule forbidden.deepco
2026-03-09 17:31:09 +0100: Memory Usage (471096K) : Executing rule forbidden.pempoly
2026-03-09 17:31:09 +0100: Memory Usage (471096K) : Executing rule forbidden.empoly
2026-03-09 17:31:09 +0100: Memory Usage (471096K) : Executing rule forbidden.ldmos
2026-03-09 17:31:09 +0100: Memory Usage (471096K) : Executing rule forbidden.pbiwind
2026-03-09 17:31:09 +0100: Memory Usage (471096K) : Executing rule forbidden.nodrc
2026-03-09 17:31:09 +0100: Memory Usage (471096K) : Executing rule forbidden.flash
2026-03-09 17:31:09 +0100: Memory Usage (471096K) : Executing rule forbidden.colwind
2026-03-09 17:31:09 +0100: Memory Usage (471096K) : KLayout DRC run for tables 'main' completed in 0.68 seconds
